
PE0 ===============
MAC_ROW_NUM_ZP = 48	MAC_ROW_NUM_ORG = 5
MAC_COL_NUM_ZP = 24	MAC_COL_NUM_ORG = 20
MAC_W_COL_NUM = 1

SHIFT    = 6
SHIFT_OS = 0
SHIFT_NL = 0

TOTAL I WITH ZERO-PADDING = 24
TOTAL O WITH ZERO-PADDING = 48

TOTAL WORD SIZE OF I  WITH ZERO-PADDING = 2
TOTAL WORD SIZE OF O  WITH ZERO-PADDING = 6
TOTAL WORD SIZE OF W  WITH ZERO-PADDING = 72
TOTAL WORD SIZE OF TO WITH ZERO-PADDING = 16

W_PREC = 06B	DATApWORD = 16
I_PREC = 08B	DATApWORD = 12
O_PREC = 12B	DATApWORD = 08
TO_PREC = 32B	DATApWORD = 03


DATA_TO TRACKING
	      0	      1	
      0	  47041	
      1	  47041	
      2	  47041	
      3	  47041	
      4	  47041	
      5	      0	
      6	      0	
      7	      0	
      8	      0	
      9	      0	
     10	      0	
     11	      0	
     12	      0	
     13	      0	
     14	      0	
     15	      0	
     16	      0	
     17	      0	
     18	      0	
     19	      0	
     20	      0	
     21	      0	
     22	      0	
     23	      0	
     24	      0	
     25	      0	
     26	      0	
     27	      0	
     28	      0	
     29	      0	
     30	      0	
     31	      0	
     32	      0	
     33	      0	
     34	      0	
     35	      0	
     36	      0	
     37	      0	
     38	      0	
     39	      0	
     40	      0	
     41	      0	
     42	      0	
     43	      0	
     44	      0	
     45	      0	
     46	      0	
     47	      0	

DATA_W	      0	      1	      2	      3	      4	      5	      6	      7	      8	      9	     10	     11	     12	     13	     14	     15	     16	     17	     18	     19	     20	     21	     22	     23	
      0	    -32	    -32	    -32	    -32	    -32	    -32	    -31	    -31	    -31	    -31	    -31	    -31	    -30	    -30	    -30	    -30	    -30	    -30	    -30	    -29	      0	      0	      0	      0	
      1	    -32	    -32	    -32	    -32	    -32	    -32	    -31	    -31	    -31	    -31	    -31	    -31	    -31	    -30	    -30	    -30	    -30	    -30	    -30	    -29	      0	      0	      0	      0	
      2	    -32	    -32	    -32	    -32	    -32	    -32	    -31	    -31	    -31	    -31	    -31	    -31	    -31	    -30	    -30	    -30	    -30	    -30	    -30	    -29	      0	      0	      0	      0	
      3	    -32	    -32	    -32	    -32	    -32	    -32	    -31	    -31	    -31	    -31	    -31	    -31	    -31	    -30	    -30	    -30	    -30	    -30	    -30	    -29	      0	      0	      0	      0	
      4	    -32	    -32	    -32	    -32	    -32	    -32	    -31	    -31	    -31	    -31	    -31	    -31	    -31	    -30	    -30	    -30	    -30	    -30	    -30	    -30	      0	      0	      0	      0	
      5	      0	      0	      0	      0	      0	      0	      0	      0	      0	      0	      0	      0	      0	      0	      0	      0	      0	      0	      0	      0	      0	      0	      0	      0	
      6	      0	      0	      0	      0	      0	      0	      0	      0	      0	      0	      0	      0	      0	      0	      0	      0	      0	      0	      0	      0	      0	      0	      0	      0	
      7	      0	      0	      0	      0	      0	      0	      0	      0	      0	      0	      0	      0	      0	      0	      0	      0	      0	      0	      0	      0	      0	      0	      0	      0	
      8	      0	      0	      0	      0	      0	      0	      0	      0	      0	      0	      0	      0	      0	      0	      0	      0	      0	      0	      0	      0	      0	      0	      0	      0	
      9	      0	      0	      0	      0	      0	      0	      0	      0	      0	      0	      0	      0	      0	      0	      0	      0	      0	      0	      0	      0	      0	      0	      0	      0	
     10	      0	      0	      0	      0	      0	      0	      0	      0	      0	      0	      0	      0	      0	      0	      0	      0	      0	      0	      0	      0	      0	      0	      0	      0	
     11	      0	      0	      0	      0	      0	      0	      0	      0	      0	      0	      0	      0	      0	      0	      0	      0	      0	      0	      0	      0	      0	      0	      0	      0	
     12	      0	      0	      0	      0	      0	      0	      0	      0	      0	      0	      0	      0	      0	      0	      0	      0	      0	      0	      0	      0	      0	      0	      0	      0	
     13	      0	      0	      0	      0	      0	      0	      0	      0	      0	      0	      0	      0	      0	      0	      0	      0	      0	      0	      0	      0	      0	      0	      0	      0	
     14	      0	      0	      0	      0	      0	      0	      0	      0	      0	      0	      0	      0	      0	      0	      0	      0	      0	      0	      0	      0	      0	      0	      0	      0	
     15	      0	      0	      0	      0	      0	      0	      0	      0	      0	      0	      0	      0	      0	      0	      0	      0	      0	      0	      0	      0	      0	      0	      0	      0	
     16	      0	      0	      0	      0	      0	      0	      0	      0	      0	      0	      0	      0	      0	      0	      0	      0	      0	      0	      0	      0	      0	      0	      0	      0	
     17	      0	      0	      0	      0	      0	      0	      0	      0	      0	      0	      0	      0	      0	      0	      0	      0	      0	      0	      0	      0	      0	      0	      0	      0	
     18	      0	      0	      0	      0	      0	      0	      0	      0	      0	      0	      0	      0	      0	      0	      0	      0	      0	      0	      0	      0	      0	      0	      0	      0	
     19	      0	      0	      0	      0	      0	      0	      0	      0	      0	      0	      0	      0	      0	      0	      0	      0	      0	      0	      0	      0	      0	      0	      0	      0	
     20	      0	      0	      0	      0	      0	      0	      0	      0	      0	      0	      0	      0	      0	      0	      0	      0	      0	      0	      0	      0	      0	      0	      0	      0	
     21	      0	      0	      0	      0	      0	      0	      0	      0	      0	      0	      0	      0	      0	      0	      0	      0	      0	      0	      0	      0	      0	      0	      0	      0	
     22	      0	      0	      0	      0	      0	      0	      0	      0	      0	      0	      0	      0	      0	      0	      0	      0	      0	      0	      0	      0	      0	      0	      0	      0	
     23	      0	      0	      0	      0	      0	      0	      0	      0	      0	      0	      0	      0	      0	      0	      0	      0	      0	      0	      0	      0	      0	      0	      0	      0	
     24	      0	      0	      0	      0	      0	      0	      0	      0	      0	      0	      0	      0	      0	      0	      0	      0	      0	      0	      0	      0	      0	      0	      0	      0	
     25	      0	      0	      0	      0	      0	      0	      0	      0	      0	      0	      0	      0	      0	      0	      0	      0	      0	      0	      0	      0	      0	      0	      0	      0	
     26	      0	      0	      0	      0	      0	      0	      0	      0	      0	      0	      0	      0	      0	      0	      0	      0	      0	      0	      0	      0	      0	      0	      0	      0	
     27	      0	      0	      0	      0	      0	      0	      0	      0	      0	      0	      0	      0	      0	      0	      0	      0	      0	      0	      0	      0	      0	      0	      0	      0	
     28	      0	      0	      0	      0	      0	      0	      0	      0	      0	      0	      0	      0	      0	      0	      0	      0	      0	      0	      0	      0	      0	      0	      0	      0	
     29	      0	      0	      0	      0	      0	      0	      0	      0	      0	      0	      0	      0	      0	      0	      0	      0	      0	      0	      0	      0	      0	      0	      0	      0	
     30	      0	      0	      0	      0	      0	      0	      0	      0	      0	      0	      0	      0	      0	      0	      0	      0	      0	      0	      0	      0	      0	      0	      0	      0	
     31	      0	      0	      0	      0	      0	      0	      0	      0	      0	      0	      0	      0	      0	      0	      0	      0	      0	      0	      0	      0	      0	      0	      0	      0	
     32	      0	      0	      0	      0	      0	      0	      0	      0	      0	      0	      0	      0	      0	      0	      0	      0	      0	      0	      0	      0	      0	      0	      0	      0	
     33	      0	      0	      0	      0	      0	      0	      0	      0	      0	      0	      0	      0	      0	      0	      0	      0	      0	      0	      0	      0	      0	      0	      0	      0	
     34	      0	      0	      0	      0	      0	      0	      0	      0	      0	      0	      0	      0	      0	      0	      0	      0	      0	      0	      0	      0	      0	      0	      0	      0	
     35	      0	      0	      0	      0	      0	      0	      0	      0	      0	      0	      0	      0	      0	      0	      0	      0	      0	      0	      0	      0	      0	      0	      0	      0	
     36	      0	      0	      0	      0	      0	      0	      0	      0	      0	      0	      0	      0	      0	      0	      0	      0	      0	      0	      0	      0	      0	      0	      0	      0	
     37	      0	      0	      0	      0	      0	      0	      0	      0	      0	      0	      0	      0	      0	      0	      0	      0	      0	      0	      0	      0	      0	      0	      0	      0	
     38	      0	      0	      0	      0	      0	      0	      0	      0	      0	      0	      0	      0	      0	      0	      0	      0	      0	      0	      0	      0	      0	      0	      0	      0	
     39	      0	      0	      0	      0	      0	      0	      0	      0	      0	      0	      0	      0	      0	      0	      0	      0	      0	      0	      0	      0	      0	      0	      0	      0	
     40	      0	      0	      0	      0	      0	      0	      0	      0	      0	      0	      0	      0	      0	      0	      0	      0	      0	      0	      0	      0	      0	      0	      0	      0	
     41	      0	      0	      0	      0	      0	      0	      0	      0	      0	      0	      0	      0	      0	      0	      0	      0	      0	      0	      0	      0	      0	      0	      0	      0	
     42	      0	      0	      0	      0	      0	      0	      0	      0	      0	      0	      0	      0	      0	      0	      0	      0	      0	      0	      0	      0	      0	      0	      0	      0	
     43	      0	      0	      0	      0	      0	      0	      0	      0	      0	      0	      0	      0	      0	      0	      0	      0	      0	      0	      0	      0	      0	      0	      0	      0	
     44	      0	      0	      0	      0	      0	      0	      0	      0	      0	      0	      0	      0	      0	      0	      0	      0	      0	      0	      0	      0	      0	      0	      0	      0	
     45	      0	      0	      0	      0	      0	      0	      0	      0	      0	      0	      0	      0	      0	      0	      0	      0	      0	      0	      0	      0	      0	      0	      0	      0	
     46	      0	      0	      0	      0	      0	      0	      0	      0	      0	      0	      0	      0	      0	      0	      0	      0	      0	      0	      0	      0	      0	      0	      0	      0	
     47	      0	      0	      0	      0	      0	      0	      0	      0	      0	      0	      0	      0	      0	      0	      0	      0	      0	      0	      0	      0	      0	      0	      0	      0	

DATA_I	      0	      1	      2	      3	      4	      5	      6	      7	      8	      9	     10	     11	     12	     13	     14	     15	     16	     17	     18	     19	     20	     21	     22	     23	
	   -128	   -127	   -127	   -126	   -125	   -125	   -124	   -123	   -123	   -122	   -122	   -121	   -120	   -120	   -119	   -118	   -118	   -117	   -116	   -116	      0	      0	      0	      0	
DATA_OS	      0	      1	      2	      3	      4	      5	      6	      7	      8	      9	     10	     11	     12	     13	     14	     15	     16	     17	     18	     19	     20	     21	     22	     23	     24	     25	     26	     27	     28	     29	     30	     31	     32	     33	     34	     35	     36	     37	     38	     39	     40	     41	     42	     43	     44	     45	     46	     47	
	  -2008	  -1967	  -1927	  -1886	  -1846	      0	      0	      0	      0	      0	      0	      0	      0	      0	      0	      0	      0	      0	      0	      0	      0	      0	      0	      0	      0	      0	      0	      0	      0	      0	      0	      0	      0	      0	      0	      0	      0	      0	      0	      0	      0	      0	      0	      0	      0	      0	      0	      0	
DATA_TO	      0	      1	      2	      3	      4	      5	      6	      7	      8	      9	     10	     11	     12	     13	     14	     15	     16	     17	     18	     19	     20	     21	     22	     23	     24	     25	     26	     27	     28	     29	     30	     31	     32	     33	     34	     35	     36	     37	     38	     39	     40	     41	     42	     43	     44	     45	     46	     47	
	  47041	  47041	  47041	  47041	  47041	      0	      0	      0	      0	      0	      0	      0	      0	      0	      0	      0	      0	      0	      0	      0	      0	      0	      0	      0	      0	      0	      0	      0	      0	      0	      0	      0	      0	      0	      0	      0	      0	      0	      0	      0	      0	      0	      0	      0	      0	      0	      0	      0	
O(noSH)	      0	      1	      2	      3	      4	      5	      6	      7	      8	      9	     10	     11	     12	     13	     14	     15	     16	     17	     18	     19	     20	     21	     22	     23	     24	     25	     26	     27	     28	     29	     30	     31	     32	     33	     34	     35	     36	     37	     38	     39	     40	     41	     42	     43	     44	     45	     46	     47	
	  75245	  75365	  75365	  75365	  75481	      0	      0	      0	      0	      0	      0	      0	      0	      0	      0	      0	      0	      0	      0	      0	      0	      0	      0	      0	      0	      0	      0	      0	      0	      0	      0	      0	      0	      0	      0	      0	      0	      0	      0	      0	      0	      0	      0	      0	      0	      0	      0	      0	
	000= 000125ed	001= 00012665	002= 00012665	003= 00012665	004= 000126d9	005= 00000000	006= 00000000	007= 00000000	008= 00000000	009= 00000000	010= 00000000	011= 00000000	012= 00000000	013= 00000000	014= 00000000	015= 00000000	016= 00000000	017= 00000000	018= 00000000	019= 00000000	020= 00000000	021= 00000000	022= 00000000	023= 00000000	024= 00000000	025= 00000000	026= 00000000	027= 00000000	028= 00000000	029= 00000000	030= 00000000	031= 00000000	032= 00000000	033= 00000000	034= 00000000	035= 00000000	036= 00000000	037= 00000000	038= 00000000	039= 00000000	040= 00000000	041= 00000000	042= 00000000	043= 00000000	044= 00000000	045= 00000000	046= 00000000	047= 00000000	
O(32bOV)	      0	      1	      2	      3	      4	      5	      6	      7	      8	      9	     10	     11	     12	     13	     14	     15	     16	     17	     18	     19	     20	     21	     22	     23	     24	     25	     26	     27	     28	     29	     30	     31	     32	     33	     34	     35	     36	     37	     38	     39	     40	     41	     42	     43	     44	     45	     46	     47	
	  75245	  75365	  75365	  75365	  75481	      0	      0	      0	      0	      0	      0	      0	      0	      0	      0	      0	      0	      0	      0	      0	      0	      0	      0	      0	      0	      0	      0	      0	      0	      0	      0	      0	      0	      0	      0	      0	      0	      0	      0	      0	      0	      0	      0	      0	      0	      0	      0	      0	
	000= 000125ed	001= 00012665	002= 00012665	003= 00012665	004= 000126d9	005= 00000000	006= 00000000	007= 00000000	008= 00000000	009= 00000000	010= 00000000	011= 00000000	012= 00000000	013= 00000000	014= 00000000	015= 00000000	016= 00000000	017= 00000000	018= 00000000	019= 00000000	020= 00000000	021= 00000000	022= 00000000	023= 00000000	024= 00000000	025= 00000000	026= 00000000	027= 00000000	028= 00000000	029= 00000000	030= 00000000	031= 00000000	032= 00000000	033= 00000000	034= 00000000	035= 00000000	036= 00000000	037= 00000000	038= 00000000	039= 00000000	040= 00000000	041= 00000000	042= 00000000	043= 00000000	044= 00000000	045= 00000000	046= 00000000	047= 00000000	
DATA_O(noOS)	      0	      1	      2	      3	      4	      5	      6	      7	      8	      9	     10	     11	     12	     13	     14	     15	     16	     17	     18	     19	     20	     21	     22	     23	     24	     25	     26	     27	     28	     29	     30	     31	     32	     33	     34	     35	     36	     37	     38	     39	     40	     41	     42	     43	     44	     45	     46	     47	
	   1175	   1177	   1177	   1177	   1179	      0	      0	      0	      0	      0	      0	      0	      0	      0	      0	      0	      0	      0	      0	      0	      0	      0	      0	      0	      0	      0	      0	      0	      0	      0	      0	      0	      0	      0	      0	      0	      0	      0	      0	      0	      0	      0	      0	      0	      0	      0	      0	      0	
	000497	000499	000499	000499	00049b	000000	000000	000000	000000	000000	000000	000000	000000	000000	000000	000000	000000	000000	000000	000000	000000	000000	000000	000000	000000	000000	000000	000000	000000	000000	000000	000000	000000	000000	000000	000000	000000	000000	000000	000000	000000	000000	000000	000000	000000	000000	000000	000000	
DATA_O_F	      0	      1	      2	      3	      4	      5	      6	      7	      8	      9	     10	     11	     12	     13	     14	     15	     16	     17	     18	     19	     20	     21	     22	     23	     24	     25	     26	     27	     28	     29	     30	     31	     32	     33	     34	     35	     36	     37	     38	     39	     40	     41	     42	     43	     44	     45	     46	     47	
	   -833	   -790	   -750	   -709	   -667	      0	      0	      0	      0	      0	      0	      0	      0	      0	      0	      0	      0	      0	      0	      0	      0	      0	      0	      0	      0	      0	      0	      0	      0	      0	      0	      0	      0	      0	      0	      0	      0	      0	      0	      0	      0	      0	      0	      0	      0	      0	      0	      0	
	fffcbf	fffcea	fffd12	fffd3b	fffd65	000000	000000	000000	000000	000000	000000	000000	000000	000000	000000	000000	000000	000000	000000	000000	000000	000000	000000	000000	000000	000000	000000	000000	000000	000000	000000	000000	000000	000000	000000	000000	000000	000000	000000	000000	000000	000000	000000	000000	000000	000000	000000	000000	


PE1 ===============
MAC_ROW_NUM_ZP = 48	MAC_ROW_NUM_ORG = 5
MAC_COL_NUM_ZP = 24	MAC_COL_NUM_ORG = 20
MAC_W_COL_NUM = 1

SHIFT    = 6
SHIFT_OS = 0
SHIFT_NL = 0

TOTAL I WITH ZERO-PADDING = 24
TOTAL O WITH ZERO-PADDING = 48

TOTAL WORD SIZE OF I  WITH ZERO-PADDING = 2
TOTAL WORD SIZE OF O  WITH ZERO-PADDING = 6
TOTAL WORD SIZE OF W  WITH ZERO-PADDING = 72
TOTAL WORD SIZE OF TO WITH ZERO-PADDING = 16

W_PREC = 06B	DATApWORD = 16
I_PREC = 08B	DATApWORD = 12
O_PREC = 12B	DATApWORD = 08
TO_PREC = 32B	DATApWORD = 03


DATA_TO TRACKING
	      0	      1	
      0	  47041	
      1	  47041	
      2	  47041	
      3	  47165	
      4	  47165	
      5	      0	
      6	      0	
      7	      0	
      8	      0	
      9	      0	
     10	      0	
     11	      0	
     12	      0	
     13	      0	
     14	      0	
     15	      0	
     16	      0	
     17	      0	
     18	      0	
     19	      0	
     20	      0	
     21	      0	
     22	      0	
     23	      0	
     24	      0	
     25	      0	
     26	      0	
     27	      0	
     28	      0	
     29	      0	
     30	      0	
     31	      0	
     32	      0	
     33	      0	
     34	      0	
     35	      0	
     36	      0	
     37	      0	
     38	      0	
     39	      0	
     40	      0	
     41	      0	
     42	      0	
     43	      0	
     44	      0	
     45	      0	
     46	      0	
     47	      0	

DATA_W	      0	      1	      2	      3	      4	      5	      6	      7	      8	      9	     10	     11	     12	     13	     14	     15	     16	     17	     18	     19	     20	     21	     22	     23	
      0	    -32	    -32	    -32	    -32	    -32	    -32	    -31	    -31	    -31	    -31	    -31	    -31	    -31	    -30	    -30	    -30	    -30	    -30	    -30	    -30	      0	      0	      0	      0	
      1	    -32	    -32	    -32	    -32	    -32	    -32	    -31	    -31	    -31	    -31	    -31	    -31	    -31	    -30	    -30	    -30	    -30	    -30	    -30	    -30	      0	      0	      0	      0	
      2	    -32	    -32	    -32	    -32	    -32	    -32	    -31	    -31	    -31	    -31	    -31	    -31	    -31	    -30	    -30	    -30	    -30	    -30	    -30	    -30	      0	      0	      0	      0	
      3	    -32	    -32	    -32	    -32	    -32	    -32	    -32	    -31	    -31	    -31	    -31	    -31	    -31	    -31	    -30	    -30	    -30	    -30	    -30	    -30	      0	      0	      0	      0	
      4	    -32	    -32	    -32	    -32	    -32	    -32	    -32	    -31	    -31	    -31	    -31	    -31	    -31	    -31	    -30	    -30	    -30	    -30	    -30	    -30	      0	      0	      0	      0	
      5	      0	      0	      0	      0	      0	      0	      0	      0	      0	      0	      0	      0	      0	      0	      0	      0	      0	      0	      0	      0	      0	      0	      0	      0	
      6	      0	      0	      0	      0	      0	      0	      0	      0	      0	      0	      0	      0	      0	      0	      0	      0	      0	      0	      0	      0	      0	      0	      0	      0	
      7	      0	      0	      0	      0	      0	      0	      0	      0	      0	      0	      0	      0	      0	      0	      0	      0	      0	      0	      0	      0	      0	      0	      0	      0	
      8	      0	      0	      0	      0	      0	      0	      0	      0	      0	      0	      0	      0	      0	      0	      0	      0	      0	      0	      0	      0	      0	      0	      0	      0	
      9	      0	      0	      0	      0	      0	      0	      0	      0	      0	      0	      0	      0	      0	      0	      0	      0	      0	      0	      0	      0	      0	      0	      0	      0	
     10	      0	      0	      0	      0	      0	      0	      0	      0	      0	      0	      0	      0	      0	      0	      0	      0	      0	      0	      0	      0	      0	      0	      0	      0	
     11	      0	      0	      0	      0	      0	      0	      0	      0	      0	      0	      0	      0	      0	      0	      0	      0	      0	      0	      0	      0	      0	      0	      0	      0	
     12	      0	      0	      0	      0	      0	      0	      0	      0	      0	      0	      0	      0	      0	      0	      0	      0	      0	      0	      0	      0	      0	      0	      0	      0	
     13	      0	      0	      0	      0	      0	      0	      0	      0	      0	      0	      0	      0	      0	      0	      0	      0	      0	      0	      0	      0	      0	      0	      0	      0	
     14	      0	      0	      0	      0	      0	      0	      0	      0	      0	      0	      0	      0	      0	      0	      0	      0	      0	      0	      0	      0	      0	      0	      0	      0	
     15	      0	      0	      0	      0	      0	      0	      0	      0	      0	      0	      0	      0	      0	      0	      0	      0	      0	      0	      0	      0	      0	      0	      0	      0	
     16	      0	      0	      0	      0	      0	      0	      0	      0	      0	      0	      0	      0	      0	      0	      0	      0	      0	      0	      0	      0	      0	      0	      0	      0	
     17	      0	      0	      0	      0	      0	      0	      0	      0	      0	      0	      0	      0	      0	      0	      0	      0	      0	      0	      0	      0	      0	      0	      0	      0	
     18	      0	      0	      0	      0	      0	      0	      0	      0	      0	      0	      0	      0	      0	      0	      0	      0	      0	      0	      0	      0	      0	      0	      0	      0	
     19	      0	      0	      0	      0	      0	      0	      0	      0	      0	      0	      0	      0	      0	      0	      0	      0	      0	      0	      0	      0	      0	      0	      0	      0	
     20	      0	      0	      0	      0	      0	      0	      0	      0	      0	      0	      0	      0	      0	      0	      0	      0	      0	      0	      0	      0	      0	      0	      0	      0	
     21	      0	      0	      0	      0	      0	      0	      0	      0	      0	      0	      0	      0	      0	      0	      0	      0	      0	      0	      0	      0	      0	      0	      0	      0	
     22	      0	      0	      0	      0	      0	      0	      0	      0	      0	      0	      0	      0	      0	      0	      0	      0	      0	      0	      0	      0	      0	      0	      0	      0	
     23	      0	      0	      0	      0	      0	      0	      0	      0	      0	      0	      0	      0	      0	      0	      0	      0	      0	      0	      0	      0	      0	      0	      0	      0	
     24	      0	      0	      0	      0	      0	      0	      0	      0	      0	      0	      0	      0	      0	      0	      0	      0	      0	      0	      0	      0	      0	      0	      0	      0	
     25	      0	      0	      0	      0	      0	      0	      0	      0	      0	      0	      0	      0	      0	      0	      0	      0	      0	      0	      0	      0	      0	      0	      0	      0	
     26	      0	      0	      0	      0	      0	      0	      0	      0	      0	      0	      0	      0	      0	      0	      0	      0	      0	      0	      0	      0	      0	      0	      0	      0	
     27	      0	      0	      0	      0	      0	      0	      0	      0	      0	      0	      0	      0	      0	      0	      0	      0	      0	      0	      0	      0	      0	      0	      0	      0	
     28	      0	      0	      0	      0	      0	      0	      0	      0	      0	      0	      0	      0	      0	      0	      0	      0	      0	      0	      0	      0	      0	      0	      0	      0	
     29	      0	      0	      0	      0	      0	      0	      0	      0	      0	      0	      0	      0	      0	      0	      0	      0	      0	      0	      0	      0	      0	      0	      0	      0	
     30	      0	      0	      0	      0	      0	      0	      0	      0	      0	      0	      0	      0	      0	      0	      0	      0	      0	      0	      0	      0	      0	      0	      0	      0	
     31	      0	      0	      0	      0	      0	      0	      0	      0	      0	      0	      0	      0	      0	      0	      0	      0	      0	      0	      0	      0	      0	      0	      0	      0	
     32	      0	      0	      0	      0	      0	      0	      0	      0	      0	      0	      0	      0	      0	      0	      0	      0	      0	      0	      0	      0	      0	      0	      0	      0	
     33	      0	      0	      0	      0	      0	      0	      0	      0	      0	      0	      0	      0	      0	      0	      0	      0	      0	      0	      0	      0	      0	      0	      0	      0	
     34	      0	      0	      0	      0	      0	      0	      0	      0	      0	      0	      0	      0	      0	      0	      0	      0	      0	      0	      0	      0	      0	      0	      0	      0	
     35	      0	      0	      0	      0	      0	      0	      0	      0	      0	      0	      0	      0	      0	      0	      0	      0	      0	      0	      0	      0	      0	      0	      0	      0	
     36	      0	      0	      0	      0	      0	      0	      0	      0	      0	      0	      0	      0	      0	      0	      0	      0	      0	      0	      0	      0	      0	      0	      0	      0	
     37	      0	      0	      0	      0	      0	      0	      0	      0	      0	      0	      0	      0	      0	      0	      0	      0	      0	      0	      0	      0	      0	      0	      0	      0	
     38	      0	      0	      0	      0	      0	      0	      0	      0	      0	      0	      0	      0	      0	      0	      0	      0	      0	      0	      0	      0	      0	      0	      0	      0	
     39	      0	      0	      0	      0	      0	      0	      0	      0	      0	      0	      0	      0	      0	      0	      0	      0	      0	      0	      0	      0	      0	      0	      0	      0	
     40	      0	      0	      0	      0	      0	      0	      0	      0	      0	      0	      0	      0	      0	      0	      0	      0	      0	      0	      0	      0	      0	      0	      0	      0	
     41	      0	      0	      0	      0	      0	      0	      0	      0	      0	      0	      0	      0	      0	      0	      0	      0	      0	      0	      0	      0	      0	      0	      0	      0	
     42	      0	      0	      0	      0	      0	      0	      0	      0	      0	      0	      0	      0	      0	      0	      0	      0	      0	      0	      0	      0	      0	      0	      0	      0	
     43	      0	      0	      0	      0	      0	      0	      0	      0	      0	      0	      0	      0	      0	      0	      0	      0	      0	      0	      0	      0	      0	      0	      0	      0	
     44	      0	      0	      0	      0	      0	      0	      0	      0	      0	      0	      0	      0	      0	      0	      0	      0	      0	      0	      0	      0	      0	      0	      0	      0	
     45	      0	      0	      0	      0	      0	      0	      0	      0	      0	      0	      0	      0	      0	      0	      0	      0	      0	      0	      0	      0	      0	      0	      0	      0	
     46	      0	      0	      0	      0	      0	      0	      0	      0	      0	      0	      0	      0	      0	      0	      0	      0	      0	      0	      0	      0	      0	      0	      0	      0	
     47	      0	      0	      0	      0	      0	      0	      0	      0	      0	      0	      0	      0	      0	      0	      0	      0	      0	      0	      0	      0	      0	      0	      0	      0	

DATA_I	      0	      1	      2	      3	      4	      5	      6	      7	      8	      9	     10	     11	     12	     13	     14	     15	     16	     17	     18	     19	     20	     21	     22	     23	
	   -128	   -127	   -127	   -126	   -125	   -125	   -124	   -123	   -123	   -122	   -122	   -121	   -120	   -120	   -119	   -118	   -118	   -117	   -116	   -116	      0	      0	      0	      0	
DATA_OS	      0	      1	      2	      3	      4	      5	      6	      7	      8	      9	     10	     11	     12	     13	     14	     15	     16	     17	     18	     19	     20	     21	     22	     23	     24	     25	     26	     27	     28	     29	     30	     31	     32	     33	     34	     35	     36	     37	     38	     39	     40	     41	     42	     43	     44	     45	     46	     47	
	  -1805	  -1765	  -1724	  -1684	  -1643	      0	      0	      0	      0	      0	      0	      0	      0	      0	      0	      0	      0	      0	      0	      0	      0	      0	      0	      0	      0	      0	      0	      0	      0	      0	      0	      0	      0	      0	      0	      0	      0	      0	      0	      0	      0	      0	      0	      0	      0	      0	      0	      0	
DATA_TO	      0	      1	      2	      3	      4	      5	      6	      7	      8	      9	     10	     11	     12	     13	     14	     15	     16	     17	     18	     19	     20	     21	     22	     23	     24	     25	     26	     27	     28	     29	     30	     31	     32	     33	     34	     35	     36	     37	     38	     39	     40	     41	     42	     43	     44	     45	     46	     47	
	  47041	  47041	  47041	  47165	  47165	      0	      0	      0	      0	      0	      0	      0	      0	      0	      0	      0	      0	      0	      0	      0	      0	      0	      0	      0	      0	      0	      0	      0	      0	      0	      0	      0	      0	      0	      0	      0	      0	      0	      0	      0	      0	      0	      0	      0	      0	      0	      0	      0	
O(noSH)	      0	      1	      2	      3	      4	      5	      6	      7	      8	      9	     10	     11	     12	     13	     14	     15	     16	     17	     18	     19	     20	     21	     22	     23	     24	     25	     26	     27	     28	     29	     30	     31	     32	     33	     34	     35	     36	     37	     38	     39	     40	     41	     42	     43	     44	     45	     46	     47	
	  75481	  75481	  75481	  75725	  75725	      0	      0	      0	      0	      0	      0	      0	      0	      0	      0	      0	      0	      0	      0	      0	      0	      0	      0	      0	      0	      0	      0	      0	      0	      0	      0	      0	      0	      0	      0	      0	      0	      0	      0	      0	      0	      0	      0	      0	      0	      0	      0	      0	
	000= 000126d9	001= 000126d9	002= 000126d9	003= 000127cd	004= 000127cd	005= 00000000	006= 00000000	007= 00000000	008= 00000000	009= 00000000	010= 00000000	011= 00000000	012= 00000000	013= 00000000	014= 00000000	015= 00000000	016= 00000000	017= 00000000	018= 00000000	019= 00000000	020= 00000000	021= 00000000	022= 00000000	023= 00000000	024= 00000000	025= 00000000	026= 00000000	027= 00000000	028= 00000000	029= 00000000	030= 00000000	031= 00000000	032= 00000000	033= 00000000	034= 00000000	035= 00000000	036= 00000000	037= 00000000	038= 00000000	039= 00000000	040= 00000000	041= 00000000	042= 00000000	043= 00000000	044= 00000000	045= 00000000	046= 00000000	047= 00000000	
O(32bOV)	      0	      1	      2	      3	      4	      5	      6	      7	      8	      9	     10	     11	     12	     13	     14	     15	     16	     17	     18	     19	     20	     21	     22	     23	     24	     25	     26	     27	     28	     29	     30	     31	     32	     33	     34	     35	     36	     37	     38	     39	     40	     41	     42	     43	     44	     45	     46	     47	
	  75481	  75481	  75481	  75725	  75725	      0	      0	      0	      0	      0	      0	      0	      0	      0	      0	      0	      0	      0	      0	      0	      0	      0	      0	      0	      0	      0	      0	      0	      0	      0	      0	      0	      0	      0	      0	      0	      0	      0	      0	      0	      0	      0	      0	      0	      0	      0	      0	      0	
	000= 000126d9	001= 000126d9	002= 000126d9	003= 000127cd	004= 000127cd	005= 00000000	006= 00000000	007= 00000000	008= 00000000	009= 00000000	010= 00000000	011= 00000000	012= 00000000	013= 00000000	014= 00000000	015= 00000000	016= 00000000	017= 00000000	018= 00000000	019= 00000000	020= 00000000	021= 00000000	022= 00000000	023= 00000000	024= 00000000	025= 00000000	026= 00000000	027= 00000000	028= 00000000	029= 00000000	030= 00000000	031= 00000000	032= 00000000	033= 00000000	034= 00000000	035= 00000000	036= 00000000	037= 00000000	038= 00000000	039= 00000000	040= 00000000	041= 00000000	042= 00000000	043= 00000000	044= 00000000	045= 00000000	046= 00000000	047= 00000000	
DATA_O(noOS)	      0	      1	      2	      3	      4	      5	      6	      7	      8	      9	     10	     11	     12	     13	     14	     15	     16	     17	     18	     19	     20	     21	     22	     23	     24	     25	     26	     27	     28	     29	     30	     31	     32	     33	     34	     35	     36	     37	     38	     39	     40	     41	     42	     43	     44	     45	     46	     47	
	   1179	   1179	   1179	   1183	   1183	      0	      0	      0	      0	      0	      0	      0	      0	      0	      0	      0	      0	      0	      0	      0	      0	      0	      0	      0	      0	      0	      0	      0	      0	      0	      0	      0	      0	      0	      0	      0	      0	      0	      0	      0	      0	      0	      0	      0	      0	      0	      0	      0	
	00049b	00049b	00049b	00049f	00049f	000000	000000	000000	000000	000000	000000	000000	000000	000000	000000	000000	000000	000000	000000	000000	000000	000000	000000	000000	000000	000000	000000	000000	000000	000000	000000	000000	000000	000000	000000	000000	000000	000000	000000	000000	000000	000000	000000	000000	000000	000000	000000	000000	
DATA_O_F	      0	      1	      2	      3	      4	      5	      6	      7	      8	      9	     10	     11	     12	     13	     14	     15	     16	     17	     18	     19	     20	     21	     22	     23	     24	     25	     26	     27	     28	     29	     30	     31	     32	     33	     34	     35	     36	     37	     38	     39	     40	     41	     42	     43	     44	     45	     46	     47	
	   -626	   -586	   -545	   -501	   -460	      0	      0	      0	      0	      0	      0	      0	      0	      0	      0	      0	      0	      0	      0	      0	      0	      0	      0	      0	      0	      0	      0	      0	      0	      0	      0	      0	      0	      0	      0	      0	      0	      0	      0	      0	      0	      0	      0	      0	      0	      0	      0	      0	
	fffd8e	fffdb6	fffddf	fffe0b	fffe34	000000	000000	000000	000000	000000	000000	000000	000000	000000	000000	000000	000000	000000	000000	000000	000000	000000	000000	000000	000000	000000	000000	000000	000000	000000	000000	000000	000000	000000	000000	000000	000000	000000	000000	000000	000000	000000	000000	000000	000000	000000	000000	000000	


PE2 ===============
MAC_ROW_NUM_ZP = 48	MAC_ROW_NUM_ORG = 5
MAC_COL_NUM_ZP = 24	MAC_COL_NUM_ORG = 20
MAC_W_COL_NUM = 1

SHIFT    = 6
SHIFT_OS = 0
SHIFT_NL = 0

TOTAL I WITH ZERO-PADDING = 24
TOTAL O WITH ZERO-PADDING = 48

TOTAL WORD SIZE OF I  WITH ZERO-PADDING = 2
TOTAL WORD SIZE OF O  WITH ZERO-PADDING = 6
TOTAL WORD SIZE OF W  WITH ZERO-PADDING = 72
TOTAL WORD SIZE OF TO WITH ZERO-PADDING = 16

W_PREC = 06B	DATApWORD = 16
I_PREC = 08B	DATApWORD = 12
O_PREC = 12B	DATApWORD = 08
TO_PREC = 32B	DATApWORD = 03


DATA_TO TRACKING
	      0	      1	
      0	  47165	
      1	  47165	
      2	  47165	
      3	  47165	
      4	  47165	
      5	      0	
      6	      0	
      7	      0	
      8	      0	
      9	      0	
     10	      0	
     11	      0	
     12	      0	
     13	      0	
     14	      0	
     15	      0	
     16	      0	
     17	      0	
     18	      0	
     19	      0	
     20	      0	
     21	      0	
     22	      0	
     23	      0	
     24	      0	
     25	      0	
     26	      0	
     27	      0	
     28	      0	
     29	      0	
     30	      0	
     31	      0	
     32	      0	
     33	      0	
     34	      0	
     35	      0	
     36	      0	
     37	      0	
     38	      0	
     39	      0	
     40	      0	
     41	      0	
     42	      0	
     43	      0	
     44	      0	
     45	      0	
     46	      0	
     47	      0	

DATA_W	      0	      1	      2	      3	      4	      5	      6	      7	      8	      9	     10	     11	     12	     13	     14	     15	     16	     17	     18	     19	     20	     21	     22	     23	
      0	    -32	    -32	    -32	    -32	    -32	    -32	    -32	    -31	    -31	    -31	    -31	    -31	    -31	    -31	    -30	    -30	    -30	    -30	    -30	    -30	      0	      0	      0	      0	
      1	    -32	    -32	    -32	    -32	    -32	    -32	    -32	    -31	    -31	    -31	    -31	    -31	    -31	    -31	    -30	    -30	    -30	    -30	    -30	    -30	      0	      0	      0	      0	
      2	    -32	    -32	    -32	    -32	    -32	    -32	    -32	    -31	    -31	    -31	    -31	    -31	    -31	    -31	    -30	    -30	    -30	    -30	    -30	    -30	      0	      0	      0	      0	
      3	    -32	    -32	    -32	    -32	    -32	    -32	    -32	    -31	    -31	    -31	    -31	    -31	    -31	    -31	    -30	    -30	    -30	    -30	    -30	    -30	      0	      0	      0	      0	
      4	    -32	    -32	    -32	    -32	    -32	    -32	    -32	    -31	    -31	    -31	    -31	    -31	    -31	    -31	    -31	    -30	    -30	    -30	    -30	    -30	      0	      0	      0	      0	
      5	      0	      0	      0	      0	      0	      0	      0	      0	      0	      0	      0	      0	      0	      0	      0	      0	      0	      0	      0	      0	      0	      0	      0	      0	
      6	      0	      0	      0	      0	      0	      0	      0	      0	      0	      0	      0	      0	      0	      0	      0	      0	      0	      0	      0	      0	      0	      0	      0	      0	
      7	      0	      0	      0	      0	      0	      0	      0	      0	      0	      0	      0	      0	      0	      0	      0	      0	      0	      0	      0	      0	      0	      0	      0	      0	
      8	      0	      0	      0	      0	      0	      0	      0	      0	      0	      0	      0	      0	      0	      0	      0	      0	      0	      0	      0	      0	      0	      0	      0	      0	
      9	      0	      0	      0	      0	      0	      0	      0	      0	      0	      0	      0	      0	      0	      0	      0	      0	      0	      0	      0	      0	      0	      0	      0	      0	
     10	      0	      0	      0	      0	      0	      0	      0	      0	      0	      0	      0	      0	      0	      0	      0	      0	      0	      0	      0	      0	      0	      0	      0	      0	
     11	      0	      0	      0	      0	      0	      0	      0	      0	      0	      0	      0	      0	      0	      0	      0	      0	      0	      0	      0	      0	      0	      0	      0	      0	
     12	      0	      0	      0	      0	      0	      0	      0	      0	      0	      0	      0	      0	      0	      0	      0	      0	      0	      0	      0	      0	      0	      0	      0	      0	
     13	      0	      0	      0	      0	      0	      0	      0	      0	      0	      0	      0	      0	      0	      0	      0	      0	      0	      0	      0	      0	      0	      0	      0	      0	
     14	      0	      0	      0	      0	      0	      0	      0	      0	      0	      0	      0	      0	      0	      0	      0	      0	      0	      0	      0	      0	      0	      0	      0	      0	
     15	      0	      0	      0	      0	      0	      0	      0	      0	      0	      0	      0	      0	      0	      0	      0	      0	      0	      0	      0	      0	      0	      0	      0	      0	
     16	      0	      0	      0	      0	      0	      0	      0	      0	      0	      0	      0	      0	      0	      0	      0	      0	      0	      0	      0	      0	      0	      0	      0	      0	
     17	      0	      0	      0	      0	      0	      0	      0	      0	      0	      0	      0	      0	      0	      0	      0	      0	      0	      0	      0	      0	      0	      0	      0	      0	
     18	      0	      0	      0	      0	      0	      0	      0	      0	      0	      0	      0	      0	      0	      0	      0	      0	      0	      0	      0	      0	      0	      0	      0	      0	
     19	      0	      0	      0	      0	      0	      0	      0	      0	      0	      0	      0	      0	      0	      0	      0	      0	      0	      0	      0	      0	      0	      0	      0	      0	
     20	      0	      0	      0	      0	      0	      0	      0	      0	      0	      0	      0	      0	      0	      0	      0	      0	      0	      0	      0	      0	      0	      0	      0	      0	
     21	      0	      0	      0	      0	      0	      0	      0	      0	      0	      0	      0	      0	      0	      0	      0	      0	      0	      0	      0	      0	      0	      0	      0	      0	
     22	      0	      0	      0	      0	      0	      0	      0	      0	      0	      0	      0	      0	      0	      0	      0	      0	      0	      0	      0	      0	      0	      0	      0	      0	
     23	      0	      0	      0	      0	      0	      0	      0	      0	      0	      0	      0	      0	      0	      0	      0	      0	      0	      0	      0	      0	      0	      0	      0	      0	
     24	      0	      0	      0	      0	      0	      0	      0	      0	      0	      0	      0	      0	      0	      0	      0	      0	      0	      0	      0	      0	      0	      0	      0	      0	
     25	      0	      0	      0	      0	      0	      0	      0	      0	      0	      0	      0	      0	      0	      0	      0	      0	      0	      0	      0	      0	      0	      0	      0	      0	
     26	      0	      0	      0	      0	      0	      0	      0	      0	      0	      0	      0	      0	      0	      0	      0	      0	      0	      0	      0	      0	      0	      0	      0	      0	
     27	      0	      0	      0	      0	      0	      0	      0	      0	      0	      0	      0	      0	      0	      0	      0	      0	      0	      0	      0	      0	      0	      0	      0	      0	
     28	      0	      0	      0	      0	      0	      0	      0	      0	      0	      0	      0	      0	      0	      0	      0	      0	      0	      0	      0	      0	      0	      0	      0	      0	
     29	      0	      0	      0	      0	      0	      0	      0	      0	      0	      0	      0	      0	      0	      0	      0	      0	      0	      0	      0	      0	      0	      0	      0	      0	
     30	      0	      0	      0	      0	      0	      0	      0	      0	      0	      0	      0	      0	      0	      0	      0	      0	      0	      0	      0	      0	      0	      0	      0	      0	
     31	      0	      0	      0	      0	      0	      0	      0	      0	      0	      0	      0	      0	      0	      0	      0	      0	      0	      0	      0	      0	      0	      0	      0	      0	
     32	      0	      0	      0	      0	      0	      0	      0	      0	      0	      0	      0	      0	      0	      0	      0	      0	      0	      0	      0	      0	      0	      0	      0	      0	
     33	      0	      0	      0	      0	      0	      0	      0	      0	      0	      0	      0	      0	      0	      0	      0	      0	      0	      0	      0	      0	      0	      0	      0	      0	
     34	      0	      0	      0	      0	      0	      0	      0	      0	      0	      0	      0	      0	      0	      0	      0	      0	      0	      0	      0	      0	      0	      0	      0	      0	
     35	      0	      0	      0	      0	      0	      0	      0	      0	      0	      0	      0	      0	      0	      0	      0	      0	      0	      0	      0	      0	      0	      0	      0	      0	
     36	      0	      0	      0	      0	      0	      0	      0	      0	      0	      0	      0	      0	      0	      0	      0	      0	      0	      0	      0	      0	      0	      0	      0	      0	
     37	      0	      0	      0	      0	      0	      0	      0	      0	      0	      0	      0	      0	      0	      0	      0	      0	      0	      0	      0	      0	      0	      0	      0	      0	
     38	      0	      0	      0	      0	      0	      0	      0	      0	      0	      0	      0	      0	      0	      0	      0	      0	      0	      0	      0	      0	      0	      0	      0	      0	
     39	      0	      0	      0	      0	      0	      0	      0	      0	      0	      0	      0	      0	      0	      0	      0	      0	      0	      0	      0	      0	      0	      0	      0	      0	
     40	      0	      0	      0	      0	      0	      0	      0	      0	      0	      0	      0	      0	      0	      0	      0	      0	      0	      0	      0	      0	      0	      0	      0	      0	
     41	      0	      0	      0	      0	      0	      0	      0	      0	      0	      0	      0	      0	      0	      0	      0	      0	      0	      0	      0	      0	      0	      0	      0	      0	
     42	      0	      0	      0	      0	      0	      0	      0	      0	      0	      0	      0	      0	      0	      0	      0	      0	      0	      0	      0	      0	      0	      0	      0	      0	
     43	      0	      0	      0	      0	      0	      0	      0	      0	      0	      0	      0	      0	      0	      0	      0	      0	      0	      0	      0	      0	      0	      0	      0	      0	
     44	      0	      0	      0	      0	      0	      0	      0	      0	      0	      0	      0	      0	      0	      0	      0	      0	      0	      0	      0	      0	      0	      0	      0	      0	
     45	      0	      0	      0	      0	      0	      0	      0	      0	      0	      0	      0	      0	      0	      0	      0	      0	      0	      0	      0	      0	      0	      0	      0	      0	
     46	      0	      0	      0	      0	      0	      0	      0	      0	      0	      0	      0	      0	      0	      0	      0	      0	      0	      0	      0	      0	      0	      0	      0	      0	
     47	      0	      0	      0	      0	      0	      0	      0	      0	      0	      0	      0	      0	      0	      0	      0	      0	      0	      0	      0	      0	      0	      0	      0	      0	

DATA_I	      0	      1	      2	      3	      4	      5	      6	      7	      8	      9	     10	     11	     12	     13	     14	     15	     16	     17	     18	     19	     20	     21	     22	     23	
	   -128	   -127	   -127	   -126	   -125	   -125	   -124	   -123	   -123	   -122	   -122	   -121	   -120	   -120	   -119	   -118	   -118	   -117	   -116	   -116	      0	      0	      0	      0	
DATA_OS	      0	      1	      2	      3	      4	      5	      6	      7	      8	      9	     10	     11	     12	     13	     14	     15	     16	     17	     18	     19	     20	     21	     22	     23	     24	     25	     26	     27	     28	     29	     30	     31	     32	     33	     34	     35	     36	     37	     38	     39	     40	     41	     42	     43	     44	     45	     46	     47	
	  -1603	  -1562	  -1521	  -1481	  -1440	      0	      0	      0	      0	      0	      0	      0	      0	      0	      0	      0	      0	      0	      0	      0	      0	      0	      0	      0	      0	      0	      0	      0	      0	      0	      0	      0	      0	      0	      0	      0	      0	      0	      0	      0	      0	      0	      0	      0	      0	      0	      0	      0	
DATA_TO	      0	      1	      2	      3	      4	      5	      6	      7	      8	      9	     10	     11	     12	     13	     14	     15	     16	     17	     18	     19	     20	     21	     22	     23	     24	     25	     26	     27	     28	     29	     30	     31	     32	     33	     34	     35	     36	     37	     38	     39	     40	     41	     42	     43	     44	     45	     46	     47	
	  47165	  47165	  47165	  47165	  47165	      0	      0	      0	      0	      0	      0	      0	      0	      0	      0	      0	      0	      0	      0	      0	      0	      0	      0	      0	      0	      0	      0	      0	      0	      0	      0	      0	      0	      0	      0	      0	      0	      0	      0	      0	      0	      0	      0	      0	      0	      0	      0	      0	
O(noSH)	      0	      1	      2	      3	      4	      5	      6	      7	      8	      9	     10	     11	     12	     13	     14	     15	     16	     17	     18	     19	     20	     21	     22	     23	     24	     25	     26	     27	     28	     29	     30	     31	     32	     33	     34	     35	     36	     37	     38	     39	     40	     41	     42	     43	     44	     45	     46	     47	
	  75725	  75725	  75725	  75725	  75844	      0	      0	      0	      0	      0	      0	      0	      0	      0	      0	      0	      0	      0	      0	      0	      0	      0	      0	      0	      0	      0	      0	      0	      0	      0	      0	      0	      0	      0	      0	      0	      0	      0	      0	      0	      0	      0	      0	      0	      0	      0	      0	      0	
	000= 000127cd	001= 000127cd	002= 000127cd	003= 000127cd	004= 00012844	005= 00000000	006= 00000000	007= 00000000	008= 00000000	009= 00000000	010= 00000000	011= 00000000	012= 00000000	013= 00000000	014= 00000000	015= 00000000	016= 00000000	017= 00000000	018= 00000000	019= 00000000	020= 00000000	021= 00000000	022= 00000000	023= 00000000	024= 00000000	025= 00000000	026= 00000000	027= 00000000	028= 00000000	029= 00000000	030= 00000000	031= 00000000	032= 00000000	033= 00000000	034= 00000000	035= 00000000	036= 00000000	037= 00000000	038= 00000000	039= 00000000	040= 00000000	041= 00000000	042= 00000000	043= 00000000	044= 00000000	045= 00000000	046= 00000000	047= 00000000	
O(32bOV)	      0	      1	      2	      3	      4	      5	      6	      7	      8	      9	     10	     11	     12	     13	     14	     15	     16	     17	     18	     19	     20	     21	     22	     23	     24	     25	     26	     27	     28	     29	     30	     31	     32	     33	     34	     35	     36	     37	     38	     39	     40	     41	     42	     43	     44	     45	     46	     47	
	  75725	  75725	  75725	  75725	  75844	      0	      0	      0	      0	      0	      0	      0	      0	      0	      0	      0	      0	      0	      0	      0	      0	      0	      0	      0	      0	      0	      0	      0	      0	      0	      0	      0	      0	      0	      0	      0	      0	      0	      0	      0	      0	      0	      0	      0	      0	      0	      0	      0	
	000= 000127cd	001= 000127cd	002= 000127cd	003= 000127cd	004= 00012844	005= 00000000	006= 00000000	007= 00000000	008= 00000000	009= 00000000	010= 00000000	011= 00000000	012= 00000000	013= 00000000	014= 00000000	015= 00000000	016= 00000000	017= 00000000	018= 00000000	019= 00000000	020= 00000000	021= 00000000	022= 00000000	023= 00000000	024= 00000000	025= 00000000	026= 00000000	027= 00000000	028= 00000000	029= 00000000	030= 00000000	031= 00000000	032= 00000000	033= 00000000	034= 00000000	035= 00000000	036= 00000000	037= 00000000	038= 00000000	039= 00000000	040= 00000000	041= 00000000	042= 00000000	043= 00000000	044= 00000000	045= 00000000	046= 00000000	047= 00000000	
DATA_O(noOS)	      0	      1	      2	      3	      4	      5	      6	      7	      8	      9	     10	     11	     12	     13	     14	     15	     16	     17	     18	     19	     20	     21	     22	     23	     24	     25	     26	     27	     28	     29	     30	     31	     32	     33	     34	     35	     36	     37	     38	     39	     40	     41	     42	     43	     44	     45	     46	     47	
	   1183	   1183	   1183	   1183	   1185	      0	      0	      0	      0	      0	      0	      0	      0	      0	      0	      0	      0	      0	      0	      0	      0	      0	      0	      0	      0	      0	      0	      0	      0	      0	      0	      0	      0	      0	      0	      0	      0	      0	      0	      0	      0	      0	      0	      0	      0	      0	      0	      0	
	00049f	00049f	00049f	00049f	0004a1	000000	000000	000000	000000	000000	000000	000000	000000	000000	000000	000000	000000	000000	000000	000000	000000	000000	000000	000000	000000	000000	000000	000000	000000	000000	000000	000000	000000	000000	000000	000000	000000	000000	000000	000000	000000	000000	000000	000000	000000	000000	000000	000000	
DATA_O_F	      0	      1	      2	      3	      4	      5	      6	      7	      8	      9	     10	     11	     12	     13	     14	     15	     16	     17	     18	     19	     20	     21	     22	     23	     24	     25	     26	     27	     28	     29	     30	     31	     32	     33	     34	     35	     36	     37	     38	     39	     40	     41	     42	     43	     44	     45	     46	     47	
	   -420	   -379	   -338	   -298	   -255	      0	      0	      0	      0	      0	      0	      0	      0	      0	      0	      0	      0	      0	      0	      0	      0	      0	      0	      0	      0	      0	      0	      0	      0	      0	      0	      0	      0	      0	      0	      0	      0	      0	      0	      0	      0	      0	      0	      0	      0	      0	      0	      0	
	fffe5c	fffe85	fffeae	fffed6	ffff01	000000	000000	000000	000000	000000	000000	000000	000000	000000	000000	000000	000000	000000	000000	000000	000000	000000	000000	000000	000000	000000	000000	000000	000000	000000	000000	000000	000000	000000	000000	000000	000000	000000	000000	000000	000000	000000	000000	000000	000000	000000	000000	000000	


PE3 ===============
MAC_ROW_NUM_ZP = 48	MAC_ROW_NUM_ORG = 5
MAC_COL_NUM_ZP = 24	MAC_COL_NUM_ORG = 20
MAC_W_COL_NUM = 1

SHIFT    = 6
SHIFT_OS = 0
SHIFT_NL = 0

TOTAL I WITH ZERO-PADDING = 24
TOTAL O WITH ZERO-PADDING = 48

TOTAL WORD SIZE OF I  WITH ZERO-PADDING = 2
TOTAL WORD SIZE OF O  WITH ZERO-PADDING = 6
TOTAL WORD SIZE OF W  WITH ZERO-PADDING = 72
TOTAL WORD SIZE OF TO WITH ZERO-PADDING = 16

W_PREC = 06B	DATApWORD = 16
I_PREC = 08B	DATApWORD = 12
O_PREC = 12B	DATApWORD = 08
TO_PREC = 32B	DATApWORD = 03


DATA_TO TRACKING
	      0	      1	
      0	  47165	
      1	  47165	
      2	  47165	
      3	  47165	
      4	  47165	
      5	      0	
      6	      0	
      7	      0	
      8	      0	
      9	      0	
     10	      0	
     11	      0	
     12	      0	
     13	      0	
     14	      0	
     15	      0	
     16	      0	
     17	      0	
     18	      0	
     19	      0	
     20	      0	
     21	      0	
     22	      0	
     23	      0	
     24	      0	
     25	      0	
     26	      0	
     27	      0	
     28	      0	
     29	      0	
     30	      0	
     31	      0	
     32	      0	
     33	      0	
     34	      0	
     35	      0	
     36	      0	
     37	      0	
     38	      0	
     39	      0	
     40	      0	
     41	      0	
     42	      0	
     43	      0	
     44	      0	
     45	      0	
     46	      0	
     47	      0	

DATA_W	      0	      1	      2	      3	      4	      5	      6	      7	      8	      9	     10	     11	     12	     13	     14	     15	     16	     17	     18	     19	     20	     21	     22	     23	
      0	    -32	    -32	    -32	    -32	    -32	    -32	    -32	    -31	    -31	    -31	    -31	    -31	    -31	    -31	    -31	    -30	    -30	    -30	    -30	    -30	      0	      0	      0	      0	
      1	    -32	    -32	    -32	    -32	    -32	    -32	    -32	    -31	    -31	    -31	    -31	    -31	    -31	    -31	    -31	    -30	    -30	    -30	    -30	    -30	      0	      0	      0	      0	
      2	    -32	    -32	    -32	    -32	    -32	    -32	    -32	    -31	    -31	    -31	    -31	    -31	    -31	    -31	    -31	    -30	    -30	    -30	    -30	    -30	      0	      0	      0	      0	
      3	    -32	    -32	    -32	    -32	    -32	    -32	    -32	    -31	    -31	    -31	    -31	    -31	    -31	    -31	    -31	    -30	    -30	    -30	    -30	    -30	      0	      0	      0	      0	
      4	    -32	    -32	    -32	    -32	    -32	    -32	    -32	    -31	    -31	    -31	    -31	    -31	    -31	    -31	    -31	    -30	    -30	    -30	    -30	    -30	      0	      0	      0	      0	
      5	      0	      0	      0	      0	      0	      0	      0	      0	      0	      0	      0	      0	      0	      0	      0	      0	      0	      0	      0	      0	      0	      0	      0	      0	
      6	      0	      0	      0	      0	      0	      0	      0	      0	      0	      0	      0	      0	      0	      0	      0	      0	      0	      0	      0	      0	      0	      0	      0	      0	
      7	      0	      0	      0	      0	      0	      0	      0	      0	      0	      0	      0	      0	      0	      0	      0	      0	      0	      0	      0	      0	      0	      0	      0	      0	
      8	      0	      0	      0	      0	      0	      0	      0	      0	      0	      0	      0	      0	      0	      0	      0	      0	      0	      0	      0	      0	      0	      0	      0	      0	
      9	      0	      0	      0	      0	      0	      0	      0	      0	      0	      0	      0	      0	      0	      0	      0	      0	      0	      0	      0	      0	      0	      0	      0	      0	
     10	      0	      0	      0	      0	      0	      0	      0	      0	      0	      0	      0	      0	      0	      0	      0	      0	      0	      0	      0	      0	      0	      0	      0	      0	
     11	      0	      0	      0	      0	      0	      0	      0	      0	      0	      0	      0	      0	      0	      0	      0	      0	      0	      0	      0	      0	      0	      0	      0	      0	
     12	      0	      0	      0	      0	      0	      0	      0	      0	      0	      0	      0	      0	      0	      0	      0	      0	      0	      0	      0	      0	      0	      0	      0	      0	
     13	      0	      0	      0	      0	      0	      0	      0	      0	      0	      0	      0	      0	      0	      0	      0	      0	      0	      0	      0	      0	      0	      0	      0	      0	
     14	      0	      0	      0	      0	      0	      0	      0	      0	      0	      0	      0	      0	      0	      0	      0	      0	      0	      0	      0	      0	      0	      0	      0	      0	
     15	      0	      0	      0	      0	      0	      0	      0	      0	      0	      0	      0	      0	      0	      0	      0	      0	      0	      0	      0	      0	      0	      0	      0	      0	
     16	      0	      0	      0	      0	      0	      0	      0	      0	      0	      0	      0	      0	      0	      0	      0	      0	      0	      0	      0	      0	      0	      0	      0	      0	
     17	      0	      0	      0	      0	      0	      0	      0	      0	      0	      0	      0	      0	      0	      0	      0	      0	      0	      0	      0	      0	      0	      0	      0	      0	
     18	      0	      0	      0	      0	      0	      0	      0	      0	      0	      0	      0	      0	      0	      0	      0	      0	      0	      0	      0	      0	      0	      0	      0	      0	
     19	      0	      0	      0	      0	      0	      0	      0	      0	      0	      0	      0	      0	      0	      0	      0	      0	      0	      0	      0	      0	      0	      0	      0	      0	
     20	      0	      0	      0	      0	      0	      0	      0	      0	      0	      0	      0	      0	      0	      0	      0	      0	      0	      0	      0	      0	      0	      0	      0	      0	
     21	      0	      0	      0	      0	      0	      0	      0	      0	      0	      0	      0	      0	      0	      0	      0	      0	      0	      0	      0	      0	      0	      0	      0	      0	
     22	      0	      0	      0	      0	      0	      0	      0	      0	      0	      0	      0	      0	      0	      0	      0	      0	      0	      0	      0	      0	      0	      0	      0	      0	
     23	      0	      0	      0	      0	      0	      0	      0	      0	      0	      0	      0	      0	      0	      0	      0	      0	      0	      0	      0	      0	      0	      0	      0	      0	
     24	      0	      0	      0	      0	      0	      0	      0	      0	      0	      0	      0	      0	      0	      0	      0	      0	      0	      0	      0	      0	      0	      0	      0	      0	
     25	      0	      0	      0	      0	      0	      0	      0	      0	      0	      0	      0	      0	      0	      0	      0	      0	      0	      0	      0	      0	      0	      0	      0	      0	
     26	      0	      0	      0	      0	      0	      0	      0	      0	      0	      0	      0	      0	      0	      0	      0	      0	      0	      0	      0	      0	      0	      0	      0	      0	
     27	      0	      0	      0	      0	      0	      0	      0	      0	      0	      0	      0	      0	      0	      0	      0	      0	      0	      0	      0	      0	      0	      0	      0	      0	
     28	      0	      0	      0	      0	      0	      0	      0	      0	      0	      0	      0	      0	      0	      0	      0	      0	      0	      0	      0	      0	      0	      0	      0	      0	
     29	      0	      0	      0	      0	      0	      0	      0	      0	      0	      0	      0	      0	      0	      0	      0	      0	      0	      0	      0	      0	      0	      0	      0	      0	
     30	      0	      0	      0	      0	      0	      0	      0	      0	      0	      0	      0	      0	      0	      0	      0	      0	      0	      0	      0	      0	      0	      0	      0	      0	
     31	      0	      0	      0	      0	      0	      0	      0	      0	      0	      0	      0	      0	      0	      0	      0	      0	      0	      0	      0	      0	      0	      0	      0	      0	
     32	      0	      0	      0	      0	      0	      0	      0	      0	      0	      0	      0	      0	      0	      0	      0	      0	      0	      0	      0	      0	      0	      0	      0	      0	
     33	      0	      0	      0	      0	      0	      0	      0	      0	      0	      0	      0	      0	      0	      0	      0	      0	      0	      0	      0	      0	      0	      0	      0	      0	
     34	      0	      0	      0	      0	      0	      0	      0	      0	      0	      0	      0	      0	      0	      0	      0	      0	      0	      0	      0	      0	      0	      0	      0	      0	
     35	      0	      0	      0	      0	      0	      0	      0	      0	      0	      0	      0	      0	      0	      0	      0	      0	      0	      0	      0	      0	      0	      0	      0	      0	
     36	      0	      0	      0	      0	      0	      0	      0	      0	      0	      0	      0	      0	      0	      0	      0	      0	      0	      0	      0	      0	      0	      0	      0	      0	
     37	      0	      0	      0	      0	      0	      0	      0	      0	      0	      0	      0	      0	      0	      0	      0	      0	      0	      0	      0	      0	      0	      0	      0	      0	
     38	      0	      0	      0	      0	      0	      0	      0	      0	      0	      0	      0	      0	      0	      0	      0	      0	      0	      0	      0	      0	      0	      0	      0	      0	
     39	      0	      0	      0	      0	      0	      0	      0	      0	      0	      0	      0	      0	      0	      0	      0	      0	      0	      0	      0	      0	      0	      0	      0	      0	
     40	      0	      0	      0	      0	      0	      0	      0	      0	      0	      0	      0	      0	      0	      0	      0	      0	      0	      0	      0	      0	      0	      0	      0	      0	
     41	      0	      0	      0	      0	      0	      0	      0	      0	      0	      0	      0	      0	      0	      0	      0	      0	      0	      0	      0	      0	      0	      0	      0	      0	
     42	      0	      0	      0	      0	      0	      0	      0	      0	      0	      0	      0	      0	      0	      0	      0	      0	      0	      0	      0	      0	      0	      0	      0	      0	
     43	      0	      0	      0	      0	      0	      0	      0	      0	      0	      0	      0	      0	      0	      0	      0	      0	      0	      0	      0	      0	      0	      0	      0	      0	
     44	      0	      0	      0	      0	      0	      0	      0	      0	      0	      0	      0	      0	      0	      0	      0	      0	      0	      0	      0	      0	      0	      0	      0	      0	
     45	      0	      0	      0	      0	      0	      0	      0	      0	      0	      0	      0	      0	      0	      0	      0	      0	      0	      0	      0	      0	      0	      0	      0	      0	
     46	      0	      0	      0	      0	      0	      0	      0	      0	      0	      0	      0	      0	      0	      0	      0	      0	      0	      0	      0	      0	      0	      0	      0	      0	
     47	      0	      0	      0	      0	      0	      0	      0	      0	      0	      0	      0	      0	      0	      0	      0	      0	      0	      0	      0	      0	      0	      0	      0	      0	

DATA_I	      0	      1	      2	      3	      4	      5	      6	      7	      8	      9	     10	     11	     12	     13	     14	     15	     16	     17	     18	     19	     20	     21	     22	     23	
	   -128	   -127	   -127	   -126	   -125	   -125	   -124	   -123	   -123	   -122	   -122	   -121	   -120	   -120	   -119	   -118	   -118	   -117	   -116	   -116	      0	      0	      0	      0	
DATA_OS	      0	      1	      2	      3	      4	      5	      6	      7	      8	      9	     10	     11	     12	     13	     14	     15	     16	     17	     18	     19	     20	     21	     22	     23	     24	     25	     26	     27	     28	     29	     30	     31	     32	     33	     34	     35	     36	     37	     38	     39	     40	     41	     42	     43	     44	     45	     46	     47	
	  -1400	  -1359	  -1319	  -1278	  -1238	      0	      0	      0	      0	      0	      0	      0	      0	      0	      0	      0	      0	      0	      0	      0	      0	      0	      0	      0	      0	      0	      0	      0	      0	      0	      0	      0	      0	      0	      0	      0	      0	      0	      0	      0	      0	      0	      0	      0	      0	      0	      0	      0	
DATA_TO	      0	      1	      2	      3	      4	      5	      6	      7	      8	      9	     10	     11	     12	     13	     14	     15	     16	     17	     18	     19	     20	     21	     22	     23	     24	     25	     26	     27	     28	     29	     30	     31	     32	     33	     34	     35	     36	     37	     38	     39	     40	     41	     42	     43	     44	     45	     46	     47	
	  47165	  47165	  47165	  47165	  47165	      0	      0	      0	      0	      0	      0	      0	      0	      0	      0	      0	      0	      0	      0	      0	      0	      0	      0	      0	      0	      0	      0	      0	      0	      0	      0	      0	      0	      0	      0	      0	      0	      0	      0	      0	      0	      0	      0	      0	      0	      0	      0	      0	
O(noSH)	      0	      1	      2	      3	      4	      5	      6	      7	      8	      9	     10	     11	     12	     13	     14	     15	     16	     17	     18	     19	     20	     21	     22	     23	     24	     25	     26	     27	     28	     29	     30	     31	     32	     33	     34	     35	     36	     37	     38	     39	     40	     41	     42	     43	     44	     45	     46	     47	
	  75844	  75844	  75844	  75844	  75844	      0	      0	      0	      0	      0	      0	      0	      0	      0	      0	      0	      0	      0	      0	      0	      0	      0	      0	      0	      0	      0	      0	      0	      0	      0	      0	      0	      0	      0	      0	      0	      0	      0	      0	      0	      0	      0	      0	      0	      0	      0	      0	      0	
	000= 00012844	001= 00012844	002= 00012844	003= 00012844	004= 00012844	005= 00000000	006= 00000000	007= 00000000	008= 00000000	009= 00000000	010= 00000000	011= 00000000	012= 00000000	013= 00000000	014= 00000000	015= 00000000	016= 00000000	017= 00000000	018= 00000000	019= 00000000	020= 00000000	021= 00000000	022= 00000000	023= 00000000	024= 00000000	025= 00000000	026= 00000000	027= 00000000	028= 00000000	029= 00000000	030= 00000000	031= 00000000	032= 00000000	033= 00000000	034= 00000000	035= 00000000	036= 00000000	037= 00000000	038= 00000000	039= 00000000	040= 00000000	041= 00000000	042= 00000000	043= 00000000	044= 00000000	045= 00000000	046= 00000000	047= 00000000	
O(32bOV)	      0	      1	      2	      3	      4	      5	      6	      7	      8	      9	     10	     11	     12	     13	     14	     15	     16	     17	     18	     19	     20	     21	     22	     23	     24	     25	     26	     27	     28	     29	     30	     31	     32	     33	     34	     35	     36	     37	     38	     39	     40	     41	     42	     43	     44	     45	     46	     47	
	  75844	  75844	  75844	  75844	  75844	      0	      0	      0	      0	      0	      0	      0	      0	      0	      0	      0	      0	      0	      0	      0	      0	      0	      0	      0	      0	      0	      0	      0	      0	      0	      0	      0	      0	      0	      0	      0	      0	      0	      0	      0	      0	      0	      0	      0	      0	      0	      0	      0	
	000= 00012844	001= 00012844	002= 00012844	003= 00012844	004= 00012844	005= 00000000	006= 00000000	007= 00000000	008= 00000000	009= 00000000	010= 00000000	011= 00000000	012= 00000000	013= 00000000	014= 00000000	015= 00000000	016= 00000000	017= 00000000	018= 00000000	019= 00000000	020= 00000000	021= 00000000	022= 00000000	023= 00000000	024= 00000000	025= 00000000	026= 00000000	027= 00000000	028= 00000000	029= 00000000	030= 00000000	031= 00000000	032= 00000000	033= 00000000	034= 00000000	035= 00000000	036= 00000000	037= 00000000	038= 00000000	039= 00000000	040= 00000000	041= 00000000	042= 00000000	043= 00000000	044= 00000000	045= 00000000	046= 00000000	047= 00000000	
DATA_O(noOS)	      0	      1	      2	      3	      4	      5	      6	      7	      8	      9	     10	     11	     12	     13	     14	     15	     16	     17	     18	     19	     20	     21	     22	     23	     24	     25	     26	     27	     28	     29	     30	     31	     32	     33	     34	     35	     36	     37	     38	     39	     40	     41	     42	     43	     44	     45	     46	     47	
	   1185	   1185	   1185	   1185	   1185	      0	      0	      0	      0	      0	      0	      0	      0	      0	      0	      0	      0	      0	      0	      0	      0	      0	      0	      0	      0	      0	      0	      0	      0	      0	      0	      0	      0	      0	      0	      0	      0	      0	      0	      0	      0	      0	      0	      0	      0	      0	      0	      0	
	0004a1	0004a1	0004a1	0004a1	0004a1	000000	000000	000000	000000	000000	000000	000000	000000	000000	000000	000000	000000	000000	000000	000000	000000	000000	000000	000000	000000	000000	000000	000000	000000	000000	000000	000000	000000	000000	000000	000000	000000	000000	000000	000000	000000	000000	000000	000000	000000	000000	000000	000000	
DATA_O_F	      0	      1	      2	      3	      4	      5	      6	      7	      8	      9	     10	     11	     12	     13	     14	     15	     16	     17	     18	     19	     20	     21	     22	     23	     24	     25	     26	     27	     28	     29	     30	     31	     32	     33	     34	     35	     36	     37	     38	     39	     40	     41	     42	     43	     44	     45	     46	     47	
	   -215	   -174	   -134	    -93	    -53	      0	      0	      0	      0	      0	      0	      0	      0	      0	      0	      0	      0	      0	      0	      0	      0	      0	      0	      0	      0	      0	      0	      0	      0	      0	      0	      0	      0	      0	      0	      0	      0	      0	      0	      0	      0	      0	      0	      0	      0	      0	      0	      0	
	ffff29	ffff52	ffff7a	ffffa3	ffffcb	000000	000000	000000	000000	000000	000000	000000	000000	000000	000000	000000	000000	000000	000000	000000	000000	000000	000000	000000	000000	000000	000000	000000	000000	000000	000000	000000	000000	000000	000000	000000	000000	000000	000000	000000	000000	000000	000000	000000	000000	000000	000000	000000	


W_INDEX INFO IN STORING ORDER: W_INDEX = CURRENT_ROW_INDEX x TOT_COL_NUM + INDEX_OF_COL_IN_CURRENT_ROW

   0	   1	   2	   3	   4	   5	   6	   7	   8	   9	  10	  11	  24	  25	  26	  27	
  28	  29	  30	  31	  32	  33	  34	  35	  48	  49	  50	  51	  52	  53	  54	  55	
  56	  57	  58	  59	  72	  73	  74	  75	  76	  77	  78	  79	  80	  81	  82	  83	
  96	  97	  98	  99	 100	 101	 102	 103	 104	 105	 106	 107	 120	 121	 122	 123	
 124	 125	 126	 127	 128	 129	 130	 131	 144	 145	 146	 147	 148	 149	 150	 151	
 152	 153	 154	 155	 168	 169	 170	 171	 172	 173	 174	 175	 176	 177	 178	 179	
 192	 193	 194	 195	 196	 197	 198	 199	 200	 201	 202	 203	 216	 217	 218	 219	
 220	 221	 222	 223	 224	 225	 226	 227	 240	 241	 242	 243	 244	 245	 246	 247	
 248	 249	 250	 251	 264	 265	 266	 267	 268	 269	 270	 271	 272	 273	 274	 275	
 288	 289	 290	 291	 292	 293	 294	 295	 296	 297	 298	 299	 312	 313	 314	 315	
 316	 317	 318	 319	 320	 321	 322	 323	 336	 337	 338	 339	 340	 341	 342	 343	
 344	 345	 346	 347	 360	 361	 362	 363	 364	 365	 366	 367	 368	 369	 370	 371	
 384	 385	 386	 387	 388	 389	 390	 391	 392	 393	 394	 395	 408	 409	 410	 411	
 412	 413	 414	 415	 416	 417	 418	 419	 432	 433	 434	 435	 436	 437	 438	 439	
 440	 441	 442	 443	 456	 457	 458	 459	 460	 461	 462	 463	 464	 465	 466	 467	
 480	 481	 482	 483	 484	 485	 486	 487	 488	 489	 490	 491	 504	 505	 506	 507	
 508	 509	 510	 511	 512	 513	 514	 515	 528	 529	 530	 531	 532	 533	 534	 535	
 536	 537	 538	 539	 552	 553	 554	 555	 556	 557	 558	 559	 560	 561	 562	 563	
 576	 577	 578	 579	 580	 581	 582	 583	 584	 585	 586	 587	 600	 601	 602	 603	
 604	 605	 606	 607	 608	 609	 610	 611	 624	 625	 626	 627	 628	 629	 630	 631	
 632	 633	 634	 635	 648	 649	 650	 651	 652	 653	 654	 655	 656	 657	 658	 659	
 672	 673	 674	 675	 676	 677	 678	 679	 680	 681	 682	 683	 696	 697	 698	 699	
 700	 701	 702	 703	 704	 705	 706	 707	 720	 721	 722	 723	 724	 725	 726	 727	
 728	 729	 730	 731	 744	 745	 746	 747	 748	 749	 750	 751	 752	 753	 754	 755	
 768	 769	 770	 771	 772	 773	 774	 775	 776	 777	 778	 779	 792	 793	 794	 795	
 796	 797	 798	 799	 800	 801	 802	 803	 816	 817	 818	 819	 820	 821	 822	 823	
 824	 825	 826	 827	 840	 841	 842	 843	 844	 845	 846	 847	 848	 849	 850	 851	
 864	 865	 866	 867	 868	 869	 870	 871	 872	 873	 874	 875	 888	 889	 890	 891	
 892	 893	 894	 895	 896	 897	 898	 899	 912	 913	 914	 915	 916	 917	 918	 919	
 920	 921	 922	 923	 936	 937	 938	 939	 940	 941	 942	 943	 944	 945	 946	 947	
 960	 961	 962	 963	 964	 965	 966	 967	 968	 969	 970	 971	 984	 985	 986	 987	
 988	 989	 990	 991	 992	 993	 994	 995	1008	1009	1010	1011	1012	1013	1014	1015	
1016	1017	1018	1019	1032	1033	1034	1035	1036	1037	1038	1039	1040	1041	1042	1043	
1056	1057	1058	1059	1060	1061	1062	1063	1064	1065	1066	1067	1080	1081	1082	1083	
1084	1085	1086	1087	1088	1089	1090	1091	1104	1105	1106	1107	1108	1109	1110	1111	
1112	1113	1114	1115	1128	1129	1130	1131	1132	1133	1134	1135	1136	1137	1138	1139	

  12	  13	  14	  15	  16	  17	  18	  19	  20	  21	  22	  23	  36	  37	  38	  39	
  40	  41	  42	  43	  44	  45	  46	  47	  60	  61	  62	  63	  64	  65	  66	  67	
  68	  69	  70	  71	  84	  85	  86	  87	  88	  89	  90	  91	  92	  93	  94	  95	
 108	 109	 110	 111	 112	 113	 114	 115	 116	 117	 118	 119	 132	 133	 134	 135	
 136	 137	 138	 139	 140	 141	 142	 143	 156	 157	 158	 159	 160	 161	 162	 163	
 164	 165	 166	 167	 180	 181	 182	 183	 184	 185	 186	 187	 188	 189	 190	 191	
 204	 205	 206	 207	 208	 209	 210	 211	 212	 213	 214	 215	 228	 229	 230	 231	
 232	 233	 234	 235	 236	 237	 238	 239	 252	 253	 254	 255	 256	 257	 258	 259	
 260	 261	 262	 263	 276	 277	 278	 279	 280	 281	 282	 283	 284	 285	 286	 287	
 300	 301	 302	 303	 304	 305	 306	 307	 308	 309	 310	 311	 324	 325	 326	 327	
 328	 329	 330	 331	 332	 333	 334	 335	 348	 349	 350	 351	 352	 353	 354	 355	
 356	 357	 358	 359	 372	 373	 374	 375	 376	 377	 378	 379	 380	 381	 382	 383	
 396	 397	 398	 399	 400	 401	 402	 403	 404	 405	 406	 407	 420	 421	 422	 423	
 424	 425	 426	 427	 428	 429	 430	 431	 444	 445	 446	 447	 448	 449	 450	 451	
 452	 453	 454	 455	 468	 469	 470	 471	 472	 473	 474	 475	 476	 477	 478	 479	
 492	 493	 494	 495	 496	 497	 498	 499	 500	 501	 502	 503	 516	 517	 518	 519	
 520	 521	 522	 523	 524	 525	 526	 527	 540	 541	 542	 543	 544	 545	 546	 547	
 548	 549	 550	 551	 564	 565	 566	 567	 568	 569	 570	 571	 572	 573	 574	 575	
 588	 589	 590	 591	 592	 593	 594	 595	 596	 597	 598	 599	 612	 613	 614	 615	
 616	 617	 618	 619	 620	 621	 622	 623	 636	 637	 638	 639	 640	 641	 642	 643	
 644	 645	 646	 647	 660	 661	 662	 663	 664	 665	 666	 667	 668	 669	 670	 671	
 684	 685	 686	 687	 688	 689	 690	 691	 692	 693	 694	 695	 708	 709	 710	 711	
 712	 713	 714	 715	 716	 717	 718	 719	 732	 733	 734	 735	 736	 737	 738	 739	
 740	 741	 742	 743	 756	 757	 758	 759	 760	 761	 762	 763	 764	 765	 766	 767	
 780	 781	 782	 783	 784	 785	 786	 787	 788	 789	 790	 791	 804	 805	 806	 807	
 808	 809	 810	 811	 812	 813	 814	 815	 828	 829	 830	 831	 832	 833	 834	 835	
 836	 837	 838	 839	 852	 853	 854	 855	 856	 857	 858	 859	 860	 861	 862	 863	
 876	 877	 878	 879	 880	 881	 882	 883	 884	 885	 886	 887	 900	 901	 902	 903	
 904	 905	 906	 907	 908	 909	 910	 911	 924	 925	 926	 927	 928	 929	 930	 931	
 932	 933	 934	 935	 948	 949	 950	 951	 952	 953	 954	 955	 956	 957	 958	 959	
 972	 973	 974	 975	 976	 977	 978	 979	 980	 981	 982	 983	 996	 997	 998	 999	
1000	1001	1002	1003	1004	1005	1006	1007	1020	1021	1022	1023	1024	1025	1026	1027	
1028	1029	1030	1031	1044	1045	1046	1047	1048	1049	1050	1051	1052	1053	1054	1055	
1068	1069	1070	1071	1072	1073	1074	1075	1076	1077	1078	1079	1092	1093	1094	1095	
1096	1097	1098	1099	1100	1101	1102	1103	1116	1117	1118	1119	1120	1121	1122	1123	
1124	1125	1126	1127	1140	1141	1142	1143	1144	1145	1146	1147	1148	1149	1150	1151	












W_INDEX INFO IN STORING ORDER: W_INDEX = CURRENT_ROW_INDEX x TOT_COL_NUM + INDEX_OF_COL_IN_CURRENT_ROW

   0	   1	   2	   3	   4	   5	   6	   7	   8	   9	  10	  11	  24	  25	  26	  27	
  28	  29	  30	  31	  32	  33	  34	  35	  48	  49	  50	  51	  52	  53	  54	  55	
  56	  57	  58	  59	  72	  73	  74	  75	  76	  77	  78	  79	  80	  81	  82	  83	
  96	  97	  98	  99	 100	 101	 102	 103	 104	 105	 106	 107	 120	 121	 122	 123	
 124	 125	 126	 127	 128	 129	 130	 131	 144	 145	 146	 147	 148	 149	 150	 151	
 152	 153	 154	 155	 168	 169	 170	 171	 172	 173	 174	 175	 176	 177	 178	 179	
 192	 193	 194	 195	 196	 197	 198	 199	 200	 201	 202	 203	 216	 217	 218	 219	
 220	 221	 222	 223	 224	 225	 226	 227	 240	 241	 242	 243	 244	 245	 246	 247	
 248	 249	 250	 251	 264	 265	 266	 267	 268	 269	 270	 271	 272	 273	 274	 275	
 288	 289	 290	 291	 292	 293	 294	 295	 296	 297	 298	 299	 312	 313	 314	 315	
 316	 317	 318	 319	 320	 321	 322	 323	 336	 337	 338	 339	 340	 341	 342	 343	
 344	 345	 346	 347	 360	 361	 362	 363	 364	 365	 366	 367	 368	 369	 370	 371	
 384	 385	 386	 387	 388	 389	 390	 391	 392	 393	 394	 395	 408	 409	 410	 411	
 412	 413	 414	 415	 416	 417	 418	 419	 432	 433	 434	 435	 436	 437	 438	 439	
 440	 441	 442	 443	 456	 457	 458	 459	 460	 461	 462	 463	 464	 465	 466	 467	
 480	 481	 482	 483	 484	 485	 486	 487	 488	 489	 490	 491	 504	 505	 506	 507	
 508	 509	 510	 511	 512	 513	 514	 515	 528	 529	 530	 531	 532	 533	 534	 535	
 536	 537	 538	 539	 552	 553	 554	 555	 556	 557	 558	 559	 560	 561	 562	 563	
 576	 577	 578	 579	 580	 581	 582	 583	 584	 585	 586	 587	 600	 601	 602	 603	
 604	 605	 606	 607	 608	 609	 610	 611	 624	 625	 626	 627	 628	 629	 630	 631	
 632	 633	 634	 635	 648	 649	 650	 651	 652	 653	 654	 655	 656	 657	 658	 659	
 672	 673	 674	 675	 676	 677	 678	 679	 680	 681	 682	 683	 696	 697	 698	 699	
 700	 701	 702	 703	 704	 705	 706	 707	 720	 721	 722	 723	 724	 725	 726	 727	
 728	 729	 730	 731	 744	 745	 746	 747	 748	 749	 750	 751	 752	 753	 754	 755	
 768	 769	 770	 771	 772	 773	 774	 775	 776	 777	 778	 779	 792	 793	 794	 795	
 796	 797	 798	 799	 800	 801	 802	 803	 816	 817	 818	 819	 820	 821	 822	 823	
 824	 825	 826	 827	 840	 841	 842	 843	 844	 845	 846	 847	 848	 849	 850	 851	
 864	 865	 866	 867	 868	 869	 870	 871	 872	 873	 874	 875	 888	 889	 890	 891	
 892	 893	 894	 895	 896	 897	 898	 899	 912	 913	 914	 915	 916	 917	 918	 919	
 920	 921	 922	 923	 936	 937	 938	 939	 940	 941	 942	 943	 944	 945	 946	 947	
 960	 961	 962	 963	 964	 965	 966	 967	 968	 969	 970	 971	 984	 985	 986	 987	
 988	 989	 990	 991	 992	 993	 994	 995	1008	1009	1010	1011	1012	1013	1014	1015	
1016	1017	1018	1019	1032	1033	1034	1035	1036	1037	1038	1039	1040	1041	1042	1043	
1056	1057	1058	1059	1060	1061	1062	1063	1064	1065	1066	1067	1080	1081	1082	1083	
1084	1085	1086	1087	1088	1089	1090	1091	1104	1105	1106	1107	1108	1109	1110	1111	
1112	1113	1114	1115	1128	1129	1130	1131	1132	1133	1134	1135	1136	1137	1138	1139	

  12	  13	  14	  15	  16	  17	  18	  19	  20	  21	  22	  23	  36	  37	  38	  39	
  40	  41	  42	  43	  44	  45	  46	  47	  60	  61	  62	  63	  64	  65	  66	  67	
  68	  69	  70	  71	  84	  85	  86	  87	  88	  89	  90	  91	  92	  93	  94	  95	
 108	 109	 110	 111	 112	 113	 114	 115	 116	 117	 118	 119	 132	 133	 134	 135	
 136	 137	 138	 139	 140	 141	 142	 143	 156	 157	 158	 159	 160	 161	 162	 163	
 164	 165	 166	 167	 180	 181	 182	 183	 184	 185	 186	 187	 188	 189	 190	 191	
 204	 205	 206	 207	 208	 209	 210	 211	 212	 213	 214	 215	 228	 229	 230	 231	
 232	 233	 234	 235	 236	 237	 238	 239	 252	 253	 254	 255	 256	 257	 258	 259	
 260	 261	 262	 263	 276	 277	 278	 279	 280	 281	 282	 283	 284	 285	 286	 287	
 300	 301	 302	 303	 304	 305	 306	 307	 308	 309	 310	 311	 324	 325	 326	 327	
 328	 329	 330	 331	 332	 333	 334	 335	 348	 349	 350	 351	 352	 353	 354	 355	
 356	 357	 358	 359	 372	 373	 374	 375	 376	 377	 378	 379	 380	 381	 382	 383	
 396	 397	 398	 399	 400	 401	 402	 403	 404	 405	 406	 407	 420	 421	 422	 423	
 424	 425	 426	 427	 428	 429	 430	 431	 444	 445	 446	 447	 448	 449	 450	 451	
 452	 453	 454	 455	 468	 469	 470	 471	 472	 473	 474	 475	 476	 477	 478	 479	
 492	 493	 494	 495	 496	 497	 498	 499	 500	 501	 502	 503	 516	 517	 518	 519	
 520	 521	 522	 523	 524	 525	 526	 527	 540	 541	 542	 543	 544	 545	 546	 547	
 548	 549	 550	 551	 564	 565	 566	 567	 568	 569	 570	 571	 572	 573	 574	 575	
 588	 589	 590	 591	 592	 593	 594	 595	 596	 597	 598	 599	 612	 613	 614	 615	
 616	 617	 618	 619	 620	 621	 622	 623	 636	 637	 638	 639	 640	 641	 642	 643	
 644	 645	 646	 647	 660	 661	 662	 663	 664	 665	 666	 667	 668	 669	 670	 671	
 684	 685	 686	 687	 688	 689	 690	 691	 692	 693	 694	 695	 708	 709	 710	 711	
 712	 713	 714	 715	 716	 717	 718	 719	 732	 733	 734	 735	 736	 737	 738	 739	
 740	 741	 742	 743	 756	 757	 758	 759	 760	 761	 762	 763	 764	 765	 766	 767	
 780	 781	 782	 783	 784	 785	 786	 787	 788	 789	 790	 791	 804	 805	 806	 807	
 808	 809	 810	 811	 812	 813	 814	 815	 828	 829	 830	 831	 832	 833	 834	 835	
 836	 837	 838	 839	 852	 853	 854	 855	 856	 857	 858	 859	 860	 861	 862	 863	
 876	 877	 878	 879	 880	 881	 882	 883	 884	 885	 886	 887	 900	 901	 902	 903	
 904	 905	 906	 907	 908	 909	 910	 911	 924	 925	 926	 927	 928	 929	 930	 931	
 932	 933	 934	 935	 948	 949	 950	 951	 952	 953	 954	 955	 956	 957	 958	 959	
 972	 973	 974	 975	 976	 977	 978	 979	 980	 981	 982	 983	 996	 997	 998	 999	
1000	1001	1002	1003	1004	1005	1006	1007	1020	1021	1022	1023	1024	1025	1026	1027	
1028	1029	1030	1031	1044	1045	1046	1047	1048	1049	1050	1051	1052	1053	1054	1055	
1068	1069	1070	1071	1072	1073	1074	1075	1076	1077	1078	1079	1092	1093	1094	1095	
1096	1097	1098	1099	1100	1101	1102	1103	1116	1117	1118	1119	1120	1121	1122	1123	
1124	1125	1126	1127	1140	1141	1142	1143	1144	1145	1146	1147	1148	1149	1150	1151	












W_INDEX INFO IN STORING ORDER: W_INDEX = CURRENT_ROW_INDEX x TOT_COL_NUM + INDEX_OF_COL_IN_CURRENT_ROW

   0	   1	   2	   3	   4	   5	   6	   7	   8	   9	  10	  11	  24	  25	  26	  27	
  28	  29	  30	  31	  32	  33	  34	  35	  48	  49	  50	  51	  52	  53	  54	  55	
  56	  57	  58	  59	  72	  73	  74	  75	  76	  77	  78	  79	  80	  81	  82	  83	
  96	  97	  98	  99	 100	 101	 102	 103	 104	 105	 106	 107	 120	 121	 122	 123	
 124	 125	 126	 127	 128	 129	 130	 131	 144	 145	 146	 147	 148	 149	 150	 151	
 152	 153	 154	 155	 168	 169	 170	 171	 172	 173	 174	 175	 176	 177	 178	 179	
 192	 193	 194	 195	 196	 197	 198	 199	 200	 201	 202	 203	 216	 217	 218	 219	
 220	 221	 222	 223	 224	 225	 226	 227	 240	 241	 242	 243	 244	 245	 246	 247	
 248	 249	 250	 251	 264	 265	 266	 267	 268	 269	 270	 271	 272	 273	 274	 275	
 288	 289	 290	 291	 292	 293	 294	 295	 296	 297	 298	 299	 312	 313	 314	 315	
 316	 317	 318	 319	 320	 321	 322	 323	 336	 337	 338	 339	 340	 341	 342	 343	
 344	 345	 346	 347	 360	 361	 362	 363	 364	 365	 366	 367	 368	 369	 370	 371	
 384	 385	 386	 387	 388	 389	 390	 391	 392	 393	 394	 395	 408	 409	 410	 411	
 412	 413	 414	 415	 416	 417	 418	 419	 432	 433	 434	 435	 436	 437	 438	 439	
 440	 441	 442	 443	 456	 457	 458	 459	 460	 461	 462	 463	 464	 465	 466	 467	
 480	 481	 482	 483	 484	 485	 486	 487	 488	 489	 490	 491	 504	 505	 506	 507	
 508	 509	 510	 511	 512	 513	 514	 515	 528	 529	 530	 531	 532	 533	 534	 535	
 536	 537	 538	 539	 552	 553	 554	 555	 556	 557	 558	 559	 560	 561	 562	 563	
 576	 577	 578	 579	 580	 581	 582	 583	 584	 585	 586	 587	 600	 601	 602	 603	
 604	 605	 606	 607	 608	 609	 610	 611	 624	 625	 626	 627	 628	 629	 630	 631	
 632	 633	 634	 635	 648	 649	 650	 651	 652	 653	 654	 655	 656	 657	 658	 659	
 672	 673	 674	 675	 676	 677	 678	 679	 680	 681	 682	 683	 696	 697	 698	 699	
 700	 701	 702	 703	 704	 705	 706	 707	 720	 721	 722	 723	 724	 725	 726	 727	
 728	 729	 730	 731	 744	 745	 746	 747	 748	 749	 750	 751	 752	 753	 754	 755	
 768	 769	 770	 771	 772	 773	 774	 775	 776	 777	 778	 779	 792	 793	 794	 795	
 796	 797	 798	 799	 800	 801	 802	 803	 816	 817	 818	 819	 820	 821	 822	 823	
 824	 825	 826	 827	 840	 841	 842	 843	 844	 845	 846	 847	 848	 849	 850	 851	
 864	 865	 866	 867	 868	 869	 870	 871	 872	 873	 874	 875	 888	 889	 890	 891	
 892	 893	 894	 895	 896	 897	 898	 899	 912	 913	 914	 915	 916	 917	 918	 919	
 920	 921	 922	 923	 936	 937	 938	 939	 940	 941	 942	 943	 944	 945	 946	 947	
 960	 961	 962	 963	 964	 965	 966	 967	 968	 969	 970	 971	 984	 985	 986	 987	
 988	 989	 990	 991	 992	 993	 994	 995	1008	1009	1010	1011	1012	1013	1014	1015	
1016	1017	1018	1019	1032	1033	1034	1035	1036	1037	1038	1039	1040	1041	1042	1043	
1056	1057	1058	1059	1060	1061	1062	1063	1064	1065	1066	1067	1080	1081	1082	1083	
1084	1085	1086	1087	1088	1089	1090	1091	1104	1105	1106	1107	1108	1109	1110	1111	
1112	1113	1114	1115	1128	1129	1130	1131	1132	1133	1134	1135	1136	1137	1138	1139	

  12	  13	  14	  15	  16	  17	  18	  19	  20	  21	  22	  23	  36	  37	  38	  39	
  40	  41	  42	  43	  44	  45	  46	  47	  60	  61	  62	  63	  64	  65	  66	  67	
  68	  69	  70	  71	  84	  85	  86	  87	  88	  89	  90	  91	  92	  93	  94	  95	
 108	 109	 110	 111	 112	 113	 114	 115	 116	 117	 118	 119	 132	 133	 134	 135	
 136	 137	 138	 139	 140	 141	 142	 143	 156	 157	 158	 159	 160	 161	 162	 163	
 164	 165	 166	 167	 180	 181	 182	 183	 184	 185	 186	 187	 188	 189	 190	 191	
 204	 205	 206	 207	 208	 209	 210	 211	 212	 213	 214	 215	 228	 229	 230	 231	
 232	 233	 234	 235	 236	 237	 238	 239	 252	 253	 254	 255	 256	 257	 258	 259	
 260	 261	 262	 263	 276	 277	 278	 279	 280	 281	 282	 283	 284	 285	 286	 287	
 300	 301	 302	 303	 304	 305	 306	 307	 308	 309	 310	 311	 324	 325	 326	 327	
 328	 329	 330	 331	 332	 333	 334	 335	 348	 349	 350	 351	 352	 353	 354	 355	
 356	 357	 358	 359	 372	 373	 374	 375	 376	 377	 378	 379	 380	 381	 382	 383	
 396	 397	 398	 399	 400	 401	 402	 403	 404	 405	 406	 407	 420	 421	 422	 423	
 424	 425	 426	 427	 428	 429	 430	 431	 444	 445	 446	 447	 448	 449	 450	 451	
 452	 453	 454	 455	 468	 469	 470	 471	 472	 473	 474	 475	 476	 477	 478	 479	
 492	 493	 494	 495	 496	 497	 498	 499	 500	 501	 502	 503	 516	 517	 518	 519	
 520	 521	 522	 523	 524	 525	 526	 527	 540	 541	 542	 543	 544	 545	 546	 547	
 548	 549	 550	 551	 564	 565	 566	 567	 568	 569	 570	 571	 572	 573	 574	 575	
 588	 589	 590	 591	 592	 593	 594	 595	 596	 597	 598	 599	 612	 613	 614	 615	
 616	 617	 618	 619	 620	 621	 622	 623	 636	 637	 638	 639	 640	 641	 642	 643	
 644	 645	 646	 647	 660	 661	 662	 663	 664	 665	 666	 667	 668	 669	 670	 671	
 684	 685	 686	 687	 688	 689	 690	 691	 692	 693	 694	 695	 708	 709	 710	 711	
 712	 713	 714	 715	 716	 717	 718	 719	 732	 733	 734	 735	 736	 737	 738	 739	
 740	 741	 742	 743	 756	 757	 758	 759	 760	 761	 762	 763	 764	 765	 766	 767	
 780	 781	 782	 783	 784	 785	 786	 787	 788	 789	 790	 791	 804	 805	 806	 807	
 808	 809	 810	 811	 812	 813	 814	 815	 828	 829	 830	 831	 832	 833	 834	 835	
 836	 837	 838	 839	 852	 853	 854	 855	 856	 857	 858	 859	 860	 861	 862	 863	
 876	 877	 878	 879	 880	 881	 882	 883	 884	 885	 886	 887	 900	 901	 902	 903	
 904	 905	 906	 907	 908	 909	 910	 911	 924	 925	 926	 927	 928	 929	 930	 931	
 932	 933	 934	 935	 948	 949	 950	 951	 952	 953	 954	 955	 956	 957	 958	 959	
 972	 973	 974	 975	 976	 977	 978	 979	 980	 981	 982	 983	 996	 997	 998	 999	
1000	1001	1002	1003	1004	1005	1006	1007	1020	1021	1022	1023	1024	1025	1026	1027	
1028	1029	1030	1031	1044	1045	1046	1047	1048	1049	1050	1051	1052	1053	1054	1055	
1068	1069	1070	1071	1072	1073	1074	1075	1076	1077	1078	1079	1092	1093	1094	1095	
1096	1097	1098	1099	1100	1101	1102	1103	1116	1117	1118	1119	1120	1121	1122	1123	
1124	1125	1126	1127	1140	1141	1142	1143	1144	1145	1146	1147	1148	1149	1150	1151	












W_INDEX INFO IN STORING ORDER: W_INDEX = CURRENT_ROW_INDEX x TOT_COL_NUM + INDEX_OF_COL_IN_CURRENT_ROW

   0	   1	   2	   3	   4	   5	   6	   7	   8	   9	  10	  11	  24	  25	  26	  27	
  28	  29	  30	  31	  32	  33	  34	  35	  48	  49	  50	  51	  52	  53	  54	  55	
  56	  57	  58	  59	  72	  73	  74	  75	  76	  77	  78	  79	  80	  81	  82	  83	
  96	  97	  98	  99	 100	 101	 102	 103	 104	 105	 106	 107	 120	 121	 122	 123	
 124	 125	 126	 127	 128	 129	 130	 131	 144	 145	 146	 147	 148	 149	 150	 151	
 152	 153	 154	 155	 168	 169	 170	 171	 172	 173	 174	 175	 176	 177	 178	 179	
 192	 193	 194	 195	 196	 197	 198	 199	 200	 201	 202	 203	 216	 217	 218	 219	
 220	 221	 222	 223	 224	 225	 226	 227	 240	 241	 242	 243	 244	 245	 246	 247	
 248	 249	 250	 251	 264	 265	 266	 267	 268	 269	 270	 271	 272	 273	 274	 275	
 288	 289	 290	 291	 292	 293	 294	 295	 296	 297	 298	 299	 312	 313	 314	 315	
 316	 317	 318	 319	 320	 321	 322	 323	 336	 337	 338	 339	 340	 341	 342	 343	
 344	 345	 346	 347	 360	 361	 362	 363	 364	 365	 366	 367	 368	 369	 370	 371	
 384	 385	 386	 387	 388	 389	 390	 391	 392	 393	 394	 395	 408	 409	 410	 411	
 412	 413	 414	 415	 416	 417	 418	 419	 432	 433	 434	 435	 436	 437	 438	 439	
 440	 441	 442	 443	 456	 457	 458	 459	 460	 461	 462	 463	 464	 465	 466	 467	
 480	 481	 482	 483	 484	 485	 486	 487	 488	 489	 490	 491	 504	 505	 506	 507	
 508	 509	 510	 511	 512	 513	 514	 515	 528	 529	 530	 531	 532	 533	 534	 535	
 536	 537	 538	 539	 552	 553	 554	 555	 556	 557	 558	 559	 560	 561	 562	 563	
 576	 577	 578	 579	 580	 581	 582	 583	 584	 585	 586	 587	 600	 601	 602	 603	
 604	 605	 606	 607	 608	 609	 610	 611	 624	 625	 626	 627	 628	 629	 630	 631	
 632	 633	 634	 635	 648	 649	 650	 651	 652	 653	 654	 655	 656	 657	 658	 659	
 672	 673	 674	 675	 676	 677	 678	 679	 680	 681	 682	 683	 696	 697	 698	 699	
 700	 701	 702	 703	 704	 705	 706	 707	 720	 721	 722	 723	 724	 725	 726	 727	
 728	 729	 730	 731	 744	 745	 746	 747	 748	 749	 750	 751	 752	 753	 754	 755	
 768	 769	 770	 771	 772	 773	 774	 775	 776	 777	 778	 779	 792	 793	 794	 795	
 796	 797	 798	 799	 800	 801	 802	 803	 816	 817	 818	 819	 820	 821	 822	 823	
 824	 825	 826	 827	 840	 841	 842	 843	 844	 845	 846	 847	 848	 849	 850	 851	
 864	 865	 866	 867	 868	 869	 870	 871	 872	 873	 874	 875	 888	 889	 890	 891	
 892	 893	 894	 895	 896	 897	 898	 899	 912	 913	 914	 915	 916	 917	 918	 919	
 920	 921	 922	 923	 936	 937	 938	 939	 940	 941	 942	 943	 944	 945	 946	 947	
 960	 961	 962	 963	 964	 965	 966	 967	 968	 969	 970	 971	 984	 985	 986	 987	
 988	 989	 990	 991	 992	 993	 994	 995	1008	1009	1010	1011	1012	1013	1014	1015	
1016	1017	1018	1019	1032	1033	1034	1035	1036	1037	1038	1039	1040	1041	1042	1043	
1056	1057	1058	1059	1060	1061	1062	1063	1064	1065	1066	1067	1080	1081	1082	1083	
1084	1085	1086	1087	1088	1089	1090	1091	1104	1105	1106	1107	1108	1109	1110	1111	
1112	1113	1114	1115	1128	1129	1130	1131	1132	1133	1134	1135	1136	1137	1138	1139	

  12	  13	  14	  15	  16	  17	  18	  19	  20	  21	  22	  23	  36	  37	  38	  39	
  40	  41	  42	  43	  44	  45	  46	  47	  60	  61	  62	  63	  64	  65	  66	  67	
  68	  69	  70	  71	  84	  85	  86	  87	  88	  89	  90	  91	  92	  93	  94	  95	
 108	 109	 110	 111	 112	 113	 114	 115	 116	 117	 118	 119	 132	 133	 134	 135	
 136	 137	 138	 139	 140	 141	 142	 143	 156	 157	 158	 159	 160	 161	 162	 163	
 164	 165	 166	 167	 180	 181	 182	 183	 184	 185	 186	 187	 188	 189	 190	 191	
 204	 205	 206	 207	 208	 209	 210	 211	 212	 213	 214	 215	 228	 229	 230	 231	
 232	 233	 234	 235	 236	 237	 238	 239	 252	 253	 254	 255	 256	 257	 258	 259	
 260	 261	 262	 263	 276	 277	 278	 279	 280	 281	 282	 283	 284	 285	 286	 287	
 300	 301	 302	 303	 304	 305	 306	 307	 308	 309	 310	 311	 324	 325	 326	 327	
 328	 329	 330	 331	 332	 333	 334	 335	 348	 349	 350	 351	 352	 353	 354	 355	
 356	 357	 358	 359	 372	 373	 374	 375	 376	 377	 378	 379	 380	 381	 382	 383	
 396	 397	 398	 399	 400	 401	 402	 403	 404	 405	 406	 407	 420	 421	 422	 423	
 424	 425	 426	 427	 428	 429	 430	 431	 444	 445	 446	 447	 448	 449	 450	 451	
 452	 453	 454	 455	 468	 469	 470	 471	 472	 473	 474	 475	 476	 477	 478	 479	
 492	 493	 494	 495	 496	 497	 498	 499	 500	 501	 502	 503	 516	 517	 518	 519	
 520	 521	 522	 523	 524	 525	 526	 527	 540	 541	 542	 543	 544	 545	 546	 547	
 548	 549	 550	 551	 564	 565	 566	 567	 568	 569	 570	 571	 572	 573	 574	 575	
 588	 589	 590	 591	 592	 593	 594	 595	 596	 597	 598	 599	 612	 613	 614	 615	
 616	 617	 618	 619	 620	 621	 622	 623	 636	 637	 638	 639	 640	 641	 642	 643	
 644	 645	 646	 647	 660	 661	 662	 663	 664	 665	 666	 667	 668	 669	 670	 671	
 684	 685	 686	 687	 688	 689	 690	 691	 692	 693	 694	 695	 708	 709	 710	 711	
 712	 713	 714	 715	 716	 717	 718	 719	 732	 733	 734	 735	 736	 737	 738	 739	
 740	 741	 742	 743	 756	 757	 758	 759	 760	 761	 762	 763	 764	 765	 766	 767	
 780	 781	 782	 783	 784	 785	 786	 787	 788	 789	 790	 791	 804	 805	 806	 807	
 808	 809	 810	 811	 812	 813	 814	 815	 828	 829	 830	 831	 832	 833	 834	 835	
 836	 837	 838	 839	 852	 853	 854	 855	 856	 857	 858	 859	 860	 861	 862	 863	
 876	 877	 878	 879	 880	 881	 882	 883	 884	 885	 886	 887	 900	 901	 902	 903	
 904	 905	 906	 907	 908	 909	 910	 911	 924	 925	 926	 927	 928	 929	 930	 931	
 932	 933	 934	 935	 948	 949	 950	 951	 952	 953	 954	 955	 956	 957	 958	 959	
 972	 973	 974	 975	 976	 977	 978	 979	 980	 981	 982	 983	 996	 997	 998	 999	
1000	1001	1002	1003	1004	1005	1006	1007	1020	1021	1022	1023	1024	1025	1026	1027	
1028	1029	1030	1031	1044	1045	1046	1047	1048	1049	1050	1051	1052	1053	1054	1055	
1068	1069	1070	1071	1072	1073	1074	1075	1076	1077	1078	1079	1092	1093	1094	1095	
1096	1097	1098	1099	1100	1101	1102	1103	1116	1117	1118	1119	1120	1121	1122	1123	
1124	1125	1126	1127	1140	1141	1142	1143	1144	1145	1146	1147	1148	1149	1150	1151	











