
List of pre-defined events (to be used in -e):
  cpu-cycles OR cycles                               [Hardware event]
  instructions                                       [Hardware event]
  cache-references                                   [Hardware event]
  cache-misses                                       [Hardware event]
  branch-instructions OR branches                    [Hardware event]
  branch-misses                                      [Hardware event]
  bus-cycles                                         [Hardware event]
  stalled-cycles-frontend OR idle-cycles-frontend    [Hardware event]
  ref-cycles                                         [Hardware event]

  cpu-clock                                          [Software event]
  task-clock                                         [Software event]
  page-faults OR faults                              [Software event]
  context-switches OR cs                             [Software event]
  cpu-migrations OR migrations                       [Software event]
  minor-faults                                       [Software event]
  major-faults                                       [Software event]
  alignment-faults                                   [Software event]
  emulation-faults                                   [Software event]
  dummy                                              [Software event]

  L1-dcache-load-misses                              [Hardware cache event]
  L1-dcache-store-misses                             [Hardware cache event]
  L1-dcache-prefetch-misses                          [Hardware cache event]
  L1-icache-load-misses                              [Hardware cache event]
  LLC-loads                                          [Hardware cache event]
  LLC-stores                                         [Hardware cache event]
  LLC-prefetches                                     [Hardware cache event]
  dTLB-load-misses                                   [Hardware cache event]
  dTLB-store-misses                                  [Hardware cache event]
  iTLB-loads                                         [Hardware cache event]
  iTLB-load-misses                                   [Hardware cache event]
  branch-loads                                       [Hardware cache event]
  branch-load-misses                                 [Hardware cache event]

  branch-instructions OR cpu/branch-instructions/    [Kernel PMU event]
  branch-misses OR cpu/branch-misses/                [Kernel PMU event]
  bus-cycles OR cpu/bus-cycles/                      [Kernel PMU event]
  cache-misses OR cpu/cache-misses/                  [Kernel PMU event]
  cache-references OR cpu/cache-references/          [Kernel PMU event]
  cpu-cycles OR cpu/cpu-cycles/                      [Kernel PMU event]
  instructions OR cpu/instructions/                  [Kernel PMU event]
  mem-loads OR cpu/mem-loads/                        [Kernel PMU event]
  mem-stores OR cpu/mem-stores/                      [Kernel PMU event]
  stalled-cycles-frontend OR cpu/stalled-cycles-frontend/ [Kernel PMU event]
  uncore_cbox_0/clockticks/                          [Kernel PMU event]
  uncore_cbox_1/clockticks/                          [Kernel PMU event]
  uncore_cbox_2/clockticks/                          [Kernel PMU event]
  uncore_cbox_3/clockticks/                          [Kernel PMU event]

  rNNN                                               [Raw hardware event descriptor]
  cpu/t1=v1[,t2=v2,t3 ...]/modifier                  [Raw hardware event descriptor]
   (see 'man perf-list' on how to encode it)

  mem:<addr>[:access]                                [Hardware breakpoint]

  lwpmudrv:lwpmudrv_marker                           [Tracepoint event]
  hda_intel:azx_pcm_trigger                          [Tracepoint event]
  hda_intel:azx_get_position                         [Tracepoint event]
  hda:hda_send_cmd                                   [Tracepoint event]
  hda:hda_get_response                               [Tracepoint event]
  hda:hda_bus_reset                                  [Tracepoint event]
  hda:hda_power_down                                 [Tracepoint event]
  hda:hda_power_up                                   [Tracepoint event]
  hda:hda_power_count                                [Tracepoint event]
  hda:hda_unsol_event                                [Tracepoint event]
  mac80211:drv_return_void                           [Tracepoint event]
  mac80211:drv_return_int                            [Tracepoint event]
  mac80211:drv_return_bool                           [Tracepoint event]
  mac80211:drv_return_u64                            [Tracepoint event]
  mac80211:drv_start                                 [Tracepoint event]
  mac80211:drv_get_et_strings                        [Tracepoint event]
  mac80211:drv_get_et_sset_count                     [Tracepoint event]
  mac80211:drv_get_et_stats                          [Tracepoint event]
  mac80211:drv_suspend                               [Tracepoint event]
  mac80211:drv_resume                                [Tracepoint event]
  mac80211:drv_set_wakeup                            [Tracepoint event]
  mac80211:drv_stop                                  [Tracepoint event]
  mac80211:drv_add_interface                         [Tracepoint event]
  mac80211:drv_change_interface                      [Tracepoint event]
  mac80211:drv_remove_interface                      [Tracepoint event]
  mac80211:drv_config                                [Tracepoint event]
  mac80211:drv_bss_info_changed                      [Tracepoint event]
  mac80211:drv_prepare_multicast                     [Tracepoint event]
  mac80211:drv_set_multicast_list                    [Tracepoint event]
  mac80211:drv_configure_filter                      [Tracepoint event]
  mac80211:drv_set_tim                               [Tracepoint event]
  mac80211:drv_set_key                               [Tracepoint event]
  mac80211:drv_update_tkip_key                       [Tracepoint event]
  mac80211:drv_hw_scan                               [Tracepoint event]
  mac80211:drv_cancel_hw_scan                        [Tracepoint event]
  mac80211:drv_sched_scan_start                      [Tracepoint event]
  mac80211:drv_sched_scan_stop                       [Tracepoint event]
  mac80211:drv_sw_scan_start                         [Tracepoint event]
  mac80211:drv_sw_scan_complete                      [Tracepoint event]
  mac80211:drv_get_stats                             [Tracepoint event]
  mac80211:drv_get_tkip_seq                          [Tracepoint event]
  mac80211:drv_set_frag_threshold                    [Tracepoint event]
  mac80211:drv_set_rts_threshold                     [Tracepoint event]
  mac80211:drv_set_coverage_class                    [Tracepoint event]
  mac80211:drv_sta_notify                            [Tracepoint event]
  mac80211:drv_sta_state                             [Tracepoint event]
  mac80211:drv_sta_rc_update                         [Tracepoint event]
  mac80211:drv_sta_add                               [Tracepoint event]
  mac80211:drv_sta_remove                            [Tracepoint event]
  mac80211:drv_conf_tx                               [Tracepoint event]
  mac80211:drv_get_tsf                               [Tracepoint event]
  mac80211:drv_set_tsf                               [Tracepoint event]
  mac80211:drv_reset_tsf                             [Tracepoint event]
  mac80211:drv_tx_last_beacon                        [Tracepoint event]
  mac80211:drv_ampdu_action                          [Tracepoint event]
  mac80211:drv_get_survey                            [Tracepoint event]
  mac80211:drv_flush                                 [Tracepoint event]
  mac80211:drv_channel_switch                        [Tracepoint event]
  mac80211:drv_set_antenna                           [Tracepoint event]
  mac80211:drv_get_antenna                           [Tracepoint event]
  mac80211:drv_remain_on_channel                     [Tracepoint event]
  mac80211:drv_cancel_remain_on_channel              [Tracepoint event]
  mac80211:drv_set_ringparam                         [Tracepoint event]
  mac80211:drv_get_ringparam                         [Tracepoint event]
  mac80211:drv_tx_frames_pending                     [Tracepoint event]
  mac80211:drv_offchannel_tx_cancel_wait             [Tracepoint event]
  mac80211:drv_set_bitrate_mask                      [Tracepoint event]
  mac80211:drv_set_rekey_data                        [Tracepoint event]
  mac80211:drv_rssi_callback                         [Tracepoint event]
  mac80211:drv_release_buffered_frames               [Tracepoint event]
  mac80211:drv_allow_buffered_frames                 [Tracepoint event]
  mac80211:drv_get_rssi                              [Tracepoint event]
  mac80211:drv_mgd_prepare_tx                        [Tracepoint event]
  mac80211:drv_add_chanctx                           [Tracepoint event]
  mac80211:drv_remove_chanctx                        [Tracepoint event]
  mac80211:drv_change_chanctx                        [Tracepoint event]
  mac80211:drv_assign_vif_chanctx                    [Tracepoint event]
  mac80211:drv_unassign_vif_chanctx                  [Tracepoint event]
  mac80211:drv_start_ap                              [Tracepoint event]
  mac80211:drv_stop_ap                               [Tracepoint event]
  mac80211:drv_restart_complete                      [Tracepoint event]
  mac80211:drv_ipv6_addr_change                      [Tracepoint event]
  mac80211:drv_join_ibss                             [Tracepoint event]
  mac80211:drv_leave_ibss                            [Tracepoint event]
  mac80211:api_start_tx_ba_session                   [Tracepoint event]
  mac80211:api_start_tx_ba_cb                        [Tracepoint event]
  mac80211:api_stop_tx_ba_session                    [Tracepoint event]
  mac80211:api_stop_tx_ba_cb                         [Tracepoint event]
  mac80211:api_restart_hw                            [Tracepoint event]
  mac80211:api_beacon_loss                           [Tracepoint event]
  mac80211:api_connection_loss                       [Tracepoint event]
  mac80211:api_cqm_rssi_notify                       [Tracepoint event]
  mac80211:api_scan_completed                        [Tracepoint event]
  mac80211:api_sched_scan_results                    [Tracepoint event]
  mac80211:api_sched_scan_stopped                    [Tracepoint event]
  mac80211:api_sta_block_awake                       [Tracepoint event]
  mac80211:api_chswitch_done                         [Tracepoint event]
  mac80211:api_ready_on_channel                      [Tracepoint event]
  mac80211:api_remain_on_channel_expired             [Tracepoint event]
  mac80211:api_gtk_rekey_notify                      [Tracepoint event]
  mac80211:api_enable_rssi_reports                   [Tracepoint event]
  mac80211:api_eosp                                  [Tracepoint event]
  mac80211:wake_queue                                [Tracepoint event]
  mac80211:stop_queue                                [Tracepoint event]
  mac80211:drv_set_default_unicast_key               [Tracepoint event]
  mac80211:api_radar_detected                        [Tracepoint event]
  mac80211:drv_channel_switch_beacon                 [Tracepoint event]
  mac80211_msg:mac80211_info                         [Tracepoint event]
  mac80211_msg:mac80211_dbg                          [Tracepoint event]
  mac80211_msg:mac80211_err                          [Tracepoint event]
  kvmmmu:kvm_mmu_pagetable_walk                      [Tracepoint event]
  kvmmmu:kvm_mmu_paging_element                      [Tracepoint event]
  kvmmmu:kvm_mmu_set_accessed_bit                    [Tracepoint event]
  kvmmmu:kvm_mmu_set_dirty_bit                       [Tracepoint event]
  kvmmmu:kvm_mmu_walker_error                        [Tracepoint event]
  kvmmmu:kvm_mmu_get_page                            [Tracepoint event]
  kvmmmu:kvm_mmu_sync_page                           [Tracepoint event]
  kvmmmu:kvm_mmu_unsync_page                         [Tracepoint event]
  kvmmmu:kvm_mmu_prepare_zap_page                    [Tracepoint event]
  kvmmmu:mark_mmio_spte                              [Tracepoint event]
  kvmmmu:handle_mmio_page_fault                      [Tracepoint event]
  kvmmmu:fast_page_fault                             [Tracepoint event]
  kvmmmu:kvm_mmu_invalidate_zap_all_pages            [Tracepoint event]
  kvmmmu:check_mmio_spte                             [Tracepoint event]
  kvm:kvm_entry                                      [Tracepoint event]
  kvm:kvm_hypercall                                  [Tracepoint event]
  kvm:kvm_hv_hypercall                               [Tracepoint event]
  kvm:kvm_pio                                        [Tracepoint event]
  kvm:kvm_cpuid                                      [Tracepoint event]
  kvm:kvm_apic                                       [Tracepoint event]
  kvm:kvm_exit                                       [Tracepoint event]
  kvm:kvm_inj_virq                                   [Tracepoint event]
  kvm:kvm_inj_exception                              [Tracepoint event]
  kvm:kvm_page_fault                                 [Tracepoint event]
  kvm:kvm_msr                                        [Tracepoint event]
  kvm:kvm_cr                                         [Tracepoint event]
  kvm:kvm_pic_set_irq                                [Tracepoint event]
  kvm:kvm_apic_ipi                                   [Tracepoint event]
  kvm:kvm_apic_accept_irq                            [Tracepoint event]
  kvm:kvm_eoi                                        [Tracepoint event]
  kvm:kvm_pv_eoi                                     [Tracepoint event]
  kvm:kvm_nested_vmrun                               [Tracepoint event]
  kvm:kvm_nested_intercepts                          [Tracepoint event]
  kvm:kvm_nested_vmexit                              [Tracepoint event]
  kvm:kvm_nested_vmexit_inject                       [Tracepoint event]
  kvm:kvm_nested_intr_vmexit                         [Tracepoint event]
  kvm:kvm_invlpga                                    [Tracepoint event]
  kvm:kvm_skinit                                     [Tracepoint event]
  kvm:kvm_emulate_insn                               [Tracepoint event]
  kvm:vcpu_match_mmio                                [Tracepoint event]
  kvm:kvm_write_tsc_offset                           [Tracepoint event]
  kvm:kvm_update_master_clock                        [Tracepoint event]
  kvm:kvm_track_tsc                                  [Tracepoint event]
  kvm:kvm_userspace_exit                             [Tracepoint event]
  kvm:kvm_set_irq                                    [Tracepoint event]
  kvm:kvm_ioapic_set_irq                             [Tracepoint event]
  kvm:kvm_msi_set_irq                                [Tracepoint event]
  kvm:kvm_ack_irq                                    [Tracepoint event]
  kvm:kvm_mmio                                       [Tracepoint event]
  kvm:kvm_fpu                                        [Tracepoint event]
  kvm:kvm_age_page                                   [Tracepoint event]
  kvm:kvm_try_async_get_page                         [Tracepoint event]
  kvm:kvm_async_pf_doublefault                       [Tracepoint event]
  kvm:kvm_async_pf_not_present                       [Tracepoint event]
  kvm:kvm_async_pf_ready                             [Tracepoint event]
  kvm:kvm_async_pf_completed                         [Tracepoint event]
  cfg80211:rdev_suspend                              [Tracepoint event]
  cfg80211:rdev_return_int                           [Tracepoint event]
  cfg80211:rdev_scan                                 [Tracepoint event]
  cfg80211:rdev_resume                               [Tracepoint event]
  cfg80211:rdev_return_void                          [Tracepoint event]
  cfg80211:rdev_get_ringparam                        [Tracepoint event]
  cfg80211:rdev_get_antenna                          [Tracepoint event]
  cfg80211:rdev_rfkill_poll                          [Tracepoint event]
  cfg80211:rdev_set_wakeup                           [Tracepoint event]
  cfg80211:rdev_add_virtual_intf                     [Tracepoint event]
  cfg80211:rdev_return_wdev                          [Tracepoint event]
  cfg80211:rdev_del_virtual_intf                     [Tracepoint event]
  cfg80211:rdev_change_virtual_intf                  [Tracepoint event]
  cfg80211:rdev_add_key                              [Tracepoint event]
  cfg80211:rdev_get_key                              [Tracepoint event]
  cfg80211:rdev_del_key                              [Tracepoint event]
  cfg80211:rdev_set_default_key                      [Tracepoint event]
  cfg80211:rdev_set_default_mgmt_key                 [Tracepoint event]
  cfg80211:rdev_start_ap                             [Tracepoint event]
  cfg80211:rdev_change_beacon                        [Tracepoint event]
  cfg80211:rdev_stop_ap                              [Tracepoint event]
  cfg80211:rdev_get_et_stats                         [Tracepoint event]
  cfg80211:rdev_sched_scan_stop                      [Tracepoint event]
  cfg80211:rdev_set_rekey_data                       [Tracepoint event]
  cfg80211:rdev_get_mesh_config                      [Tracepoint event]
  cfg80211:rdev_leave_mesh                           [Tracepoint event]
  cfg80211:rdev_leave_ibss                           [Tracepoint event]
  cfg80211:rdev_flush_pmksa                          [Tracepoint event]
  cfg80211:rdev_add_station                          [Tracepoint event]
  cfg80211:rdev_change_station                       [Tracepoint event]
  cfg80211:rdev_del_station                          [Tracepoint event]
  cfg80211:rdev_get_station                          [Tracepoint event]
  cfg80211:rdev_del_mpath                            [Tracepoint event]
  cfg80211:rdev_set_wds_peer                         [Tracepoint event]
  cfg80211:rdev_dump_station                         [Tracepoint event]
  cfg80211:rdev_return_int_station_info              [Tracepoint event]
  cfg80211:rdev_add_mpath                            [Tracepoint event]
  cfg80211:rdev_change_mpath                         [Tracepoint event]
  cfg80211:rdev_get_mpath                            [Tracepoint event]
  cfg80211:rdev_dump_mpath                           [Tracepoint event]
  cfg80211:rdev_return_int_mpath_info                [Tracepoint event]
  cfg80211:rdev_return_int_mesh_config               [Tracepoint event]
  cfg80211:rdev_update_mesh_config                   [Tracepoint event]
  cfg80211:rdev_join_mesh                            [Tracepoint event]
  cfg80211:rdev_change_bss                           [Tracepoint event]
  cfg80211:rdev_set_txq_params                       [Tracepoint event]
  cfg80211:rdev_libertas_set_mesh_channel            [Tracepoint event]
  cfg80211:rdev_set_monitor_channel                  [Tracepoint event]
  cfg80211:rdev_auth                                 [Tracepoint event]
  cfg80211:rdev_assoc                                [Tracepoint event]
  cfg80211:rdev_deauth                               [Tracepoint event]
  cfg80211:rdev_disassoc                             [Tracepoint event]
  cfg80211:rdev_mgmt_tx_cancel_wait                  [Tracepoint event]
  cfg80211:rdev_set_power_mgmt                       [Tracepoint event]
  cfg80211:rdev_connect                              [Tracepoint event]
  cfg80211:rdev_set_cqm_rssi_config                  [Tracepoint event]
  cfg80211:rdev_set_cqm_txe_config                   [Tracepoint event]
  cfg80211:rdev_disconnect                           [Tracepoint event]
  cfg80211:rdev_join_ibss                            [Tracepoint event]
  cfg80211:rdev_set_wiphy_params                     [Tracepoint event]
  cfg80211:rdev_get_tx_power                         [Tracepoint event]
  cfg80211:rdev_set_tx_power                         [Tracepoint event]
  cfg80211:rdev_return_int_int                       [Tracepoint event]
  cfg80211:rdev_set_bitrate_mask                     [Tracepoint event]
  cfg80211:rdev_mgmt_frame_register                  [Tracepoint event]
  cfg80211:rdev_return_int_tx_rx                     [Tracepoint event]
  cfg80211:rdev_return_void_tx_rx                    [Tracepoint event]
  cfg80211:rdev_set_ringparam                        [Tracepoint event]
  cfg80211:rdev_set_antenna                          [Tracepoint event]
  cfg80211:rdev_sched_scan_start                     [Tracepoint event]
  cfg80211:rdev_tdls_mgmt                            [Tracepoint event]
  cfg80211:rdev_dump_survey                          [Tracepoint event]
  cfg80211:rdev_return_int_survey_info               [Tracepoint event]
  cfg80211:rdev_tdls_oper                            [Tracepoint event]
  cfg80211:rdev_probe_client                         [Tracepoint event]
  cfg80211:rdev_set_pmksa                            [Tracepoint event]
  cfg80211:rdev_del_pmksa                            [Tracepoint event]
  cfg80211:rdev_remain_on_channel                    [Tracepoint event]
  cfg80211:rdev_return_int_cookie                    [Tracepoint event]
  cfg80211:rdev_cancel_remain_on_channel             [Tracepoint event]
  cfg80211:rdev_mgmt_tx                              [Tracepoint event]
  cfg80211:rdev_set_noack_map                        [Tracepoint event]
  cfg80211:rdev_get_et_sset_count                    [Tracepoint event]
  cfg80211:rdev_get_et_strings                       [Tracepoint event]
  cfg80211:rdev_get_channel                          [Tracepoint event]
  cfg80211:rdev_return_chandef                       [Tracepoint event]
  cfg80211:rdev_start_p2p_device                     [Tracepoint event]
  cfg80211:rdev_stop_p2p_device                      [Tracepoint event]
  cfg80211:rdev_set_mac_acl                          [Tracepoint event]
  cfg80211:rdev_update_ft_ies                        [Tracepoint event]
  cfg80211:rdev_crit_proto_start                     [Tracepoint event]
  cfg80211:rdev_crit_proto_stop                      [Tracepoint event]
  cfg80211:rdev_channel_switch                       [Tracepoint event]
  cfg80211:cfg80211_return_bool                      [Tracepoint event]
  cfg80211:cfg80211_notify_new_peer_candidate        [Tracepoint event]
  cfg80211:cfg80211_send_rx_auth                     [Tracepoint event]
  cfg80211:cfg80211_send_rx_assoc                    [Tracepoint event]
  cfg80211:cfg80211_rx_unprot_mlme_mgmt              [Tracepoint event]
  cfg80211:cfg80211_rx_mlme_mgmt                     [Tracepoint event]
  cfg80211:cfg80211_tx_mlme_mgmt                     [Tracepoint event]
  cfg80211:cfg80211_send_auth_timeout                [Tracepoint event]
  cfg80211:cfg80211_send_assoc_timeout               [Tracepoint event]
  cfg80211:cfg80211_michael_mic_failure              [Tracepoint event]
  cfg80211:cfg80211_ready_on_channel                 [Tracepoint event]
  cfg80211:cfg80211_ready_on_channel_expired         [Tracepoint event]
  cfg80211:cfg80211_new_sta                          [Tracepoint event]
  cfg80211:cfg80211_del_sta                          [Tracepoint event]
  cfg80211:cfg80211_rx_mgmt                          [Tracepoint event]
  cfg80211:cfg80211_mgmt_tx_status                   [Tracepoint event]
  cfg80211:cfg80211_cqm_rssi_notify                  [Tracepoint event]
  cfg80211:cfg80211_reg_can_beacon                   [Tracepoint event]
  cfg80211:cfg80211_chandef_dfs_required             [Tracepoint event]
  cfg80211:cfg80211_ch_switch_notify                 [Tracepoint event]
  cfg80211:cfg80211_radar_event                      [Tracepoint event]
  cfg80211:cfg80211_cac_event                        [Tracepoint event]
  cfg80211:cfg80211_ibss_joined                      [Tracepoint event]
  cfg80211:cfg80211_rx_spurious_frame                [Tracepoint event]
  cfg80211:cfg80211_rx_unexpected_4addr_frame        [Tracepoint event]
  cfg80211:cfg80211_probe_status                     [Tracepoint event]
  cfg80211:cfg80211_cqm_pktloss_notify               [Tracepoint event]
  cfg80211:cfg80211_gtk_rekey_notify                 [Tracepoint event]
  cfg80211:cfg80211_pmksa_candidate_notify           [Tracepoint event]
  cfg80211:cfg80211_report_obss_beacon               [Tracepoint event]
  cfg80211:cfg80211_tdls_oper_request                [Tracepoint event]
  cfg80211:cfg80211_scan_done                        [Tracepoint event]
  cfg80211:cfg80211_sched_scan_results               [Tracepoint event]
  cfg80211:cfg80211_sched_scan_stopped               [Tracepoint event]
  cfg80211:cfg80211_get_bss                          [Tracepoint event]
  cfg80211:cfg80211_inform_bss_width_frame           [Tracepoint event]
  cfg80211:cfg80211_return_bss                       [Tracepoint event]
  cfg80211:cfg80211_return_uint                      [Tracepoint event]
  cfg80211:cfg80211_return_u32                       [Tracepoint event]
  cfg80211:cfg80211_report_wowlan_wakeup             [Tracepoint event]
  cfg80211:cfg80211_ft_event                         [Tracepoint event]
  btrfs:btrfs_transaction_commit                     [Tracepoint event]
  btrfs:btrfs_inode_new                              [Tracepoint event]
  btrfs:btrfs_inode_request                          [Tracepoint event]
  btrfs:btrfs_inode_evict                            [Tracepoint event]
  btrfs:btrfs_get_extent                             [Tracepoint event]
  btrfs:btrfs_ordered_extent_add                     [Tracepoint event]
  btrfs:btrfs_ordered_extent_remove                  [Tracepoint event]
  btrfs:btrfs_ordered_extent_start                   [Tracepoint event]
  btrfs:btrfs_ordered_extent_put                     [Tracepoint event]
  btrfs:__extent_writepage                           [Tracepoint event]
  btrfs:btrfs_writepage_end_io_hook                  [Tracepoint event]
  btrfs:btrfs_sync_file                              [Tracepoint event]
  btrfs:btrfs_sync_fs                                [Tracepoint event]
  btrfs:add_delayed_tree_ref                         [Tracepoint event]
  btrfs:run_delayed_tree_ref                         [Tracepoint event]
  btrfs:add_delayed_data_ref                         [Tracepoint event]
  btrfs:run_delayed_data_ref                         [Tracepoint event]
  btrfs:add_delayed_ref_head                         [Tracepoint event]
  btrfs:run_delayed_ref_head                         [Tracepoint event]
  btrfs:btrfs_chunk_alloc                            [Tracepoint event]
  btrfs:btrfs_chunk_free                             [Tracepoint event]
  btrfs:btrfs_cow_block                              [Tracepoint event]
  btrfs:btrfs_space_reservation                      [Tracepoint event]
  btrfs:btrfs_reserved_extent_alloc                  [Tracepoint event]
  btrfs:btrfs_reserved_extent_free                   [Tracepoint event]
  btrfs:find_free_extent                             [Tracepoint event]
  btrfs:btrfs_reserve_extent                         [Tracepoint event]
  btrfs:btrfs_reserve_extent_cluster                 [Tracepoint event]
  btrfs:btrfs_find_cluster                           [Tracepoint event]
  btrfs:btrfs_failed_cluster_setup                   [Tracepoint event]
  btrfs:btrfs_setup_cluster                          [Tracepoint event]
  btrfs:alloc_extent_state                           [Tracepoint event]
  btrfs:free_extent_state                            [Tracepoint event]
  skb:kfree_skb                                      [Tracepoint event]
  skb:consume_skb                                    [Tracepoint event]
  skb:skb_copy_datagram_iovec                        [Tracepoint event]
  net:net_dev_xmit                                   [Tracepoint event]
  net:net_dev_queue                                  [Tracepoint event]
  net:netif_receive_skb                              [Tracepoint event]
  net:netif_rx                                       [Tracepoint event]
  napi:napi_poll                                     [Tracepoint event]
  sock:sock_rcvqueue_full                            [Tracepoint event]
  sock:sock_exceed_buf_limit                         [Tracepoint event]
  udp:udp_fail_queue_rcv_skb                         [Tracepoint event]
  iommu:add_device_to_group                          [Tracepoint event]
  iommu:remove_device_from_group                     [Tracepoint event]
  iommu:attach_device_to_domain                      [Tracepoint event]
  iommu:detach_device_from_domain                    [Tracepoint event]
  iommu:map                                          [Tracepoint event]
  iommu:unmap                                        [Tracepoint event]
  iommu:io_page_fault                                [Tracepoint event]
  xhci-hcd:xhci_dbg_address                          [Tracepoint event]
  xhci-hcd:xhci_dbg_context_change                   [Tracepoint event]
  xhci-hcd:xhci_dbg_quirks                           [Tracepoint event]
  xhci-hcd:xhci_dbg_reset_ep                         [Tracepoint event]
  xhci-hcd:xhci_dbg_cancel_urb                       [Tracepoint event]
  xhci-hcd:xhci_dbg_init                             [Tracepoint event]
  xhci-hcd:xhci_dbg_ring_expansion                   [Tracepoint event]
  xhci-hcd:xhci_address_ctx                          [Tracepoint event]
  xhci-hcd:xhci_cmd_completion                       [Tracepoint event]
  spi:spi_master_idle                                [Tracepoint event]
  spi:spi_master_busy                                [Tracepoint event]
  spi:spi_message_submit                             [Tracepoint event]
  spi:spi_message_start                              [Tracepoint event]
  spi:spi_message_done                               [Tracepoint event]
  spi:spi_transfer_start                             [Tracepoint event]
  spi:spi_transfer_stop                              [Tracepoint event]
  scsi:scsi_dispatch_cmd_start                       [Tracepoint event]
  scsi:scsi_dispatch_cmd_error                       [Tracepoint event]
  scsi:scsi_dispatch_cmd_done                        [Tracepoint event]
  scsi:scsi_dispatch_cmd_timeout                     [Tracepoint event]
  scsi:scsi_eh_wakeup                                [Tracepoint event]
  regmap:regmap_reg_write                            [Tracepoint event]
  regmap:regmap_reg_read                             [Tracepoint event]
  regmap:regmap_reg_read_cache                       [Tracepoint event]
  regmap:regmap_hw_read_start                        [Tracepoint event]
  regmap:regmap_hw_read_done                         [Tracepoint event]
  regmap:regmap_hw_write_start                       [Tracepoint event]
  regmap:regmap_hw_write_done                        [Tracepoint event]
  regmap:regcache_sync                               [Tracepoint event]
  regmap:regmap_cache_only                           [Tracepoint event]
  regmap:regmap_cache_bypass                         [Tracepoint event]
  regmap:regmap_async_write_start                    [Tracepoint event]
  regmap:regmap_async_io_complete                    [Tracepoint event]
  regmap:regmap_async_complete_start                 [Tracepoint event]
  regmap:regmap_async_complete_done                  [Tracepoint event]
  regmap:regcache_drop_region                        [Tracepoint event]
  random:add_device_randomness                       [Tracepoint event]
  random:mix_pool_bytes                              [Tracepoint event]
  random:mix_pool_bytes_nolock                       [Tracepoint event]
  random:credit_entropy_bits                         [Tracepoint event]
  random:push_to_pool                                [Tracepoint event]
  random:debit_entropy                               [Tracepoint event]
  random:add_input_randomness                        [Tracepoint event]
  random:add_disk_randomness                         [Tracepoint event]
  random:xfer_secondary_pool                         [Tracepoint event]
  random:get_random_bytes                            [Tracepoint event]
  random:get_random_bytes_arch                       [Tracepoint event]
  random:extract_entropy                             [Tracepoint event]
  random:extract_entropy_user                        [Tracepoint event]
  random:random_read                                 [Tracepoint event]
  random:urandom_read                                [Tracepoint event]
  regulator:regulator_enable                         [Tracepoint event]
  regulator:regulator_enable_delay                   [Tracepoint event]
  regulator:regulator_enable_complete                [Tracepoint event]
  regulator:regulator_disable                        [Tracepoint event]
  regulator:regulator_disable_complete               [Tracepoint event]
  regulator:regulator_set_voltage                    [Tracepoint event]
  regulator:regulator_set_voltage_complete           [Tracepoint event]
  ras:aer_event                                      [Tracepoint event]
  gpio:gpio_direction                                [Tracepoint event]
  gpio:gpio_value                                    [Tracepoint event]
  swiotlb:swiotlb_bounced                            [Tracepoint event]
  block:block_touch_buffer                           [Tracepoint event]
  block:block_dirty_buffer                           [Tracepoint event]
  block:block_rq_abort                               [Tracepoint event]
  block:block_rq_requeue                             [Tracepoint event]
  block:block_rq_complete                            [Tracepoint event]
  block:block_rq_insert                              [Tracepoint event]
  block:block_rq_issue                               [Tracepoint event]
  block:block_bio_bounce                             [Tracepoint event]
  block:block_bio_complete                           [Tracepoint event]
  block:block_bio_backmerge                          [Tracepoint event]
  block:block_bio_frontmerge                         [Tracepoint event]
  block:block_bio_queue                              [Tracepoint event]
  block:block_getrq                                  [Tracepoint event]
  block:block_sleeprq                                [Tracepoint event]
  block:block_plug                                   [Tracepoint event]
  block:block_unplug                                 [Tracepoint event]
  block:block_split                                  [Tracepoint event]
  block:block_bio_remap                              [Tracepoint event]
  block:block_rq_remap                               [Tracepoint event]
  jbd2:jbd2_checkpoint                               [Tracepoint event]
  jbd2:jbd2_start_commit                             [Tracepoint event]
  jbd2:jbd2_commit_locking                           [Tracepoint event]
  jbd2:jbd2_commit_flushing                          [Tracepoint event]
  jbd2:jbd2_commit_logging                           [Tracepoint event]
  jbd2:jbd2_drop_transaction                         [Tracepoint event]
  jbd2:jbd2_end_commit                               [Tracepoint event]
  jbd2:jbd2_submit_inode_data                        [Tracepoint event]
  jbd2:jbd2_handle_start                             [Tracepoint event]
  jbd2:jbd2_handle_extend                            [Tracepoint event]
  jbd2:jbd2_handle_stats                             [Tracepoint event]
  jbd2:jbd2_run_stats                                [Tracepoint event]
  jbd2:jbd2_checkpoint_stats                         [Tracepoint event]
  jbd2:jbd2_update_log_tail                          [Tracepoint event]
  jbd2:jbd2_write_superblock                         [Tracepoint event]
  jbd2:jbd2_lock_buffer_stall                        [Tracepoint event]
  ext4:ext4_free_inode                               [Tracepoint event]
  ext4:ext4_request_inode                            [Tracepoint event]
  ext4:ext4_allocate_inode                           [Tracepoint event]
  ext4:ext4_evict_inode                              [Tracepoint event]
  ext4:ext4_drop_inode                               [Tracepoint event]
  ext4:ext4_mark_inode_dirty                         [Tracepoint event]
  ext4:ext4_begin_ordered_truncate                   [Tracepoint event]
  ext4:ext4_write_begin                              [Tracepoint event]
  ext4:ext4_da_write_begin                           [Tracepoint event]
  ext4:ext4_write_end                                [Tracepoint event]
  ext4:ext4_journalled_write_end                     [Tracepoint event]
  ext4:ext4_da_write_end                             [Tracepoint event]
  ext4:ext4_writepages                               [Tracepoint event]
  ext4:ext4_da_write_pages                           [Tracepoint event]
  ext4:ext4_da_write_pages_extent                    [Tracepoint event]
  ext4:ext4_writepages_result                        [Tracepoint event]
  ext4:ext4_writepage                                [Tracepoint event]
  ext4:ext4_readpage                                 [Tracepoint event]
  ext4:ext4_releasepage                              [Tracepoint event]
  ext4:ext4_invalidatepage                           [Tracepoint event]
  ext4:ext4_journalled_invalidatepage                [Tracepoint event]
  ext4:ext4_discard_blocks                           [Tracepoint event]
  ext4:ext4_mb_new_inode_pa                          [Tracepoint event]
  ext4:ext4_mb_new_group_pa                          [Tracepoint event]
  ext4:ext4_mb_release_inode_pa                      [Tracepoint event]
  ext4:ext4_mb_release_group_pa                      [Tracepoint event]
  ext4:ext4_discard_preallocations                   [Tracepoint event]
  ext4:ext4_mb_discard_preallocations                [Tracepoint event]
  ext4:ext4_request_blocks                           [Tracepoint event]
  ext4:ext4_allocate_blocks                          [Tracepoint event]
  ext4:ext4_free_blocks                              [Tracepoint event]
  ext4:ext4_sync_file_enter                          [Tracepoint event]
  ext4:ext4_sync_file_exit                           [Tracepoint event]
  ext4:ext4_sync_fs                                  [Tracepoint event]
  ext4:ext4_alloc_da_blocks                          [Tracepoint event]
  ext4:ext4_mballoc_alloc                            [Tracepoint event]
  ext4:ext4_mballoc_prealloc                         [Tracepoint event]
  ext4:ext4_mballoc_discard                          [Tracepoint event]
  ext4:ext4_mballoc_free                             [Tracepoint event]
  ext4:ext4_forget                                   [Tracepoint event]
  ext4:ext4_da_update_reserve_space                  [Tracepoint event]
  ext4:ext4_da_reserve_space                         [Tracepoint event]
  ext4:ext4_da_release_space                         [Tracepoint event]
  ext4:ext4_mb_bitmap_load                           [Tracepoint event]
  ext4:ext4_mb_buddy_bitmap_load                     [Tracepoint event]
  ext4:ext4_read_block_bitmap_load                   [Tracepoint event]
  ext4:ext4_load_inode_bitmap                        [Tracepoint event]
  ext4:ext4_direct_IO_enter                          [Tracepoint event]
  ext4:ext4_direct_IO_exit                           [Tracepoint event]
  ext4:ext4_fallocate_enter                          [Tracepoint event]
  ext4:ext4_fallocate_exit                           [Tracepoint event]
  ext4:ext4_punch_hole                               [Tracepoint event]
  ext4:ext4_unlink_enter                             [Tracepoint event]
  ext4:ext4_unlink_exit                              [Tracepoint event]
  ext4:ext4_truncate_enter                           [Tracepoint event]
  ext4:ext4_truncate_exit                            [Tracepoint event]
  ext4:ext4_ext_convert_to_initialized_enter         [Tracepoint event]
  ext4:ext4_ext_convert_to_initialized_fastpath      [Tracepoint event]
  ext4:ext4_ext_map_blocks_enter                     [Tracepoint event]
  ext4:ext4_ind_map_blocks_enter                     [Tracepoint event]
  ext4:ext4_ext_map_blocks_exit                      [Tracepoint event]
  ext4:ext4_ind_map_blocks_exit                      [Tracepoint event]
  ext4:ext4_ext_load_extent                          [Tracepoint event]
  ext4:ext4_load_inode                               [Tracepoint event]
  ext4:ext4_journal_start                            [Tracepoint event]
  ext4:ext4_journal_start_reserved                   [Tracepoint event]
  ext4:ext4_trim_extent                              [Tracepoint event]
  ext4:ext4_trim_all_free                            [Tracepoint event]
  ext4:ext4_ext_handle_uninitialized_extents         [Tracepoint event]
  ext4:ext4_get_implied_cluster_alloc_exit           [Tracepoint event]
  ext4:ext4_ext_put_in_cache                         [Tracepoint event]
  ext4:ext4_ext_in_cache                             [Tracepoint event]
  ext4:ext4_find_delalloc_range                      [Tracepoint event]
  ext4:ext4_get_reserved_cluster_alloc               [Tracepoint event]
  ext4:ext4_ext_show_extent                          [Tracepoint event]
  ext4:ext4_remove_blocks                            [Tracepoint event]
  ext4:ext4_ext_rm_leaf                              [Tracepoint event]
  ext4:ext4_ext_rm_idx                               [Tracepoint event]
  ext4:ext4_ext_remove_space                         [Tracepoint event]
  ext4:ext4_ext_remove_space_done                    [Tracepoint event]
  ext4:ext4_es_insert_extent                         [Tracepoint event]
  ext4:ext4_es_cache_extent                          [Tracepoint event]
  ext4:ext4_es_remove_extent                         [Tracepoint event]
  ext4:ext4_es_find_delayed_extent_range_enter       [Tracepoint event]
  ext4:ext4_es_find_delayed_extent_range_exit        [Tracepoint event]
  ext4:ext4_es_lookup_extent_enter                   [Tracepoint event]
  ext4:ext4_es_lookup_extent_exit                    [Tracepoint event]
  ext4:ext4_es_shrink_enter                          [Tracepoint event]
  ext4:ext4_es_shrink_exit                           [Tracepoint event]
  writeback:writeback_dirty_page                     [Tracepoint event]
  writeback:writeback_dirty_inode_start              [Tracepoint event]
  writeback:writeback_dirty_inode                    [Tracepoint event]
  writeback:writeback_write_inode_start              [Tracepoint event]
  writeback:writeback_write_inode                    [Tracepoint event]
  writeback:writeback_queue                          [Tracepoint event]
  writeback:writeback_exec                           [Tracepoint event]
  writeback:writeback_start                          [Tracepoint event]
  writeback:writeback_written                        [Tracepoint event]
  writeback:writeback_wait                           [Tracepoint event]
  writeback:writeback_pages_written                  [Tracepoint event]
  writeback:writeback_nowork                         [Tracepoint event]
  writeback:writeback_wake_background                [Tracepoint event]
  writeback:writeback_bdi_register                   [Tracepoint event]
  writeback:writeback_bdi_unregister                 [Tracepoint event]
  writeback:wbc_writepage                            [Tracepoint event]
  writeback:writeback_queue_io                       [Tracepoint event]
  writeback:global_dirty_state                       [Tracepoint event]
  writeback:bdi_dirty_ratelimit                      [Tracepoint event]
  writeback:balance_dirty_pages                      [Tracepoint event]
  writeback:writeback_sb_inodes_requeue              [Tracepoint event]
  writeback:writeback_congestion_wait                [Tracepoint event]
  writeback:writeback_wait_iff_congested             [Tracepoint event]
  writeback:writeback_single_inode_start             [Tracepoint event]
  writeback:writeback_single_inode                   [Tracepoint event]
  vfs:dirty_inode                                    [Tracepoint event]
  fs:do_sys_open                                     [Tracepoint event]
  fs:open_exec                                       [Tracepoint event]
  migrate:mm_migrate_pages                           [Tracepoint event]
  compaction:mm_compaction_isolate_migratepages      [Tracepoint event]
  compaction:mm_compaction_isolate_freepages         [Tracepoint event]
  compaction:mm_compaction_migratepages              [Tracepoint event]
  kmem:kmalloc                                       [Tracepoint event]
  kmem:kmem_cache_alloc                              [Tracepoint event]
  kmem:kmalloc_node                                  [Tracepoint event]
  kmem:kmem_cache_alloc_node                         [Tracepoint event]
  kmem:kfree                                         [Tracepoint event]
  kmem:kmem_cache_free                               [Tracepoint event]
  kmem:mm_page_free                                  [Tracepoint event]
  kmem:mm_page_free_batched                          [Tracepoint event]
  kmem:mm_page_alloc                                 [Tracepoint event]
  kmem:mm_page_alloc_zone_locked                     [Tracepoint event]
  kmem:mm_page_pcpu_drain                            [Tracepoint event]
  kmem:mm_page_alloc_extfrag                         [Tracepoint event]
  vmscan:mm_vmscan_kswapd_sleep                      [Tracepoint event]
  vmscan:mm_vmscan_kswapd_wake                       [Tracepoint event]
  vmscan:mm_vmscan_wakeup_kswapd                     [Tracepoint event]
  vmscan:mm_vmscan_direct_reclaim_begin              [Tracepoint event]
  vmscan:mm_vmscan_memcg_reclaim_begin               [Tracepoint event]
  vmscan:mm_vmscan_memcg_softlimit_reclaim_begin     [Tracepoint event]
  vmscan:mm_vmscan_direct_reclaim_end                [Tracepoint event]
  vmscan:mm_vmscan_memcg_reclaim_end                 [Tracepoint event]
  vmscan:mm_vmscan_memcg_softlimit_reclaim_end       [Tracepoint event]
  vmscan:mm_shrink_slab_start                        [Tracepoint event]
  vmscan:mm_shrink_slab_end                          [Tracepoint event]
  vmscan:mm_vmscan_lru_isolate                       [Tracepoint event]
  vmscan:mm_vmscan_memcg_isolate                     [Tracepoint event]
  vmscan:mm_vmscan_writepage                         [Tracepoint event]
  vmscan:mm_vmscan_lru_shrink_inactive               [Tracepoint event]
  pagemap:mm_lru_insertion                           [Tracepoint event]
  pagemap:mm_lru_activate                            [Tracepoint event]
  oom:oom_score_adj_update                           [Tracepoint event]
  filemap:mm_filemap_delete_from_page_cache          [Tracepoint event]
  filemap:mm_filemap_add_to_page_cache               [Tracepoint event]
  context_tracking:user_enter                        [Tracepoint event]
  context_tracking:user_exit                         [Tracepoint event]
  rpm:rpm_suspend                                    [Tracepoint event]
  rpm:rpm_resume                                     [Tracepoint event]
  rpm:rpm_idle                                       [Tracepoint event]
  rpm:rpm_return_int                                 [Tracepoint event]
  power:cpu_idle                                     [Tracepoint event]
  power:pstate_sample                                [Tracepoint event]
  power:cpu_frequency                                [Tracepoint event]
  power:machine_suspend                              [Tracepoint event]
  power:device_pm_report_time                        [Tracepoint event]
  power:wakeup_source_activate                       [Tracepoint event]
  power:wakeup_source_deactivate                     [Tracepoint event]
  power:clock_enable                                 [Tracepoint event]
  power:clock_disable                                [Tracepoint event]
  power:clock_set_rate                               [Tracepoint event]
  power:power_domain_target                          [Tracepoint event]
  power:pm_qos_add_request                           [Tracepoint event]
  power:pm_qos_update_request                        [Tracepoint event]
  power:pm_qos_remove_request                        [Tracepoint event]
  power:pm_qos_update_request_timeout                [Tracepoint event]
  power:pm_qos_update_target                         [Tracepoint event]
  power:pm_qos_update_flags                          [Tracepoint event]
  power:dev_pm_qos_add_request                       [Tracepoint event]
  power:dev_pm_qos_update_request                    [Tracepoint event]
  power:dev_pm_qos_remove_request                    [Tracepoint event]
  ftrace:function                                    [Tracepoint event]
  module:module_load                                 [Tracepoint event]
  module:module_free                                 [Tracepoint event]
  module:module_get                                  [Tracepoint event]
  module:module_put                                  [Tracepoint event]
  module:module_request                              [Tracepoint event]
  rcu:rcu_utilization                                [Tracepoint event]
  printk:console                                     [Tracepoint event]
  sched:sched_kthread_stop                           [Tracepoint event]
  sched:sched_kthread_stop_ret                       [Tracepoint event]
  sched:sched_wakeup                                 [Tracepoint event]
  sched:sched_wakeup_new                             [Tracepoint event]
  sched:sched_switch                                 [Tracepoint event]
  sched:sched_migrate_task                           [Tracepoint event]
  sched:sched_process_free                           [Tracepoint event]
  sched:sched_process_exit                           [Tracepoint event]
  sched:sched_wait_task                              [Tracepoint event]
  sched:sched_process_wait                           [Tracepoint event]
  sched:sched_process_fork                           [Tracepoint event]
  sched:sched_process_exec                           [Tracepoint event]
  sched:sched_stat_wait                              [Tracepoint event]
  sched:sched_stat_sleep                             [Tracepoint event]
  sched:sched_stat_iowait                            [Tracepoint event]
  sched:sched_stat_blocked                           [Tracepoint event]
  sched:sched_stat_runtime                           [Tracepoint event]
  sched:sched_pi_setprio                             [Tracepoint event]
  sched:sched_process_hang                           [Tracepoint event]
  workqueue:workqueue_queue_work                     [Tracepoint event]
  workqueue:workqueue_activate_work                  [Tracepoint event]
  workqueue:workqueue_execute_start                  [Tracepoint event]
  workqueue:workqueue_execute_end                    [Tracepoint event]
  signal:signal_generate                             [Tracepoint event]
  signal:signal_deliver                              [Tracepoint event]
  timer:timer_init                                   [Tracepoint event]
  timer:timer_start                                  [Tracepoint event]
  timer:timer_expire_entry                           [Tracepoint event]
  timer:timer_expire_exit                            [Tracepoint event]
  timer:timer_cancel                                 [Tracepoint event]
  timer:hrtimer_init                                 [Tracepoint event]
  timer:hrtimer_start                                [Tracepoint event]
  timer:hrtimer_expire_entry                         [Tracepoint event]
  timer:hrtimer_expire_exit                          [Tracepoint event]
  timer:hrtimer_cancel                               [Tracepoint event]
  timer:itimer_state                                 [Tracepoint event]
  timer:itimer_expire                                [Tracepoint event]
  timer:tick_stop                                    [Tracepoint event]
  irq:irq_handler_entry                              [Tracepoint event]
  irq:irq_handler_exit                               [Tracepoint event]
  irq:softirq_entry                                  [Tracepoint event]
  irq:softirq_exit                                   [Tracepoint event]
  irq:softirq_raise                                  [Tracepoint event]
  task:task_newtask                                  [Tracepoint event]
  task:task_rename                                   [Tracepoint event]
  exceptions:page_fault_user                         [Tracepoint event]
  exceptions:page_fault_kernel                       [Tracepoint event]
  mce:mce_record                                     [Tracepoint event]
  raw_syscalls:sys_enter                             [Tracepoint event]
  raw_syscalls:sys_exit                              [Tracepoint event]
  vsyscall:emulate_vsyscall                          [Tracepoint event]
  syscalls:sys_enter_socket                          [Tracepoint event]
  syscalls:sys_exit_socket                           [Tracepoint event]
  syscalls:sys_enter_socketpair                      [Tracepoint event]
  syscalls:sys_exit_socketpair                       [Tracepoint event]
  syscalls:sys_enter_bind                            [Tracepoint event]
  syscalls:sys_exit_bind                             [Tracepoint event]
  syscalls:sys_enter_listen                          [Tracepoint event]
  syscalls:sys_exit_listen                           [Tracepoint event]
  syscalls:sys_enter_accept4                         [Tracepoint event]
  syscalls:sys_exit_accept4                          [Tracepoint event]
  syscalls:sys_enter_accept                          [Tracepoint event]
  syscalls:sys_exit_accept                           [Tracepoint event]
  syscalls:sys_enter_connect                         [Tracepoint event]
  syscalls:sys_exit_connect                          [Tracepoint event]
  syscalls:sys_enter_getsockname                     [Tracepoint event]
  syscalls:sys_exit_getsockname                      [Tracepoint event]
  syscalls:sys_enter_getpeername                     [Tracepoint event]
  syscalls:sys_exit_getpeername                      [Tracepoint event]
  syscalls:sys_enter_sendto                          [Tracepoint event]
  syscalls:sys_exit_sendto                           [Tracepoint event]
  syscalls:sys_enter_recvfrom                        [Tracepoint event]
  syscalls:sys_exit_recvfrom                         [Tracepoint event]
  syscalls:sys_enter_setsockopt                      [Tracepoint event]
  syscalls:sys_exit_setsockopt                       [Tracepoint event]
  syscalls:sys_enter_getsockopt                      [Tracepoint event]
  syscalls:sys_exit_getsockopt                       [Tracepoint event]
  syscalls:sys_enter_shutdown                        [Tracepoint event]
  syscalls:sys_exit_shutdown                         [Tracepoint event]
  syscalls:sys_enter_sendmsg                         [Tracepoint event]
  syscalls:sys_exit_sendmsg                          [Tracepoint event]
  syscalls:sys_enter_sendmmsg                        [Tracepoint event]
  syscalls:sys_exit_sendmmsg                         [Tracepoint event]
  syscalls:sys_enter_recvmsg                         [Tracepoint event]
  syscalls:sys_exit_recvmsg                          [Tracepoint event]
  syscalls:sys_enter_recvmmsg                        [Tracepoint event]
  syscalls:sys_exit_recvmmsg                         [Tracepoint event]
  syscalls:sys_enter_add_key                         [Tracepoint event]
  syscalls:sys_exit_add_key                          [Tracepoint event]
  syscalls:sys_enter_request_key                     [Tracepoint event]
  syscalls:sys_exit_request_key                      [Tracepoint event]
  syscalls:sys_enter_keyctl                          [Tracepoint event]
  syscalls:sys_exit_keyctl                           [Tracepoint event]
  syscalls:sys_enter_mq_open                         [Tracepoint event]
  syscalls:sys_exit_mq_open                          [Tracepoint event]
  syscalls:sys_enter_mq_unlink                       [Tracepoint event]
  syscalls:sys_exit_mq_unlink                        [Tracepoint event]
  syscalls:sys_enter_mq_timedsend                    [Tracepoint event]
  syscalls:sys_exit_mq_timedsend                     [Tracepoint event]
  syscalls:sys_enter_mq_timedreceive                 [Tracepoint event]
  syscalls:sys_exit_mq_timedreceive                  [Tracepoint event]
  syscalls:sys_enter_mq_notify                       [Tracepoint event]
  syscalls:sys_exit_mq_notify                        [Tracepoint event]
  syscalls:sys_enter_mq_getsetattr                   [Tracepoint event]
  syscalls:sys_exit_mq_getsetattr                    [Tracepoint event]
  syscalls:sys_enter_shmget                          [Tracepoint event]
  syscalls:sys_exit_shmget                           [Tracepoint event]
  syscalls:sys_enter_shmctl                          [Tracepoint event]
  syscalls:sys_exit_shmctl                           [Tracepoint event]
  syscalls:sys_enter_shmat                           [Tracepoint event]
  syscalls:sys_exit_shmat                            [Tracepoint event]
  syscalls:sys_enter_shmdt                           [Tracepoint event]
  syscalls:sys_exit_shmdt                            [Tracepoint event]
  syscalls:sys_enter_semget                          [Tracepoint event]
  syscalls:sys_exit_semget                           [Tracepoint event]
  syscalls:sys_enter_semctl                          [Tracepoint event]
  syscalls:sys_exit_semctl                           [Tracepoint event]
  syscalls:sys_enter_semtimedop                      [Tracepoint event]
  syscalls:sys_exit_semtimedop                       [Tracepoint event]
  syscalls:sys_enter_semop                           [Tracepoint event]
  syscalls:sys_exit_semop                            [Tracepoint event]
  syscalls:sys_enter_msgget                          [Tracepoint event]
  syscalls:sys_exit_msgget                           [Tracepoint event]
  syscalls:sys_enter_msgctl                          [Tracepoint event]
  syscalls:sys_exit_msgctl                           [Tracepoint event]
  syscalls:sys_enter_msgsnd                          [Tracepoint event]
  syscalls:sys_exit_msgsnd                           [Tracepoint event]
  syscalls:sys_enter_msgrcv                          [Tracepoint event]
  syscalls:sys_exit_msgrcv                           [Tracepoint event]
  syscalls:sys_enter_lookup_dcookie                  [Tracepoint event]
  syscalls:sys_exit_lookup_dcookie                   [Tracepoint event]
  syscalls:sys_enter_quotactl                        [Tracepoint event]
  syscalls:sys_exit_quotactl                         [Tracepoint event]
  syscalls:sys_enter_name_to_handle_at               [Tracepoint event]
  syscalls:sys_exit_name_to_handle_at                [Tracepoint event]
  syscalls:sys_enter_open_by_handle_at               [Tracepoint event]
  syscalls:sys_exit_open_by_handle_at                [Tracepoint event]
  syscalls:sys_enter_flock                           [Tracepoint event]
  syscalls:sys_exit_flock                            [Tracepoint event]
  syscalls:sys_enter_io_setup                        [Tracepoint event]
  syscalls:sys_exit_io_setup                         [Tracepoint event]
  syscalls:sys_enter_io_destroy                      [Tracepoint event]
  syscalls:sys_exit_io_destroy                       [Tracepoint event]
  syscalls:sys_enter_io_submit                       [Tracepoint event]
  syscalls:sys_exit_io_submit                        [Tracepoint event]
  syscalls:sys_enter_io_cancel                       [Tracepoint event]
  syscalls:sys_exit_io_cancel                        [Tracepoint event]
  syscalls:sys_enter_io_getevents                    [Tracepoint event]
  syscalls:sys_exit_io_getevents                     [Tracepoint event]
  syscalls:sys_enter_eventfd2                        [Tracepoint event]
  syscalls:sys_exit_eventfd2                         [Tracepoint event]
  syscalls:sys_enter_eventfd                         [Tracepoint event]
  syscalls:sys_exit_eventfd                          [Tracepoint event]
  syscalls:sys_enter_timerfd_create                  [Tracepoint event]
  syscalls:sys_exit_timerfd_create                   [Tracepoint event]
  syscalls:sys_enter_timerfd_settime                 [Tracepoint event]
  syscalls:sys_exit_timerfd_settime                  [Tracepoint event]
  syscalls:sys_enter_timerfd_gettime                 [Tracepoint event]
  syscalls:sys_exit_timerfd_gettime                  [Tracepoint event]
  syscalls:sys_enter_signalfd4                       [Tracepoint event]
  syscalls:sys_exit_signalfd4                        [Tracepoint event]
  syscalls:sys_enter_signalfd                        [Tracepoint event]
  syscalls:sys_exit_signalfd                         [Tracepoint event]
  syscalls:sys_enter_epoll_create1                   [Tracepoint event]
  syscalls:sys_exit_epoll_create1                    [Tracepoint event]
  syscalls:sys_enter_epoll_create                    [Tracepoint event]
  syscalls:sys_exit_epoll_create                     [Tracepoint event]
  syscalls:sys_enter_epoll_ctl                       [Tracepoint event]
  syscalls:sys_exit_epoll_ctl                        [Tracepoint event]
  syscalls:sys_enter_epoll_wait                      [Tracepoint event]
  syscalls:sys_exit_epoll_wait                       [Tracepoint event]
  syscalls:sys_enter_epoll_pwait                     [Tracepoint event]
  syscalls:sys_exit_epoll_pwait                      [Tracepoint event]
  syscalls:sys_enter_fanotify_init                   [Tracepoint event]
  syscalls:sys_exit_fanotify_init                    [Tracepoint event]
  syscalls:sys_enter_fanotify_mark                   [Tracepoint event]
  syscalls:sys_exit_fanotify_mark                    [Tracepoint event]
  syscalls:sys_enter_inotify_init1                   [Tracepoint event]
  syscalls:sys_exit_inotify_init1                    [Tracepoint event]
  syscalls:sys_enter_inotify_init                    [Tracepoint event]
  syscalls:sys_exit_inotify_init                     [Tracepoint event]
  syscalls:sys_enter_inotify_add_watch               [Tracepoint event]
  syscalls:sys_exit_inotify_add_watch                [Tracepoint event]
  syscalls:sys_enter_inotify_rm_watch                [Tracepoint event]
  syscalls:sys_exit_inotify_rm_watch                 [Tracepoint event]
  syscalls:sys_enter_ioprio_set                      [Tracepoint event]
  syscalls:sys_exit_ioprio_set                       [Tracepoint event]
  syscalls:sys_enter_ioprio_get                      [Tracepoint event]
  syscalls:sys_exit_ioprio_get                       [Tracepoint event]
  syscalls:sys_enter_statfs                          [Tracepoint event]
  syscalls:sys_exit_statfs                           [Tracepoint event]
  syscalls:sys_enter_fstatfs                         [Tracepoint event]
  syscalls:sys_exit_fstatfs                          [Tracepoint event]
  syscalls:sys_enter_ustat                           [Tracepoint event]
  syscalls:sys_exit_ustat                            [Tracepoint event]
  syscalls:sys_enter_utime                           [Tracepoint event]
  syscalls:sys_exit_utime                            [Tracepoint event]
  syscalls:sys_enter_utimensat                       [Tracepoint event]
  syscalls:sys_exit_utimensat                        [Tracepoint event]
  syscalls:sys_enter_futimesat                       [Tracepoint event]
  syscalls:sys_exit_futimesat                        [Tracepoint event]
  syscalls:sys_enter_utimes                          [Tracepoint event]
  syscalls:sys_exit_utimes                           [Tracepoint event]
  syscalls:sys_enter_sync                            [Tracepoint event]
  syscalls:sys_exit_sync                             [Tracepoint event]
  syscalls:sys_enter_syncfs                          [Tracepoint event]
  syscalls:sys_exit_syncfs                           [Tracepoint event]
  syscalls:sys_enter_fsync                           [Tracepoint event]
  syscalls:sys_exit_fsync                            [Tracepoint event]
  syscalls:sys_enter_fdatasync                       [Tracepoint event]
  syscalls:sys_exit_fdatasync                        [Tracepoint event]
  syscalls:sys_enter_sync_file_range                 [Tracepoint event]
  syscalls:sys_exit_sync_file_range                  [Tracepoint event]
  syscalls:sys_enter_vmsplice                        [Tracepoint event]
  syscalls:sys_exit_vmsplice                         [Tracepoint event]
  syscalls:sys_enter_splice                          [Tracepoint event]
  syscalls:sys_exit_splice                           [Tracepoint event]
  syscalls:sys_enter_tee                             [Tracepoint event]
  syscalls:sys_exit_tee                              [Tracepoint event]
  syscalls:sys_enter_setxattr                        [Tracepoint event]
  syscalls:sys_exit_setxattr                         [Tracepoint event]
  syscalls:sys_enter_lsetxattr                       [Tracepoint event]
  syscalls:sys_exit_lsetxattr                        [Tracepoint event]
  syscalls:sys_enter_fsetxattr                       [Tracepoint event]
  syscalls:sys_exit_fsetxattr                        [Tracepoint event]
  syscalls:sys_enter_getxattr                        [Tracepoint event]
  syscalls:sys_exit_getxattr                         [Tracepoint event]
  syscalls:sys_enter_lgetxattr                       [Tracepoint event]
  syscalls:sys_exit_lgetxattr                        [Tracepoint event]
  syscalls:sys_enter_fgetxattr                       [Tracepoint event]
  syscalls:sys_exit_fgetxattr                        [Tracepoint event]
  syscalls:sys_enter_listxattr                       [Tracepoint event]
  syscalls:sys_exit_listxattr                        [Tracepoint event]
  syscalls:sys_enter_llistxattr                      [Tracepoint event]
  syscalls:sys_exit_llistxattr                       [Tracepoint event]
  syscalls:sys_enter_flistxattr                      [Tracepoint event]
  syscalls:sys_exit_flistxattr                       [Tracepoint event]
  syscalls:sys_enter_removexattr                     [Tracepoint event]
  syscalls:sys_exit_removexattr                      [Tracepoint event]
  syscalls:sys_enter_lremovexattr                    [Tracepoint event]
  syscalls:sys_exit_lremovexattr                     [Tracepoint event]
  syscalls:sys_enter_fremovexattr                    [Tracepoint event]
  syscalls:sys_exit_fremovexattr                     [Tracepoint event]
  syscalls:sys_enter_umount                          [Tracepoint event]
  syscalls:sys_exit_umount                           [Tracepoint event]
  syscalls:sys_enter_mount                           [Tracepoint event]
  syscalls:sys_exit_mount                            [Tracepoint event]
  syscalls:sys_enter_pivot_root                      [Tracepoint event]
  syscalls:sys_exit_pivot_root                       [Tracepoint event]
  syscalls:sys_enter_sysfs                           [Tracepoint event]
  syscalls:sys_exit_sysfs                            [Tracepoint event]
  syscalls:sys_enter_dup3                            [Tracepoint event]
  syscalls:sys_exit_dup3                             [Tracepoint event]
  syscalls:sys_enter_dup2                            [Tracepoint event]
  syscalls:sys_exit_dup2                             [Tracepoint event]
  syscalls:sys_enter_dup                             [Tracepoint event]
  syscalls:sys_exit_dup                              [Tracepoint event]
  syscalls:sys_enter_getcwd                          [Tracepoint event]
  syscalls:sys_exit_getcwd                           [Tracepoint event]
  syscalls:sys_enter_select                          [Tracepoint event]
  syscalls:sys_exit_select                           [Tracepoint event]
  syscalls:sys_enter_pselect6                        [Tracepoint event]
  syscalls:sys_exit_pselect6                         [Tracepoint event]
  syscalls:sys_enter_poll                            [Tracepoint event]
  syscalls:sys_exit_poll                             [Tracepoint event]
  syscalls:sys_enter_ppoll                           [Tracepoint event]
  syscalls:sys_exit_ppoll                            [Tracepoint event]
  syscalls:sys_enter_getdents                        [Tracepoint event]
  syscalls:sys_exit_getdents                         [Tracepoint event]
  syscalls:sys_enter_getdents64                      [Tracepoint event]
  syscalls:sys_exit_getdents64                       [Tracepoint event]
  syscalls:sys_enter_ioctl                           [Tracepoint event]
  syscalls:sys_exit_ioctl                            [Tracepoint event]
  syscalls:sys_enter_fcntl                           [Tracepoint event]
  syscalls:sys_exit_fcntl                            [Tracepoint event]
  syscalls:sys_enter_mknodat                         [Tracepoint event]
  syscalls:sys_exit_mknodat                          [Tracepoint event]
  syscalls:sys_enter_mknod                           [Tracepoint event]
  syscalls:sys_exit_mknod                            [Tracepoint event]
  syscalls:sys_enter_mkdirat                         [Tracepoint event]
  syscalls:sys_exit_mkdirat                          [Tracepoint event]
  syscalls:sys_enter_mkdir                           [Tracepoint event]
  syscalls:sys_exit_mkdir                            [Tracepoint event]
  syscalls:sys_enter_rmdir                           [Tracepoint event]
  syscalls:sys_exit_rmdir                            [Tracepoint event]
  syscalls:sys_enter_unlinkat                        [Tracepoint event]
  syscalls:sys_exit_unlinkat                         [Tracepoint event]
  syscalls:sys_enter_unlink                          [Tracepoint event]
  syscalls:sys_exit_unlink                           [Tracepoint event]
  syscalls:sys_enter_symlinkat                       [Tracepoint event]
  syscalls:sys_exit_symlinkat                        [Tracepoint event]
  syscalls:sys_enter_symlink                         [Tracepoint event]
  syscalls:sys_exit_symlink                          [Tracepoint event]
  syscalls:sys_enter_linkat                          [Tracepoint event]
  syscalls:sys_exit_linkat                           [Tracepoint event]
  syscalls:sys_enter_link                            [Tracepoint event]
  syscalls:sys_exit_link                             [Tracepoint event]
  syscalls:sys_enter_renameat                        [Tracepoint event]
  syscalls:sys_exit_renameat                         [Tracepoint event]
  syscalls:sys_enter_rename                          [Tracepoint event]
  syscalls:sys_exit_rename                           [Tracepoint event]
  syscalls:sys_enter_pipe2                           [Tracepoint event]
  syscalls:sys_exit_pipe2                            [Tracepoint event]
  syscalls:sys_enter_pipe                            [Tracepoint event]
  syscalls:sys_exit_pipe                             [Tracepoint event]
  syscalls:sys_enter_newstat                         [Tracepoint event]
  syscalls:sys_exit_newstat                          [Tracepoint event]
  syscalls:sys_enter_newlstat                        [Tracepoint event]
  syscalls:sys_exit_newlstat                         [Tracepoint event]
  syscalls:sys_enter_newfstatat                      [Tracepoint event]
  syscalls:sys_exit_newfstatat                       [Tracepoint event]
  syscalls:sys_enter_newfstat                        [Tracepoint event]
  syscalls:sys_exit_newfstat                         [Tracepoint event]
  syscalls:sys_enter_readlinkat                      [Tracepoint event]
  syscalls:sys_exit_readlinkat                       [Tracepoint event]
  syscalls:sys_enter_readlink                        [Tracepoint event]
  syscalls:sys_exit_readlink                         [Tracepoint event]
  syscalls:sys_enter_lseek                           [Tracepoint event]
  syscalls:sys_exit_lseek                            [Tracepoint event]
  syscalls:sys_enter_read                            [Tracepoint event]
  syscalls:sys_exit_read                             [Tracepoint event]
  syscalls:sys_enter_write                           [Tracepoint event]
  syscalls:sys_exit_write                            [Tracepoint event]
  syscalls:sys_enter_pread64                         [Tracepoint event]
  syscalls:sys_exit_pread64                          [Tracepoint event]
  syscalls:sys_enter_pwrite64                        [Tracepoint event]
  syscalls:sys_exit_pwrite64                         [Tracepoint event]
  syscalls:sys_enter_readv                           [Tracepoint event]
  syscalls:sys_exit_readv                            [Tracepoint event]
  syscalls:sys_enter_writev                          [Tracepoint event]
  syscalls:sys_exit_writev                           [Tracepoint event]
  syscalls:sys_enter_preadv                          [Tracepoint event]
  syscalls:sys_exit_preadv                           [Tracepoint event]
  syscalls:sys_enter_pwritev                         [Tracepoint event]
  syscalls:sys_exit_pwritev                          [Tracepoint event]
  syscalls:sys_enter_sendfile64                      [Tracepoint event]
  syscalls:sys_exit_sendfile64                       [Tracepoint event]
  syscalls:sys_enter_truncate                        [Tracepoint event]
  syscalls:sys_exit_truncate                         [Tracepoint event]
  syscalls:sys_enter_ftruncate                       [Tracepoint event]
  syscalls:sys_exit_ftruncate                        [Tracepoint event]
  syscalls:sys_enter_fallocate                       [Tracepoint event]
  syscalls:sys_exit_fallocate                        [Tracepoint event]
  syscalls:sys_enter_faccessat                       [Tracepoint event]
  syscalls:sys_exit_faccessat                        [Tracepoint event]
  syscalls:sys_enter_access                          [Tracepoint event]
  syscalls:sys_exit_access                           [Tracepoint event]
  syscalls:sys_enter_chdir                           [Tracepoint event]
  syscalls:sys_exit_chdir                            [Tracepoint event]
  syscalls:sys_enter_fchdir                          [Tracepoint event]
  syscalls:sys_exit_fchdir                           [Tracepoint event]
  syscalls:sys_enter_chroot                          [Tracepoint event]
  syscalls:sys_exit_chroot                           [Tracepoint event]
  syscalls:sys_enter_fchmod                          [Tracepoint event]
  syscalls:sys_exit_fchmod                           [Tracepoint event]
  syscalls:sys_enter_fchmodat                        [Tracepoint event]
  syscalls:sys_exit_fchmodat                         [Tracepoint event]
  syscalls:sys_enter_chmod                           [Tracepoint event]
  syscalls:sys_exit_chmod                            [Tracepoint event]
  syscalls:sys_enter_fchownat                        [Tracepoint event]
  syscalls:sys_exit_fchownat                         [Tracepoint event]
  syscalls:sys_enter_chown                           [Tracepoint event]
  syscalls:sys_exit_chown                            [Tracepoint event]
  syscalls:sys_enter_lchown                          [Tracepoint event]
  syscalls:sys_exit_lchown                           [Tracepoint event]
  syscalls:sys_enter_fchown                          [Tracepoint event]
  syscalls:sys_exit_fchown                           [Tracepoint event]
  syscalls:sys_enter_open                            [Tracepoint event]
  syscalls:sys_exit_open                             [Tracepoint event]
  syscalls:sys_enter_openat                          [Tracepoint event]
  syscalls:sys_exit_openat                           [Tracepoint event]
  syscalls:sys_enter_creat                           [Tracepoint event]
  syscalls:sys_exit_creat                            [Tracepoint event]
  syscalls:sys_enter_close                           [Tracepoint event]
  syscalls:sys_exit_close                            [Tracepoint event]
  syscalls:sys_enter_vhangup                         [Tracepoint event]
  syscalls:sys_exit_vhangup                          [Tracepoint event]
  syscalls:sys_enter_move_pages                      [Tracepoint event]
  syscalls:sys_exit_move_pages                       [Tracepoint event]
  syscalls:sys_enter_mbind                           [Tracepoint event]
  syscalls:sys_exit_mbind                            [Tracepoint event]
  syscalls:sys_enter_set_mempolicy                   [Tracepoint event]
  syscalls:sys_exit_set_mempolicy                    [Tracepoint event]
  syscalls:sys_enter_migrate_pages                   [Tracepoint event]
  syscalls:sys_exit_migrate_pages                    [Tracepoint event]
  syscalls:sys_enter_get_mempolicy                   [Tracepoint event]
  syscalls:sys_exit_get_mempolicy                    [Tracepoint event]
  syscalls:sys_enter_swapoff                         [Tracepoint event]
  syscalls:sys_exit_swapoff                          [Tracepoint event]
  syscalls:sys_enter_swapon                          [Tracepoint event]
  syscalls:sys_exit_swapon                           [Tracepoint event]
  syscalls:sys_enter_process_vm_readv                [Tracepoint event]
  syscalls:sys_exit_process_vm_readv                 [Tracepoint event]
  syscalls:sys_enter_process_vm_writev               [Tracepoint event]
  syscalls:sys_exit_process_vm_writev                [Tracepoint event]
  syscalls:sys_enter_msync                           [Tracepoint event]
  syscalls:sys_exit_msync                            [Tracepoint event]
  syscalls:sys_enter_mremap                          [Tracepoint event]
  syscalls:sys_exit_mremap                           [Tracepoint event]
  syscalls:sys_enter_mprotect                        [Tracepoint event]
  syscalls:sys_exit_mprotect                         [Tracepoint event]
  syscalls:sys_enter_brk                             [Tracepoint event]
  syscalls:sys_exit_brk                              [Tracepoint event]
  syscalls:sys_enter_munmap                          [Tracepoint event]
  syscalls:sys_exit_munmap                           [Tracepoint event]
  syscalls:sys_enter_mlock                           [Tracepoint event]
  syscalls:sys_exit_mlock                            [Tracepoint event]
  syscalls:sys_enter_munlock                         [Tracepoint event]
  syscalls:sys_exit_munlock                          [Tracepoint event]
  syscalls:sys_enter_mlockall                        [Tracepoint event]
  syscalls:sys_exit_mlockall                         [Tracepoint event]
  syscalls:sys_enter_munlockall                      [Tracepoint event]
  syscalls:sys_exit_munlockall                       [Tracepoint event]
  syscalls:sys_enter_mincore                         [Tracepoint event]
  syscalls:sys_exit_mincore                          [Tracepoint event]
  syscalls:sys_enter_madvise                         [Tracepoint event]
  syscalls:sys_exit_madvise                          [Tracepoint event]
  syscalls:sys_enter_remap_file_pages                [Tracepoint event]
  syscalls:sys_exit_remap_file_pages                 [Tracepoint event]
  syscalls:sys_enter_readahead                       [Tracepoint event]
  syscalls:sys_exit_readahead                        [Tracepoint event]
  syscalls:sys_enter_fadvise64                       [Tracepoint event]
  syscalls:sys_exit_fadvise64                        [Tracepoint event]
  syscalls:sys_enter_perf_event_open                 [Tracepoint event]
  syscalls:sys_exit_perf_event_open                  [Tracepoint event]
  syscalls:sys_enter_seccomp                         [Tracepoint event]
  syscalls:sys_exit_seccomp                          [Tracepoint event]
  syscalls:sys_enter_kexec_load                      [Tracepoint event]
  syscalls:sys_exit_kexec_load                       [Tracepoint event]
  syscalls:sys_enter_acct                            [Tracepoint event]
  syscalls:sys_exit_acct                             [Tracepoint event]
  syscalls:sys_enter_delete_module                   [Tracepoint event]
  syscalls:sys_exit_delete_module                    [Tracepoint event]
  syscalls:sys_enter_init_module                     [Tracepoint event]
  syscalls:sys_exit_init_module                      [Tracepoint event]
  syscalls:sys_enter_finit_module                    [Tracepoint event]
  syscalls:sys_exit_finit_module                     [Tracepoint event]
  syscalls:sys_enter_set_robust_list                 [Tracepoint event]
  syscalls:sys_exit_set_robust_list                  [Tracepoint event]
  syscalls:sys_enter_get_robust_list                 [Tracepoint event]
  syscalls:sys_exit_get_robust_list                  [Tracepoint event]
  syscalls:sys_enter_futex                           [Tracepoint event]
  syscalls:sys_exit_futex                            [Tracepoint event]
  syscalls:sys_enter_kcmp                            [Tracepoint event]
  syscalls:sys_exit_kcmp                             [Tracepoint event]
  syscalls:sys_enter_syslog                          [Tracepoint event]
  syscalls:sys_exit_syslog                           [Tracepoint event]
  syscalls:sys_enter_sched_setscheduler              [Tracepoint event]
  syscalls:sys_exit_sched_setscheduler               [Tracepoint event]
  syscalls:sys_enter_sched_setparam                  [Tracepoint event]
  syscalls:sys_exit_sched_setparam                   [Tracepoint event]
  syscalls:sys_enter_sched_getscheduler              [Tracepoint event]
  syscalls:sys_exit_sched_getscheduler               [Tracepoint event]
  syscalls:sys_enter_sched_getparam                  [Tracepoint event]
  syscalls:sys_exit_sched_getparam                   [Tracepoint event]
  syscalls:sys_enter_sched_setaffinity               [Tracepoint event]
  syscalls:sys_exit_sched_setaffinity                [Tracepoint event]
  syscalls:sys_enter_sched_getaffinity               [Tracepoint event]
  syscalls:sys_exit_sched_getaffinity                [Tracepoint event]
  syscalls:sys_enter_sched_yield                     [Tracepoint event]
  syscalls:sys_exit_sched_yield                      [Tracepoint event]
  syscalls:sys_enter_sched_get_priority_max          [Tracepoint event]
  syscalls:sys_exit_sched_get_priority_max           [Tracepoint event]
  syscalls:sys_enter_sched_get_priority_min          [Tracepoint event]
  syscalls:sys_exit_sched_get_priority_min           [Tracepoint event]
  syscalls:sys_enter_sched_rr_get_interval           [Tracepoint event]
  syscalls:sys_exit_sched_rr_get_interval            [Tracepoint event]
  syscalls:sys_enter_getgroups                       [Tracepoint event]
  syscalls:sys_exit_getgroups                        [Tracepoint event]
  syscalls:sys_enter_setgroups                       [Tracepoint event]
  syscalls:sys_exit_setgroups                        [Tracepoint event]
  syscalls:sys_enter_reboot                          [Tracepoint event]
  syscalls:sys_exit_reboot                           [Tracepoint event]
  syscalls:sys_enter_setns                           [Tracepoint event]
  syscalls:sys_exit_setns                            [Tracepoint event]
  syscalls:sys_enter_nanosleep                       [Tracepoint event]
  syscalls:sys_exit_nanosleep                        [Tracepoint event]
  syscalls:sys_enter_timer_create                    [Tracepoint event]
  syscalls:sys_exit_timer_create                     [Tracepoint event]
  syscalls:sys_enter_timer_gettime                   [Tracepoint event]
  syscalls:sys_exit_timer_gettime                    [Tracepoint event]
  syscalls:sys_enter_timer_getoverrun                [Tracepoint event]
  syscalls:sys_exit_timer_getoverrun                 [Tracepoint event]
  syscalls:sys_enter_timer_settime                   [Tracepoint event]
  syscalls:sys_exit_timer_settime                    [Tracepoint event]
  syscalls:sys_enter_timer_delete                    [Tracepoint event]
  syscalls:sys_exit_timer_delete                     [Tracepoint event]
  syscalls:sys_enter_clock_settime                   [Tracepoint event]
  syscalls:sys_exit_clock_settime                    [Tracepoint event]
  syscalls:sys_enter_clock_gettime                   [Tracepoint event]
  syscalls:sys_exit_clock_gettime                    [Tracepoint event]
  syscalls:sys_enter_clock_adjtime                   [Tracepoint event]
  syscalls:sys_exit_clock_adjtime                    [Tracepoint event]
  syscalls:sys_enter_clock_getres                    [Tracepoint event]
  syscalls:sys_exit_clock_getres                     [Tracepoint event]
  syscalls:sys_enter_clock_nanosleep                 [Tracepoint event]
  syscalls:sys_exit_clock_nanosleep                  [Tracepoint event]
  syscalls:sys_enter_setpriority                     [Tracepoint event]
  syscalls:sys_exit_setpriority                      [Tracepoint event]
  syscalls:sys_enter_getpriority                     [Tracepoint event]
  syscalls:sys_exit_getpriority                      [Tracepoint event]
  syscalls:sys_enter_setregid                        [Tracepoint event]
  syscalls:sys_exit_setregid                         [Tracepoint event]
  syscalls:sys_enter_setgid                          [Tracepoint event]
  syscalls:sys_exit_setgid                           [Tracepoint event]
  syscalls:sys_enter_setreuid                        [Tracepoint event]
  syscalls:sys_exit_setreuid                         [Tracepoint event]
  syscalls:sys_enter_setuid                          [Tracepoint event]
  syscalls:sys_exit_setuid                           [Tracepoint event]
  syscalls:sys_enter_setresuid                       [Tracepoint event]
  syscalls:sys_exit_setresuid                        [Tracepoint event]
  syscalls:sys_enter_getresuid                       [Tracepoint event]
  syscalls:sys_exit_getresuid                        [Tracepoint event]
  syscalls:sys_enter_setresgid                       [Tracepoint event]
  syscalls:sys_exit_setresgid                        [Tracepoint event]
  syscalls:sys_enter_getresgid                       [Tracepoint event]
  syscalls:sys_exit_getresgid                        [Tracepoint event]
  syscalls:sys_enter_setfsuid                        [Tracepoint event]
  syscalls:sys_exit_setfsuid                         [Tracepoint event]
  syscalls:sys_enter_setfsgid                        [Tracepoint event]
  syscalls:sys_exit_setfsgid                         [Tracepoint event]
  syscalls:sys_enter_getpid                          [Tracepoint event]
  syscalls:sys_exit_getpid                           [Tracepoint event]
  syscalls:sys_enter_gettid                          [Tracepoint event]
  syscalls:sys_exit_gettid                           [Tracepoint event]
  syscalls:sys_enter_getppid                         [Tracepoint event]
  syscalls:sys_exit_getppid                          [Tracepoint event]
  syscalls:sys_enter_getuid                          [Tracepoint event]
  syscalls:sys_exit_getuid                           [Tracepoint event]
  syscalls:sys_enter_geteuid                         [Tracepoint event]
  syscalls:sys_exit_geteuid                          [Tracepoint event]
  syscalls:sys_enter_getgid                          [Tracepoint event]
  syscalls:sys_exit_getgid                           [Tracepoint event]
  syscalls:sys_enter_getegid                         [Tracepoint event]
  syscalls:sys_exit_getegid                          [Tracepoint event]
  syscalls:sys_enter_times                           [Tracepoint event]
  syscalls:sys_exit_times                            [Tracepoint event]
  syscalls:sys_enter_setpgid                         [Tracepoint event]
  syscalls:sys_exit_setpgid                          [Tracepoint event]
  syscalls:sys_enter_getpgid                         [Tracepoint event]
  syscalls:sys_exit_getpgid                          [Tracepoint event]
  syscalls:sys_enter_getpgrp                         [Tracepoint event]
  syscalls:sys_exit_getpgrp                          [Tracepoint event]
  syscalls:sys_enter_getsid                          [Tracepoint event]
  syscalls:sys_exit_getsid                           [Tracepoint event]
  syscalls:sys_enter_setsid                          [Tracepoint event]
  syscalls:sys_exit_setsid                           [Tracepoint event]
  syscalls:sys_enter_newuname                        [Tracepoint event]
  syscalls:sys_exit_newuname                         [Tracepoint event]
  syscalls:sys_enter_sethostname                     [Tracepoint event]
  syscalls:sys_exit_sethostname                      [Tracepoint event]
  syscalls:sys_enter_setdomainname                   [Tracepoint event]
  syscalls:sys_exit_setdomainname                    [Tracepoint event]
  syscalls:sys_enter_getrlimit                       [Tracepoint event]
  syscalls:sys_exit_getrlimit                        [Tracepoint event]
  syscalls:sys_enter_prlimit64                       [Tracepoint event]
  syscalls:sys_exit_prlimit64                        [Tracepoint event]
  syscalls:sys_enter_setrlimit                       [Tracepoint event]
  syscalls:sys_exit_setrlimit                        [Tracepoint event]
  syscalls:sys_enter_getrusage                       [Tracepoint event]
  syscalls:sys_exit_getrusage                        [Tracepoint event]
  syscalls:sys_enter_umask                           [Tracepoint event]
  syscalls:sys_exit_umask                            [Tracepoint event]
  syscalls:sys_enter_prctl                           [Tracepoint event]
  syscalls:sys_exit_prctl                            [Tracepoint event]
  syscalls:sys_enter_getcpu                          [Tracepoint event]
  syscalls:sys_exit_getcpu                           [Tracepoint event]
  syscalls:sys_enter_sysinfo                         [Tracepoint event]
  syscalls:sys_exit_sysinfo                          [Tracepoint event]
  syscalls:sys_enter_restart_syscall                 [Tracepoint event]
  syscalls:sys_exit_restart_syscall                  [Tracepoint event]
  syscalls:sys_enter_rt_sigprocmask                  [Tracepoint event]
  syscalls:sys_exit_rt_sigprocmask                   [Tracepoint event]
  syscalls:sys_enter_rt_sigpending                   [Tracepoint event]
  syscalls:sys_exit_rt_sigpending                    [Tracepoint event]
  syscalls:sys_enter_rt_sigtimedwait                 [Tracepoint event]
  syscalls:sys_exit_rt_sigtimedwait                  [Tracepoint event]
  syscalls:sys_enter_kill                            [Tracepoint event]
  syscalls:sys_exit_kill                             [Tracepoint event]
  syscalls:sys_enter_tgkill                          [Tracepoint event]
  syscalls:sys_exit_tgkill                           [Tracepoint event]
  syscalls:sys_enter_tkill                           [Tracepoint event]
  syscalls:sys_exit_tkill                            [Tracepoint event]
  syscalls:sys_enter_rt_sigqueueinfo                 [Tracepoint event]
  syscalls:sys_exit_rt_sigqueueinfo                  [Tracepoint event]
  syscalls:sys_enter_rt_tgsigqueueinfo               [Tracepoint event]
  syscalls:sys_exit_rt_tgsigqueueinfo                [Tracepoint event]
  syscalls:sys_enter_sigaltstack                     [Tracepoint event]
  syscalls:sys_exit_sigaltstack                      [Tracepoint event]
  syscalls:sys_enter_rt_sigaction                    [Tracepoint event]
  syscalls:sys_exit_rt_sigaction                     [Tracepoint event]
  syscalls:sys_enter_pause                           [Tracepoint event]
  syscalls:sys_exit_pause                            [Tracepoint event]
  syscalls:sys_enter_rt_sigsuspend                   [Tracepoint event]
  syscalls:sys_exit_rt_sigsuspend                    [Tracepoint event]
  syscalls:sys_enter_alarm                           [Tracepoint event]
  syscalls:sys_exit_alarm                            [Tracepoint event]
  syscalls:sys_enter_ptrace                          [Tracepoint event]
  syscalls:sys_exit_ptrace                           [Tracepoint event]
  syscalls:sys_enter_capget                          [Tracepoint event]
  syscalls:sys_exit_capget                           [Tracepoint event]
  syscalls:sys_enter_capset                          [Tracepoint event]
  syscalls:sys_exit_capset                           [Tracepoint event]
  syscalls:sys_enter_sysctl                          [Tracepoint event]
  syscalls:sys_exit_sysctl                           [Tracepoint event]
  syscalls:sys_enter_time                            [Tracepoint event]
  syscalls:sys_exit_time                             [Tracepoint event]
  syscalls:sys_enter_gettimeofday                    [Tracepoint event]
  syscalls:sys_exit_gettimeofday                     [Tracepoint event]
  syscalls:sys_enter_settimeofday                    [Tracepoint event]
  syscalls:sys_exit_settimeofday                     [Tracepoint event]
  syscalls:sys_enter_adjtimex                        [Tracepoint event]
  syscalls:sys_exit_adjtimex                         [Tracepoint event]
  syscalls:sys_enter_getitimer                       [Tracepoint event]
  syscalls:sys_exit_getitimer                        [Tracepoint event]
  syscalls:sys_enter_setitimer                       [Tracepoint event]
  syscalls:sys_exit_setitimer                        [Tracepoint event]
  syscalls:sys_enter_exit                            [Tracepoint event]
  syscalls:sys_exit_exit                             [Tracepoint event]
  syscalls:sys_enter_exit_group                      [Tracepoint event]
  syscalls:sys_exit_exit_group                       [Tracepoint event]
  syscalls:sys_enter_waitid                          [Tracepoint event]
  syscalls:sys_exit_waitid                           [Tracepoint event]
  syscalls:sys_enter_wait4                           [Tracepoint event]
  syscalls:sys_exit_wait4                            [Tracepoint event]
  syscalls:sys_enter_personality                     [Tracepoint event]
  syscalls:sys_exit_personality                      [Tracepoint event]
  syscalls:sys_enter_set_tid_address                 [Tracepoint event]
  syscalls:sys_exit_set_tid_address                  [Tracepoint event]
  syscalls:sys_enter_unshare                         [Tracepoint event]
  syscalls:sys_exit_unshare                          [Tracepoint event]
  syscalls:sys_enter_mmap                            [Tracepoint event]
  syscalls:sys_exit_mmap                             [Tracepoint event]
  nmi:nmi_handler                                    [Tracepoint event]
  irq_vectors:local_timer_entry                      [Tracepoint event]
  irq_vectors:local_timer_exit                       [Tracepoint event]
  irq_vectors:reschedule_entry                       [Tracepoint event]
  irq_vectors:reschedule_exit                        [Tracepoint event]
  irq_vectors:spurious_apic_entry                    [Tracepoint event]
  irq_vectors:spurious_apic_exit                     [Tracepoint event]
  irq_vectors:error_apic_entry                       [Tracepoint event]
  irq_vectors:error_apic_exit                        [Tracepoint event]
  irq_vectors:x86_platform_ipi_entry                 [Tracepoint event]
  irq_vectors:x86_platform_ipi_exit                  [Tracepoint event]
  irq_vectors:irq_work_entry                         [Tracepoint event]
  irq_vectors:irq_work_exit                          [Tracepoint event]
  irq_vectors:call_function_entry                    [Tracepoint event]
  irq_vectors:call_function_exit                     [Tracepoint event]
  irq_vectors:call_function_single_entry             [Tracepoint event]
  irq_vectors:call_function_single_exit              [Tracepoint event]
  irq_vectors:threshold_apic_entry                   [Tracepoint event]
  irq_vectors:threshold_apic_exit                    [Tracepoint event]
  irq_vectors:thermal_apic_entry                     [Tracepoint event]
  irq_vectors:thermal_apic_exit                      [Tracepoint event]
  xen:xen_mc_batch                                   [Tracepoint event]
  xen:xen_mc_issue                                   [Tracepoint event]
  xen:xen_mc_entry                                   [Tracepoint event]
  xen:xen_mc_entry_alloc                             [Tracepoint event]
  xen:xen_mc_callback                                [Tracepoint event]
  xen:xen_mc_flush_reason                            [Tracepoint event]
  xen:xen_mc_flush                                   [Tracepoint event]
  xen:xen_mc_extend_args                             [Tracepoint event]
  xen:xen_mmu_set_pte                                [Tracepoint event]
  xen:xen_mmu_set_pte_atomic                         [Tracepoint event]
  xen:xen_mmu_set_domain_pte                         [Tracepoint event]
  xen:xen_mmu_set_pte_at                             [Tracepoint event]
  xen:xen_mmu_pte_clear                              [Tracepoint event]
  xen:xen_mmu_set_pmd                                [Tracepoint event]
  xen:xen_mmu_pmd_clear                              [Tracepoint event]
  xen:xen_mmu_set_pud                                [Tracepoint event]
  xen:xen_mmu_set_pgd                                [Tracepoint event]
  xen:xen_mmu_pud_clear                              [Tracepoint event]
  xen:xen_mmu_pgd_clear                              [Tracepoint event]
  xen:xen_mmu_ptep_modify_prot_start                 [Tracepoint event]
  xen:xen_mmu_ptep_modify_prot_commit                [Tracepoint event]
  xen:xen_mmu_alloc_ptpage                           [Tracepoint event]
  xen:xen_mmu_release_ptpage                         [Tracepoint event]
  xen:xen_mmu_pgd_pin                                [Tracepoint event]
  xen:xen_mmu_pgd_unpin                              [Tracepoint event]
  xen:xen_mmu_flush_tlb_all                          [Tracepoint event]
  xen:xen_mmu_flush_tlb                              [Tracepoint event]
  xen:xen_mmu_flush_tlb_single                       [Tracepoint event]
  xen:xen_mmu_flush_tlb_others                       [Tracepoint event]
  xen:xen_mmu_write_cr3                              [Tracepoint event]
  xen:xen_cpu_write_ldt_entry                        [Tracepoint event]
  xen:xen_cpu_write_idt_entry                        [Tracepoint event]
  xen:xen_cpu_load_idt                               [Tracepoint event]
  xen:xen_cpu_write_gdt_entry                        [Tracepoint event]
  xen:xen_cpu_set_ldt                                [Tracepoint event]
