4/15/2020 19:50:44.392   ADDR: 0x01   DATA: 0x00524A1   [ARB: 000, EOM, ACK]
4/15/2020 19:50:44.353   ADDR: 0x10   DATA: 0x00002AB2   [ARB: 100, EOM, ACK]
4/15/2020 19:50:44.316   ADDR: 0x50   DATA: 0x05002AB25   [ARB: 000, EOM, ACK]
4/15/2020 19:50:44.289   ADDR: 0x10   DATA: 0x000000323   [ARB: 100, EOM, ACK]
4/15/2020 19:50:44.252   ADDR: 0x50   DATA: 0x050000325   [ARB: 000, EOM, ACK]
4/15/2020 19:50:44.226   ADDR: 0x10   DATA: 0x00001E41   [ARB: 100, EOM, ACK]
4/15/2020 19:50:44.185   ADDR: 0x50   DATA: 0x19001E41D2000000   [ARB: 000, EOM, ACK]
4/15/2020 19:50:44.148   ADDR: 0x10   DATA: 0x0000DE81F   [ARB: 100, EOM, ACK]
4/15/2020 19:50:44.121   ADDR: 0x50   DATA: 0x1500DE81D   [ARB: 000, EOM, ACK]
4/15/2020 19:50:44.084   ADDR: 0x10   DATA: 0x0000DE41F7A7EC   [ARB: 100, EOM, ACK]
4/15/2020 19:50:44.042   ADDR: 0x50   DATA: 0x1700DE41D   [ARB: 000, EOM, ACK]
4/15/2020 19:50:43.999   ADDR: 0x10   DATA: 0x00002AB2   [ARB: 100, EOM, ACK]
4/15/2020 19:50:43.944   ADDR: 0x50   DATA: 0x05002AB25   [ARB: 000, EOM, ACK]
4/15/2020 19:50:43.917   ADDR: 0x10   DATA: 0x000000323   [ARB: 100, EOM, ACK]
4/15/2020 19:50:43.866   ADDR: 0x50   DATA: 0x050000325   [ARB: 000, EOM, ACK]
4/15/2020 19:50:43.825   ADDR: 0x10   DATA: 0x00001AAD   [ARB: 100, EOM, ACK]
4/15/2020 19:50:43.794   ADDR: 0x50   DATA: 0x1A001AADD800000   [ARB: 000, EOM, ACK]
4/15/2020 19:50:43.755   ADDR: 0x10   DATA: 0x0000DAAD   [ARB: 100, EOM, ACK]
4/15/2020 19:50:43.711   ADDR: 0x50   DATA: 0x1800DAADD   [ARB: 000, EOM, ACK]
4/15/2020 19:50:43.666   ADDR: 0x10   DATA: 0x0000DB0DF55D13   [ARB: 100, EOM, ACK]
4/15/2020 19:50:43.600   ADDR: 0x50   DATA: 0x1600DB0DD   [ARB: 000, EOM, ACK]
4/15/2020 19:50:43.576   ADDR: 0x10   DATA: 0x0000DB0D   [ARB: 100, TRX Error (01)]
4/15/2020 19:50:43.523   ADDR: 0x50   DATA: 0x1600DB0DD   [ARB: 000, EOM, ACK]
4/15/2020 19:50:43.496   ADDR: 0x10   DATA: 0x00002AB43400000   [ARB: 100, EOM, ACK]
4/15/2020 19:50:43.448   ADDR: 0x50   DATA: 0x05002AB45   [ARB: 000, EOM, ACK]
4/15/2020 19:50:43.407   ADDR: 0x10   DATA: 0x000000343   [ARB: 100, EOM, ACK]
4/15/2020 19:50:43.371   ADDR: 0x50   DATA: 0x050000345D00000   [ARB: 000, EOM, ACK]
4/15/2020 19:50:43.329   ADDR: 0x10   DATA: 0x00001F0FF   [ARB: 100, EOM, ACK]
4/15/2020 19:50:43.290   ADDR: 0x50   DATA: 0x1A001F0FD   [ARB: 000, EOM, ACK]
4/15/2020 19:50:43.263   ADDR: 0x10   DATA: 0x0000DF0FF55892   [ARB: 100, EOM, ACK]
4/15/2020 19:50:43.226   ADDR: 0x50   DATA: 0x1800DF0FD   [ARB: 000, TRX Error (01)]
4/15/2020 19:50:43.183   ADDR: 0x10   DATA: 0x0000DF4FF   [ARB: 100, EOM, No ACK]
4/15/2020 19:50:43.144   ADDR: 0x50   DATA: 0x1600DF4FD   [ARB: 000, EOM, ACK]
4/15/2020 19:50:43.118   ADDR: 0x10   DATA: 0x0000DF4FF400000   [ARB: 100, EOM, ACK]
4/15/2020 19:50:43.078   ADDR: 0x50   DATA: 0x1600DF4FD   [ARB: 000, EOM, ACK]
4/15/2020 19:50:43.037   ADDR: 0x10   DATA: 0x004C004C   [ARB: 100, TRX Error (01)]
4/15/2020 19:50:42.977   ADDR: 0x50   DATA: 0x00000003DD00000   [ARB: 000, EOM, ACK]
4/15/2020 19:50:42.939   ADDR: 0x40   DATA: 0x000000205   [ARB: 000, EOM, ACK]
4/15/2020 19:50:42.913   ADDR: 0x40   DATA: 0x010009025   [ARB: 000, EOM, ACK]
4/15/2020 19:50:42.874   ADDR: 0x10   DATA: 0x0000059637F5B0   [ARB: 100, EOM, ACK]
4/15/2020 19:50:42.823   ADDR: 0x40   DATA: 0x01000929D2AE453   [ARB: 000, EOM, ACK]
4/15/2020 19:50:42.797   ADDR: 0x40   DATA: 0x010009285   [ARB: 000, TRX Error (01)]
4/15/2020 19:50:42.757   ADDR: 0x40   DATA: 0x0100092A5   [ARB: 000, EOM, ACK]
4/15/2020 19:50:42.717   ADDR: 0x40   DATA: 0x0100090A54000000   [ARB: 000, EOM, ACK]
4/15/2020 19:50:42.679   ADDR: 0x40   DATA: 0x00000027D   [ARB: 000, TRX Error (01)]
4/15/2020 19:50:42.642   ADDR: 0x40   DATA: 0x000000245   [ARB: 000, EOM, ACK]
4/15/2020 19:50:42.589   ADDR: 0x30   DATA: 0x000000045D0000   [ARB: 000, EOM, ACK]
4/15/2020 19:50:42.551   ADDR: 0x10   DATA: 0x0000DE8B01000000   [ARB: 100, EOM, ACK]
4/15/2020 19:50:42.514   ADDR: 0x31   DATA: 0x100110005   [ARB: 000, EOM, ACK]
4/15/2020 19:50:42.486   ADDR: 0x30   DATA: 0x03FFFFFFDDA923   [ARB: 000, EOM, ACK]
4/15/2020 19:50:42.445   ADDR: 0x10   DATA: 0x0000000001C33012   [ARB: 100, TRX Error (01)]
4/15/2020 19:50:42.402   ADDR: 0x41   DATA: 0x1B0110005   [ARB: 000, TRX Error (01)]
4/15/2020 19:50:42.352   ADDR: 0x10   DATA: 0x0000000001C3300E   [ARB: 100, EOM, ACK]
4/15/2020 19:50:42.324   ADDR: 0x41   DATA: 0x1B0110005800000   [ARB: 000, EOM, ACK]
4/15/2020 19:50:42.284   ADDR: 0x30   DATA: 0x000000045   [ARB: 000, TRX Error (01)]
4/15/2020 19:50:42.247   ADDR: 0x10   DATA: 0x0000DE8B01000000   [ARB: 100, EOM, ACK]
4/15/2020 19:50:42.196   ADDR: 0x31   DATA: 0x100110005D0000   [ARB: 000, EOM, ACK]
4/15/2020 19:50:42.170   ADDR: 0x30   DATA: 0x03FFFFFFD   [ARB: 000, EOM, ACK]
4/15/2020 19:50:42.125   ADDR: 0x10   DATA: 0x0000000001C32DA8   [ARB: 100, EOM, ACK]
4/15/2020 19:50:42.074   ADDR: 0x41   DATA: 0x1B0110005ED3B08   [ARB: 000, EOM, ACK]
4/15/2020 19:50:42.036   ADDR: 0x10   DATA: 0x00002AB2344A00   [ARB: 100, EOM, ACK]
4/15/2020 19:50:42.000   ADDR: 0x50   DATA: 0x05002AB25DA7600   [ARB: 000, EOM, ACK]
4/15/2020 19:50:41.972   ADDR: 0x10   DATA: 0x000000323   [ARB: 100, TRX Error (01)]
4/15/2020 19:50:41.932   ADDR: 0x50   DATA: 0x050000325D00000   [ARB: 000, EOM, ACK]
4/15/2020 19:50:41.889   ADDR: 0x10   DATA: 0x00001AADF4000   [ARB: 100, EOM, ACK]
4/15/2020 19:50:41.852   ADDR: 0x50   DATA: 0x1A001AAD   [ARB: 000, EOM, ACK]
4/15/2020 19:50:41.816   ADDR: 0x10   DATA: 0x0000DAAD   [ARB: 100, EOM, ACK]
4/15/2020 19:50:41.777   ADDR: 0x50   DATA: 0x1800DAADD2A6C68   [ARB: 000, EOM, ACK]
4/15/2020 19:50:41.729   ADDR: 0x10   DATA: 0x0000DB0DF   [ARB: 100, EOM, ACK]
4/15/2020 19:50:41.689   ADDR: 0x50   DATA: 0x1600DB0DD   [ARB: 000, EOM, ACK]
4/15/2020 19:50:41.654   ADDR: 0x10   DATA: 0x0000DB0DF6CEB4   [ARB: 100, EOM, ACK]
4/15/2020 19:50:41.614   ADDR: 0x50   DATA: 0x1600DB0D   [ARB: 000, EOM, ACK]
4/15/2020 19:50:39.586   ADDR: 0xD8   DATA: 0x700001F   [ARB: 111, TRX Error (01)]
4/15/2020 18:21:18.741   ADDR: 0x01   DATA: 0x0050E0F   [ARB: 000, TRX Error (01)]
4/15/2020 18:21:18.698   ADDR: 0x10   DATA: 0x00002AB2   [ARB: 100, EOM, ACK]
4/15/2020 18:21:18.643   ADDR: 0x50   DATA: 0x05002AB25   [ARB: 000, EOM, ACK]
4/15/2020 18:21:18.603   ADDR: 0x10   DATA: 0x000000323   [ARB: 100, EOM, ACK]
4/15/2020 18:21:18.565   ADDR: 0x50   DATA: 0x050000325   [ARB: 000, EOM, ACK]
4/15/2020 18:21:18.539   ADDR: 0x10   DATA: 0x00001E41F   [ARB: 100, EOM, ACK]
4/15/2020 18:21:18.497   ADDR: 0x50   DATA: 0x19001E41D   [ARB: 000, EOM, ACK]
4/15/2020 18:21:18.453   ADDR: 0x10   DATA: 0x0000DE81F7594B   [ARB: 100, EOM, ACK]
4/15/2020 18:21:18.410   ADDR: 0x50   DATA: 0x1500DE81   [ARB: 000, EOM, ACK]
4/15/2020 18:21:18.366   ADDR: 0x10   DATA: 0x0000DE41   [ARB: 100, TRX Error (01)]
4/15/2020 18:21:18.327   ADDR: 0x50   DATA: 0x1700DE41D   [ARB: 000, EOM, ACK]
4/15/2020 18:21:18.268   ADDR: 0x30   DATA: 0x000000545   [ARB: 000, EOM, ACK]
4/15/2020 18:21:18.227   ADDR: 0x30   DATA: 0x000000145   [ARB: 000, EOM, ACK]
4/15/2020 18:21:18.200   ADDR: 0x30   DATA: 0x000000045   [ARB: 000, EOM, ACK]
4/15/2020 18:21:18.149   ADDR: 0x30   DATA: 0x03000D5FD   [ARB: 000, EOM, ACK]
4/15/2020 18:21:18.122   ADDR: 0x10   DATA: 0x000000000143AB41   [ARB: 100, EOM, ACK]
4/15/2020 18:21:18.069   ADDR: 0x41   DATA: 0x1B0110005   [ARB: 000, EOM, ACK]
4/15/2020 18:21:18.040   ADDR: 0x10   DATA: 0x000000000143AB3D   [ARB: 100, EOM, ACK]
4/15/2020 18:21:17.981   ADDR: 0x41   DATA: 0x1B0110005   [ARB: 000, EOM, ACK]
4/15/2020 18:21:17.926   ADDR: 0x10   DATA: 0x000000000143AB39   [ARB: 100, EOM, ACK]
4/15/2020 18:21:17.896   ADDR: 0x41   DATA: 0x1B0110005   [ARB: 000, EOM, ACK]
4/15/2020 18:21:17.868   ADDR: 0x10   DATA: 0x004C004C   [ARB: 100, EOM, ACK]
4/15/2020 18:21:17.830   ADDR: 0x50   DATA: 0x00000003D   [ARB: 000, EOM, ACK]
4/15/2020 18:21:17.770   ADDR: 0x40   DATA: 0x000000205   [ARB: 000, EOM, ACK]
4/15/2020 18:21:17.745   ADDR: 0x40   DATA: 0x01000902   [ARB: 000, EOM, ACK]
4/15/2020 18:21:17.691   ADDR: 0x10   DATA: 0x00000597   [ARB: 100, EOM, ACK]
4/15/2020 18:21:17.659   ADDR: 0x40   DATA: 0x01000929D   [ARB: 000, EOM, ACK]
4/15/2020 18:21:17.607   ADDR: 0x40   DATA: 0x010009285   [ARB: 000, EOM, ACK]
4/15/2020 18:21:17.578   ADDR: 0x40   DATA: 0x0100092A5   [ARB: 000, EOM, ACK]
4/15/2020 18:21:17.524   ADDR: 0x40   DATA: 0x0100090A5   [ARB: 000, EOM, ACK]
4/15/2020 18:21:17.497   ADDR: 0x40   DATA: 0x00000027D   [ARB: 000, EOM, ACK]
4/15/2020 18:21:17.456   ADDR: 0x40   DATA: 0x000000245   [ARB: 000, EOM, ACK]
4/15/2020 18:21:17.419   ADDR: 0x30   DATA: 0x00000004   [ARB: 000, EOM, ACK]
4/15/2020 18:21:17.377   ADDR: 0x10   DATA: 0x0000DE8B01000000   [ARB: 100, EOM, ACK]
4/15/2020 18:21:17.334   ADDR: 0x31   DATA: 0x100110005   [ARB: 000, EOM, ACK]
4/15/2020 18:21:17.296   ADDR: 0x30   DATA: 0x03FFFFFFD   [ARB: 000, EOM, ACK]
4/15/2020 18:21:17.239   ADDR: 0x10   DATA: 0x000000000143A7EC   [ARB: 100, EOM, ACK]
4/15/2020 18:21:17.185   ADDR: 0x41   DATA: 0x1B0110005   [ARB: 000, EOM, ACK]
4/15/2020 18:21:17.148   ADDR: 0x10   DATA: 0x00002AB2   [ARB: 100, EOM, ACK]
4/15/2020 18:21:17.123   ADDR: 0x50   DATA: 0x05002AB25   [ARB: 000, EOM, ACK]
4/15/2020 18:21:17.088   ADDR: 0x10   DATA: 0x000000323   [ARB: 100, EOM, ACK]
4/15/2020 18:21:17.062   ADDR: 0x50   DATA: 0x050000325   [ARB: 000, EOM, ACK]
4/15/2020 18:21:17.020   ADDR: 0x10   DATA: 0x00001AAD   [ARB: 100, EOM, ACK]
4/15/2020 18:21:16.953   ADDR: 0x50   DATA: 0x1A001AADD800000   [ARB: 000, EOM, ACK]
4/15/2020 18:21:16.922   ADDR: 0x10   DATA: 0x0000DAAD   [ARB: 100, EOM, ACK]
4/15/2020 18:21:16.898   ADDR: 0x50   DATA: 0x1800DAADD   [ARB: 000, EOM, ACK]
4/15/2020 18:21:16.854   ADDR: 0x10   DATA: 0x0000DB0DF55D13   [ARB: 100, EOM, ACK]
4/15/2020 18:21:16.817   ADDR: 0x50   DATA: 0x1600DB0DD   [ARB: 000, EOM, ACK]
4/15/2020 18:21:16.764   ADDR: 0x10   DATA: 0x0000DB0D   [ARB: 100, TRX Error (01)]
4/15/2020 18:21:16.735   ADDR: 0x50   DATA: 0x1600DB0DD   [ARB: 000, EOM, ACK]
4/15/2020 18:21:16.698   ADDR: 0x10   DATA: 0x0000DE8B01000000   [ARB: 100, EOM, ACK]
4/15/2020 18:21:16.662   ADDR: 0xD9   DATA: 0x40000C9   [ARB: 111, EOM, ACK]
4/15/2020 17:48:54.713   ADDR: 0x01   DATA: 0x0056AB7   [ARB: 000, EOM, ACK]
4/15/2020 17:48:54.678   ADDR: 0x10   DATA: 0x00002AB2340000   [ARB: 100, EOM, ACK]
4/15/2020 17:48:54.655   ADDR: 0x50   DATA: 0x05002AB25   [ARB: 000, EOM, ACK]
4/15/2020 17:48:54.628   ADDR: 0x10   DATA: 0x000000323   [ARB: 100, EOM, ACK]
4/15/2020 17:48:54.591   ADDR: 0x50   DATA: 0x050000325D5892   [ARB: 000, EOM, ACK]
4/15/2020 17:48:54.539   ADDR: 0x10   DATA: 0x00001E41   [ARB: 100, TRX Error (01)]
4/15/2020 17:48:54.511   ADDR: 0x50   DATA: 0x19001E41D   [ARB: 000, TRX Error (01)]
4/15/2020 17:48:54.466   ADDR: 0x10   DATA: 0x0000DE81F   [ARB: 100, EOM, ACK]
4/15/2020 17:48:54.417   ADDR: 0x50   DATA: 0x1500DE81D800000   [ARB: 000, EOM, ACK]
4/15/2020 17:48:54.393   ADDR: 0x10   DATA: 0x0000DE41   [ARB: 100, EOM, ACK]
4/15/2020 17:48:54.340   ADDR: 0x50   DATA: 0x1700DE41D   [ARB: 000, EOM, ACK]
4/15/2020 17:48:54.303   ADDR: 0x30   DATA: 0x000000545D00000   [ARB: 000, EOM, ACK]
4/15/2020 17:48:54.264   ADDR: 0x30   DATA: 0x000000145   [ARB: 000, EOM, ACK]
4/15/2020 17:48:54.236   ADDR: 0x30   DATA: 0x000000045   [ARB: 000, EOM, ACK]
4/15/2020 17:48:54.193   ADDR: 0x30   DATA: 0x03003AFC5DFD6C   [ARB: 000, EOM, ACK]
4/15/2020 17:48:54.154   ADDR: 0x10   DATA: 0x0000000001157229   [ARB: 100, EOM, ACK]
4/15/2020 17:48:54.114   ADDR: 0x41   DATA: 0x1B0110005   [ARB: 000, TRX Error (01)]
4/15/2020 17:48:54.064   ADDR: 0x10   DATA: 0x00002AB2   [ARB: 100, EOM, ACK]
4/15/2020 17:48:54.021   ADDR: 0x50   DATA: 0x05002AB254000000   [ARB: 000, EOM, ACK]
4/15/2020 17:48:53.996   ADDR: 0x10   DATA: 0x00000032   [ARB: 100, TRX Error (01)]
4/15/2020 17:48:53.942   ADDR: 0x50   DATA: 0x050000325   [ARB: 000, EOM, ACK]
4/15/2020 17:48:53.915   ADDR: 0x10   DATA: 0x00001AADF40000   [ARB: 100, EOM, ACK]
4/15/2020 17:48:53.875   ADDR: 0x50   DATA: 0x1A001AADD   [ARB: 000, EOM, ACK]
4/15/2020 17:48:53.823   ADDR: 0x10   DATA: 0x0000DAAD   [ARB: 100, EOM, ACK]
4/15/2020 17:48:53.786   ADDR: 0x50   DATA: 0x1800DAADDDA923   [ARB: 000, EOM, ACK]
4/15/2020 17:48:53.750   ADDR: 0x10   DATA: 0x0000DB0DF6C637   [ARB: 100, EOM, ACK]
4/15/2020 17:48:53.723   ADDR: 0x50   DATA: 0x1600DB0DD   [ARB: 000, TRX Error (01)]
4/15/2020 17:48:53.670   ADDR: 0x10   DATA: 0x0000DB0D   [ARB: 100, TRX Error (01)]
4/15/2020 17:48:53.641   ADDR: 0x50   DATA: 0x1600DB0DD000000   [ARB: 000, EOM, ACK]
4/15/2020 17:48:53.602   ADDR: 0x20   DATA: 0x040080185   [ARB: 000, TRX Error (01)]
4/15/2020 17:48:53.544   ADDR: 0x20   DATA: 0x04008019D   [ARB: 000, EOM, ACK]
4/15/2020 17:48:53.495   ADDR: 0x20   DATA: 0x1100C001DD0000   [ARB: 000, EOM, ACK]
4/15/2020 17:48:53.460   ADDR: 0x20   DATA: 0x03040801D   [ARB: 000, EOM, ACK]
4/15/2020 17:48:53.434   ADDR: 0x20   DATA: 0x000003A1D   [ARB: 000, EOM, ACK]
4/15/2020 17:48:53.399   ADDR: 0x20   DATA: 0x000003A05ED3B08   [ARB: 000, EOM, ACK]
4/15/2020 17:48:53.376   ADDR: 0x20   DATA: 0x000003825D0940   [ARB: 000, EOM, ACK]
4/15/2020 17:48:52.937   ADDR: 0x20   DATA: 0x1100C0025DA7600   [ARB: 000, EOM, ACK]
4/15/2020 17:48:52.900   ADDR: 0x20   DATA: 0x000003825   [ARB: 000, TRX Error (01)]
4/15/2020 17:48:52.877   ADDR: 0x10   DATA: 0x02000836340000   [ARB: 100, EOM, ACK]
4/15/2020 17:48:52.645   ADDR: 0x20   DATA: 0x1100C0065D80000   [ARB: 000, EOM, ACK]
4/15/2020 17:48:52.617   ADDR: 0x20   DATA: 0x00000383   [ARB: 000, EOM, ACK]
4/15/2020 17:48:52.576   ADDR: 0x20   DATA: 0x01C41007D   [ARB: 000, EOM, ACK]
4/15/2020 17:48:52.506   ADDR: 0x20   DATA: 0x1100C00252A6C68   [ARB: 000, EOM, ACK]
4/15/2020 17:48:52.468   ADDR: 0x20   DATA: 0x000003825   [ARB: 000, EOM, ACK]
4/15/2020 17:48:52.442   ADDR: 0x10   DATA: 0x020008363   [ARB: 100, EOM, ACK]
4/15/2020 17:48:52.404   ADDR: 0x20   DATA: 0x1100C0065DB3AD   [ARB: 000, EOM, ACK]
4/15/2020 17:48:52.369   ADDR: 0x20   DATA: 0x00000383   [ARB: 000, EOM, ACK]
4/15/2020 17:48:52.332   ADDR: 0x20   DATA: 0x01C00007D   [ARB: 000, TRX Error (01)]
4/15/2020 17:48:52.304   ADDR: 0x20   DATA: 0x00000383D   [ARB: 000, TRX Error (01)]
4/15/2020 17:48:52.267   ADDR: 0x20   DATA: 0x03140801D   [ARB: 000, TRX Error (01)]
4/15/2020 17:48:52.214   ADDR: 0x20   DATA: 0x1100C0025   [ARB: 000, EOM, ACK]
4/15/2020 17:48:52.179   ADDR: 0x20   DATA: 0x104CFC0C5   [ARB: 000, EOM, ACK]
4/15/2020 17:48:52.144   ADDR: 0x20   DATA: 0x0F0000005   [ARB: 000, EOM, ACK]
4/15/2020 17:48:52.119   ADDR: 0x20   DATA: 0x0E0557005   [ARB: 000, EOM, ACK]
4/15/2020 17:48:52.078   ADDR: 0x20   DATA: 0x0D0010DFD   [ARB: 000, EOM, ACK]
4/15/2020 17:48:52.012   ADDR: 0x20   DATA: 0x1100C0005DACA5F   [ARB: 000, EOM, ACK]
4/15/2020 17:48:51.973   ADDR: 0x20   DATA: 0x04008021   [ARB: 000, EOM, ACK]
4/15/2020 17:48:51.947   ADDR: 0x20   DATA: 0x04008031D   [ARB: 000, TRX Error (01)]
4/15/2020 17:48:51.910   ADDR: 0x20   DATA: 0x04008011D   [ARB: 000, EOM, ACK]
4/15/2020 17:48:51.884   ADDR: 0x20   DATA: 0x04008019D   [ARB: 000, EOM, ACK]
4/15/2020 17:48:51.847   ADDR: 0x20   DATA: 0x000003A1D   [ARB: 000, EOM, ACK]
4/15/2020 17:48:51.808   ADDR: 0x20   DATA: 0x000003A05   [ARB: 000, EOM, ACK]
4/15/2020 17:48:51.766   ADDR: 0x20   DATA: 0x03040801D   [ARB: 000, EOM, ACK]
4/15/2020 17:48:51.723   ADDR: 0x20   DATA: 0x03000801D   [ARB: 000, EOM, ACK]
4/15/2020 17:48:51.683   ADDR: 0x20   DATA: 0x03080801D   [ARB: 000, EOM, ACK]
4/15/2020 17:48:51.626   ADDR: 0x20   DATA: 0x03000801D   [ARB: 000, EOM, ACK]
4/15/2020 17:48:51.573   ADDR: 0x20   DATA: 0x000003A05   [ARB: 000, EOM, ACK]
4/15/2020 17:48:51.547   ADDR: 0x10   DATA: 0x00002AB4   [ARB: 100, EOM, ACK]
4/15/2020 17:48:51.510   ADDR: 0x50   DATA: 0x05002AB45   [ARB: 000, EOM, ACK]
4/15/2020 17:48:51.485   ADDR: 0x10   DATA: 0x00000034   [ARB: 100, EOM, ACK]
4/15/2020 17:48:51.434   ADDR: 0x50   DATA: 0x050000345   [ARB: 000, EOM, ACK]
4/15/2020 17:48:51.407   ADDR: 0x10   DATA: 0x00001F0F   [ARB: 100, EOM, ACK]
4/15/2020 17:48:51.370   ADDR: 0x50   DATA: 0x1A001F0F   [ARB: 000, EOM, ACK]
4/15/2020 17:48:51.322   ADDR: 0x10   DATA: 0x0000DF0F   [ARB: 100, EOM, ACK]
4/15/2020 17:48:51.277   ADDR: 0x50   DATA: 0x1800DF0FD   [ARB: 000, EOM, ACK]
4/15/2020 17:48:51.240   ADDR: 0x10   DATA: 0x0000DF4F   [ARB: 100, EOM, ACK]
4/15/2020 17:48:51.211   ADDR: 0x50   DATA: 0x1600DF4F   [ARB: 000, EOM, ACK]
4/15/2020 17:48:51.165   ADDR: 0x10   DATA: 0x0000DF4FF   [ARB: 100, EOM, ACK]
4/15/2020 17:48:51.125   ADDR: 0x50   DATA: 0x1600DF4FD   [ARB: 000, EOM, ACK]
4/15/2020 17:48:51.085   ADDR: 0x10   DATA: 0x004C004C   [ARB: 100, EOM, ACK]
4/15/2020 17:48:51.047   ADDR: 0x50   DATA: 0x00000003   [ARB: 000, EOM, ACK]
4/15/2020 17:48:51.020   ADDR: 0x40   DATA: 0x00000020   [ARB: 000, EOM, ACK]
4/15/2020 17:48:50.981   ADDR: 0x40   DATA: 0x010009025   [ARB: 000, EOM, ACK]
4/15/2020 17:48:50.940   ADDR: 0x10   DATA: 0x000005A4   [ARB: 100, EOM, ACK]
4/15/2020 17:48:50.888   ADDR: 0x40   DATA: 0x01000929D   [ARB: 000, EOM, ACK]
4/15/2020 17:48:50.863   ADDR: 0x40   DATA: 0x010009285   [ARB: 000, EOM, ACK]
4/15/2020 17:48:50.812   ADDR: 0x40   DATA: 0x0100092A5   [ARB: 000, EOM, ACK]
4/15/2020 17:48:50.786   ADDR: 0x40   DATA: 0x0100090A5   [ARB: 000, EOM, ACK]
4/15/2020 17:48:50.745   ADDR: 0x40   DATA: 0x00000027D   [ARB: 000, EOM, ACK]
4/15/2020 17:48:50.703   ADDR: 0x40   DATA: 0x000000245   [ARB: 000, EOM, ACK]
4/15/2020 17:48:50.662   ADDR: 0x30   DATA: 0x00000004   [ARB: 000, EOM, ACK]
4/15/2020 17:48:50.619   ADDR: 0x10   DATA: 0x00000C6601000000   [ARB: 100, EOM, ACK]
4/15/2020 17:48:50.570   ADDR: 0x31   DATA: 0x10011000   [ARB: 000, EOM, ACK]
4/15/2020 17:48:50.534   ADDR: 0x30   DATA: 0x03FFFFFFD   [ARB: 000, EOM, ACK]
4/15/2020 17:48:50.510   ADDR: 0x10   DATA: 0x0000000001155D13   [ARB: 100, EOM, ACK]
4/15/2020 17:48:50.469   ADDR: 0x41   DATA: 0x1B0110005   [ARB: 000, EOM, ACK]
4/15/2020 17:48:50.433   ADDR: 0x10   DATA: 0x00002AB2   [ARB: 100, EOM, ACK]
4/15/2020 17:48:50.391   ADDR: 0x50   DATA: 0x05002AB25   [ARB: 000, EOM, ACK]
4/15/2020 17:48:50.341   ADDR: 0x10   DATA: 0x00000032   [ARB: 100, EOM, ACK]
4/15/2020 17:48:50.306   ADDR: 0x50   DATA: 0x050000325   [ARB: 000, EOM, ACK]
4/15/2020 17:48:50.280   ADDR: 0x10   DATA: 0x00001AAD   [ARB: 100, EOM, ACK]
4/15/2020 17:48:50.240   ADDR: 0x50   DATA: 0x1A001AADD4000000   [ARB: 000, EOM, ACK]
4/15/2020 17:48:50.198   ADDR: 0x10   DATA: 0x0000DAAD   [ARB: 100, EOM, ACK]
4/15/2020 17:48:50.156   ADDR: 0x50   DATA: 0x1800DAADD   [ARB: 000, EOM, ACK]
4/15/2020 17:48:50.102   ADDR: 0x10   DATA: 0x0000DB0DF5624B   [ARB: 100, EOM, ACK]
4/15/2020 17:48:50.050   ADDR: 0x50   DATA: 0x1600DB0DD   [ARB: 000, EOM, ACK]
4/15/2020 17:48:50.025   ADDR: 0x10   DATA: 0x0000DB0D   [ARB: 100, TRX Error (01)]
4/15/2020 17:48:49.988   ADDR: 0x50   DATA: 0x1600DB0DD   [ARB: 000, EOM, ACK]
4/15/2020 17:48:49.950   ADDR: 0x10   DATA: 0x00000C6601000000   [ARB: 100, EOM, ACK]
4/15/2020 17:48:49.927   ADDR: 0xD9   DATA: 0x40000C9   [ARB: 111, EOM, ACK]
4/15/2020 17:47:02.387   ADDR: 0x01   DATA: 0x0056AB7   [ARB: 000, EOM, ACK]
4/15/2020 17:47:02.351   ADDR: 0x10   DATA: 0x00002AB2340000   [ARB: 100, EOM, ACK]
4/15/2020 17:47:02.324   ADDR: 0x50   DATA: 0x05002AB25   [ARB: 000, EOM, ACK]
4/15/2020 17:47:02.271   ADDR: 0x10   DATA: 0x000000323   [ARB: 100, EOM, ACK]
4/15/2020 17:47:02.243   ADDR: 0x50   DATA: 0x050000325DFD6C   [ARB: 000, EOM, ACK]
4/15/2020 17:47:02.202   ADDR: 0x10   DATA: 0x00001E41   [ARB: 100, TRX Error (01)]
4/15/2020 17:47:02.159   ADDR: 0x50   DATA: 0x19001E41D   [ARB: 000, TRX Error (01)]
4/15/2020 17:47:02.103   ADDR: 0x10   DATA: 0x0000DE81   [ARB: 100, EOM, ACK]
4/15/2020 17:47:02.061   ADDR: 0x50   DATA: 0x1500DE81D4000000   [ARB: 000, EOM, ACK]
4/15/2020 17:47:02.034   ADDR: 0x10   DATA: 0x0000DE41   [ARB: 100, EOM, ACK]
4/15/2020 17:47:01.990   ADDR: 0x50   DATA: 0x1700DE41D   [ARB: 000, EOM, ACK]
4/15/2020 17:47:01.939   ADDR: 0x30   DATA: 0x000000545D0000   [ARB: 000, EOM, ACK]
4/15/2020 17:47:01.900   ADDR: 0x30   DATA: 0x000000145   [ARB: 000, EOM, ACK]
4/15/2020 17:47:01.858   ADDR: 0x30   DATA: 0x000000045   [ARB: 000, EOM, ACK]
4/15/2020 17:47:01.820   ADDR: 0x30   DATA: 0x0300034A5DA923   [ARB: 000, EOM, ACK]
4/15/2020 17:47:01.792   ADDR: 0x10   DATA: 0x000000000112C637   [ARB: 100, EOM, ACK]
4/15/2020 17:47:01.737   ADDR: 0x41   DATA: 0x1B0110005   [ARB: 000, TRX Error (01)]
4/15/2020 17:47:01.699   ADDR: 0x10   DATA: 0x00002AB2   [ARB: 100, EOM, ACK]
4/15/2020 17:47:01.671   ADDR: 0x50   DATA: 0x05002AB25800000   [ARB: 000, EOM, ACK]
4/15/2020 17:47:01.622   ADDR: 0x10   DATA: 0x00000032   [ARB: 100, TRX Error (01)]
4/15/2020 17:47:01.587   ADDR: 0x50   DATA: 0x050000325   [ARB: 000, EOM, ACK]
4/15/2020 17:47:01.562   ADDR: 0x10   DATA: 0x00001AADF4000   [ARB: 100, EOM, ACK]
4/15/2020 17:47:01.505   ADDR: 0x50   DATA: 0x1A001AADD   [ARB: 000, EOM, ACK]
4/15/2020 17:47:01.478   ADDR: 0x10   DATA: 0x0000DAAD   [ARB: 100, EOM, ACK]
4/15/2020 17:47:01.406   ADDR: 0x50   DATA: 0x1800DAADDDA7610   [ARB: 000, EOM, ACK]
4/15/2020 17:47:01.379   ADDR: 0x10   DATA: 0x0000DB0DF42500   [ARB: 100, EOM, ACK]
4/15/2020 17:47:01.328   ADDR: 0x50   DATA: 0x1600DB0DDDA7600   [ARB: 000, EOM, ACK]
4/15/2020 17:47:01.301   ADDR: 0x10   DATA: 0x0000DB0D   [ARB: 100, TRX Error (01)]
4/15/2020 17:47:01.264   ADDR: 0x50   DATA: 0x1600DB0DD000000   [ARB: 000, EOM, ACK]
4/15/2020 17:47:01.236   ADDR: 0x20   DATA: 0x040080185D80000   [ARB: 000, EOM, ACK]
4/15/2020 17:47:01.195   ADDR: 0x20   DATA: 0x04008019   [ARB: 000, EOM, ACK]
4/15/2020 17:47:01.154   ADDR: 0x20   DATA: 0x1100C001D   [ARB: 000, EOM, ACK]
4/15/2020 17:47:01.100   ADDR: 0x20   DATA: 0x03040801D2A6C68   [ARB: 000, EOM, ACK]
4/15/2020 17:47:01.072   ADDR: 0x20   DATA: 0x000003A1D   [ARB: 000, EOM, ACK]
4/15/2020 17:47:01.025   ADDR: 0x20   DATA: 0x000003A05   [ARB: 000, EOM, ACK]
4/15/2020 17:47:01.001   ADDR: 0x20   DATA: 0x000003825DB3AD   [ARB: 000, EOM, ACK]
4/15/2020 17:47:00.562   ADDR: 0x20   DATA: 0x1100C0025   [ARB: 000, EOM, ACK]
4/15/2020 17:47:00.536   ADDR: 0x20   DATA: 0x000003825   [ARB: 000, TRX Error (01)]
4/15/2020 17:47:00.502   ADDR: 0x10   DATA: 0x02000836   [ARB: 100, TRX Error (01)]
4/15/2020 17:47:00.203   ADDR: 0x20   DATA: 0x1100C0065   [ARB: 000, TRX Error (01)]
4/15/2020 17:47:00.179   ADDR: 0x20   DATA: 0x00000383D   [ARB: 000, EOM, ACK]
4/15/2020 17:47:00.154   ADDR: 0x20   DATA: 0x01C41007D   [ARB: 000, EOM, ACK]
4/15/2020 17:47:00.129   ADDR: 0x20   DATA: 0x1100C0025   [ARB: 000, EOM, ACK]
4/15/2020 17:47:00.100   ADDR: 0x20   DATA: 0x000003825   [ARB: 000, EOM, ACK]
4/15/2020 17:47:00.053   ADDR: 0x10   DATA: 0x02000836   [ARB: 100, EOM, ACK]
4/15/2020 17:47:00.024   ADDR: 0x20   DATA: 0x1100C0065DACA5F   [ARB: 000, EOM, ACK]
4/15/2020 17:46:59.971   ADDR: 0x20   DATA: 0x00000383   [ARB: 000, EOM, ACK]
4/15/2020 17:46:59.945   ADDR: 0x20   DATA: 0x01C00007D   [ARB: 000, TRX Error (01)]
4/15/2020 17:46:59.903   ADDR: 0x20   DATA: 0x00000383D   [ARB: 000, EOM, ACK]
4/15/2020 17:46:59.852   ADDR: 0x20   DATA: 0x03140801D   [ARB: 000, EOM, ACK]
4/15/2020 17:46:59.825   ADDR: 0x20   DATA: 0x1100C0025   [ARB: 000, EOM, ACK]
4/15/2020 17:46:59.778   ADDR: 0x20   DATA: 0x108C4F0C5   [ARB: 000, EOM, ACK]
4/15/2020 17:46:59.752   ADDR: 0x20   DATA: 0x0F0000005   [ARB: 000, EOM, ACK]
4/15/2020 17:46:59.709   ADDR: 0x20   DATA: 0x0E04AC005   [ARB: 000, EOM, ACK]
4/15/2020 17:46:59.654   ADDR: 0x20   DATA: 0x0D0005585   [ARB: 000, EOM, ACK]
4/15/2020 17:46:59.618   ADDR: 0x20   DATA: 0x1100C0005   [ARB: 000, EOM, ACK]
4/15/2020 17:46:59.583   ADDR: 0x20   DATA: 0x04008021D   [ARB: 000, EOM, ACK]
4/15/2020 17:46:59.557   ADDR: 0x20   DATA: 0x04008031D   [ARB: 000, EOM, ACK]
4/15/2020 17:46:59.521   ADDR: 0x20   DATA: 0x04008011D   [ARB: 000, EOM, ACK]
4/15/2020 17:46:59.481   ADDR: 0x20   DATA: 0x04008019   [ARB: 000, EOM, ACK]
4/15/2020 17:46:59.442   ADDR: 0x20   DATA: 0x000003A1D   [ARB: 000, EOM, ACK]
4/15/2020 17:46:59.405   ADDR: 0x20   DATA: 0x000003A0   [ARB: 000, EOM, ACK]
4/15/2020 17:46:59.354   ADDR: 0x20   DATA: 0x03040801   [ARB: 000, EOM, ACK]
4/15/2020 17:46:59.318   ADDR: 0x20   DATA: 0x03000801   [ARB: 000, EOM, ACK]
4/15/2020 17:46:59.292   ADDR: 0x20   DATA: 0x03080801D   [ARB: 000, EOM, ACK]
4/15/2020 17:46:59.255   ADDR: 0x20   DATA: 0x03000801   [ARB: 000, EOM, ACK]
4/15/2020 17:46:59.213   ADDR: 0x20   DATA: 0x000003A0   [ARB: 000, EOM, ACK]
4/15/2020 17:46:59.156   ADDR: 0x10   DATA: 0x00002AB4   [ARB: 100, EOM, ACK]
4/15/2020 17:46:59.109   ADDR: 0x50   DATA: 0x05002AB45   [ARB: 000, EOM, ACK]
4/15/2020 17:46:59.085   ADDR: 0x10   DATA: 0x00000034   [ARB: 100, EOM, ACK]
4/15/2020 17:46:59.050   ADDR: 0x50   DATA: 0x05000034   [ARB: 000, EOM, ACK]
4/15/2020 17:46:59.009   ADDR: 0x10   DATA: 0x00001F0F   [ARB: 100, EOM, ACK]
4/15/2020 17:46:58.973   ADDR: 0x50   DATA: 0x1A001F0FD   [ARB: 000, EOM, ACK]
4/15/2020 17:46:58.938   ADDR: 0x10   DATA: 0x0000DF0F   [ARB: 100, EOM, ACK]
4/15/2020 17:46:58.902   ADDR: 0x50   DATA: 0x1800DF0FD   [ARB: 000, EOM, ACK]
4/15/2020 17:46:58.879   ADDR: 0x10   DATA: 0x0000DF4F   [ARB: 100, EOM, ACK]
4/15/2020 17:46:58.839   ADDR: 0x50   DATA: 0x1600DF4FD   [ARB: 000, EOM, ACK]
4/15/2020 17:46:58.800   ADDR: 0x10   DATA: 0x0000DF4FF   [ARB: 100, EOM, ACK]
4/15/2020 17:46:58.756   ADDR: 0x50   DATA: 0x1600DF4FD   [ARB: 000, EOM, ACK]
4/15/2020 17:46:58.728   ADDR: 0x10   DATA: 0x004C004C   [ARB: 100, EOM, ACK]
4/15/2020 17:46:58.671   ADDR: 0x50   DATA: 0x00000003   [ARB: 000, EOM, ACK]
4/15/2020 17:46:58.644   ADDR: 0x40   DATA: 0x00000020   [ARB: 000, EOM, ACK]
4/15/2020 17:46:58.607   ADDR: 0x40   DATA: 0x01000902   [ARB: 000, EOM, ACK]
4/15/2020 17:46:58.569   ADDR: 0x10   DATA: 0x000005A8   [ARB: 100, EOM, ACK]
4/15/2020 17:46:58.532   ADDR: 0x40   DATA: 0x01000929   [ARB: 000, EOM, ACK]
4/15/2020 17:46:58.475   ADDR: 0x40   DATA: 0x010009285   [ARB: 000, EOM, ACK]
4/15/2020 17:46:58.447   ADDR: 0x40   DATA: 0x0100092A   [ARB: 000, EOM, ACK]
4/15/2020 17:46:58.397   ADDR: 0x40   DATA: 0x0100090A5   [ARB: 000, EOM, ACK]
4/15/2020 17:46:58.370   ADDR: 0x40   DATA: 0x00000027   [ARB: 000, EOM, ACK]
4/15/2020 17:46:58.330   ADDR: 0x40   DATA: 0x000000245   [ARB: 000, EOM, ACK]
4/15/2020 17:46:58.290   ADDR: 0x30   DATA: 0x00000004   [ARB: 000, EOM, ACK]
4/15/2020 17:46:58.235   ADDR: 0x10   DATA: 0x00000CA901000000   [ARB: 100, EOM, ACK]
4/15/2020 17:46:58.196   ADDR: 0x31   DATA: 0x10011000   [ARB: 000, EOM, ACK]
4/15/2020 17:46:58.158   ADDR: 0x30   DATA: 0x03FFFFFFD   [ARB: 000, EOM, ACK]
4/15/2020 17:46:58.122   ADDR: 0x10   DATA: 0x000000000112B125   [ARB: 100, EOM, ACK]
4/15/2020 17:46:58.086   ADDR: 0x41   DATA: 0x1B0110005   [ARB: 000, EOM, ACK]
4/15/2020 17:46:58.050   ADDR: 0x10   DATA: 0x00002AB2   [ARB: 100, EOM, ACK]
4/15/2020 17:46:58.023   ADDR: 0x50   DATA: 0x05002AB25   [ARB: 000, EOM, ACK]
4/15/2020 17:46:57.969   ADDR: 0x10   DATA: 0x00000032   [ARB: 100, EOM, ACK]
4/15/2020 17:46:57.928   ADDR: 0x50   DATA: 0x050000325   [ARB: 000, EOM, ACK]
4/15/2020 17:46:57.878   ADDR: 0x10   DATA: 0x00001AAD   [ARB: 100, EOM, ACK]
4/15/2020 17:46:57.851   ADDR: 0x50   DATA: 0x1A001AADD800000   [ARB: 000, EOM, ACK]
4/15/2020 17:46:57.811   ADDR: 0x10   DATA: 0x0000DAAD   [ARB: 100, EOM, ACK]
4/15/2020 17:46:57.773   ADDR: 0x50   DATA: 0x1800DAADD   [ARB: 000, EOM, ACK]
4/15/2020 17:46:57.746   ADDR: 0x10   DATA: 0x0000DB0DF7F5B0   [ARB: 100, EOM, ACK]
4/15/2020 17:46:57.703   ADDR: 0x50   DATA: 0x1600DB0DD   [ARB: 000, EOM, ACK]
4/15/2020 17:46:57.648   ADDR: 0x10   DATA: 0x0000DB0D   [ARB: 100, TRX Error (01)]
4/15/2020 17:46:57.611   ADDR: 0x50   DATA: 0x1600DB0DD   [ARB: 000, EOM, ACK]
4/15/2020 17:46:57.576   ADDR: 0x10   DATA: 0x00000CA901000000   [ARB: 100, EOM, ACK]
4/15/2020 17:46:57.552   ADDR: 0xD9   DATA: 0x40000C9   [ARB: 111, EOM, ACK]
4/15/2020 17:45:08.683   ADDR: 0x01   DATA: 0x0056AB7   [ARB: 000, EOM, ACK]
4/15/2020 17:45:08.658   ADDR: 0x10   DATA: 0x00002AB2340000   [ARB: 100, EOM, ACK]
4/15/2020 17:45:08.621   ADDR: 0x50   DATA: 0x05002AB25   [ARB: 000, EOM, ACK]
4/15/2020 17:45:08.585   ADDR: 0x10   DATA: 0x000000323   [ARB: 100, EOM, ACK]
4/15/2020 17:45:08.560   ADDR: 0x50   DATA: 0x050000325DA923   [ARB: 000, EOM, ACK]
4/15/2020 17:45:08.520   ADDR: 0x10   DATA: 0x00001E41   [ARB: 100, EOM, ACK]
4/15/2020 17:45:08.479   ADDR: 0x50   DATA: 0x19001E41D   [ARB: 000, TRX Error (01)]
4/15/2020 17:45:08.436   ADDR: 0x10   DATA: 0x0000DE81   [ARB: 100, EOM, ACK]
4/15/2020 17:45:08.385   ADDR: 0x50   DATA: 0x1500DE81D800000   [ARB: 000, EOM, ACK]
4/15/2020 17:45:08.347   ADDR: 0x10   DATA: 0x0000DE41   [ARB: 100, EOM, ACK]
4/15/2020 17:45:08.311   ADDR: 0x50   DATA: 0x1700DE41D   [ARB: 000, EOM, ACK]
4/15/2020 17:45:08.275   ADDR: 0x30   DATA: 0x000000545D0000   [ARB: 000, EOM, ACK]
4/15/2020 17:45:08.238   ADDR: 0x30   DATA: 0x000000145   [ARB: 000, EOM, ACK]
4/15/2020 17:45:08.210   ADDR: 0x30   DATA: 0x000000045   [ARB: 000, EOM, ACK]
4/15/2020 17:45:08.160   ADDR: 0x30   DATA: 0x030003545DA7610   [ARB: 000, EOM, ACK]
4/15/2020 17:45:08.120   ADDR: 0x10   DATA: 0x0000000001101280   [ARB: 100, EOM, ACK]
4/15/2020 17:45:08.069   ADDR: 0x41   DATA: 0x1B0110005DA7600   [ARB: 000, EOM, ACK]
4/15/2020 17:45:08.041   ADDR: 0x10   DATA: 0x00002AB2   [ARB: 100, EOM, ACK]
4/15/2020 17:45:08.002   ADDR: 0x50   DATA: 0x05002AB25000000   [ARB: 000, EOM, ACK]
4/15/2020 17:45:07.965   ADDR: 0x10   DATA: 0x00000032360000   [ARB: 100, EOM, ACK]
4/15/2020 17:45:07.927   ADDR: 0x50   DATA: 0x05000032   [ARB: 000, TRX Error (01)]
4/15/2020 17:45:07.903   ADDR: 0x10   DATA: 0x00001AAD   [ARB: 100, EOM, ACK]
4/15/2020 17:45:07.850   ADDR: 0x50   DATA: 0x1A001AADD2A6C68   [ARB: 000, EOM, ACK]
4/15/2020 17:45:07.821   ADDR: 0x10   DATA: 0x0000DAAD   [ARB: 100, EOM, ACK]
4/15/2020 17:45:07.782   ADDR: 0x50   DATA: 0x1800DAADD   [ARB: 000, EOM, ACK]
4/15/2020 17:45:07.741   ADDR: 0x10   DATA: 0x0000DB0DF6CEB4   [ARB: 100, EOM, ACK]
4/15/2020 17:45:07.700   ADDR: 0x50   DATA: 0x1600DB0D   [ARB: 000, EOM, ACK]
4/15/2020 17:45:07.657   ADDR: 0x10   DATA: 0x0000DB0D   [ARB: 100, TRX Error (01)]
4/15/2020 17:45:07.607   ADDR: 0x50   DATA: 0x1600DB0DD   [ARB: 000, EOM, ACK]
4/15/2020 17:45:07.571   ADDR: 0x20   DATA: 0x040080185   [ARB: 000, TRX Error (01)]
4/15/2020 17:45:07.546   ADDR: 0x20   DATA: 0x04008019D   [ARB: 000, EOM, ACK]
4/15/2020 17:45:07.504   ADDR: 0x20   DATA: 0x1100C001D   [ARB: 000, EOM, ACK]
4/15/2020 17:45:07.452   ADDR: 0x20   DATA: 0x03040801D   [ARB: 000, EOM, ACK]
4/15/2020 17:45:07.423   ADDR: 0x20   DATA: 0x000003A1D   [ARB: 000, EOM, ACK]
4/15/2020 17:45:07.385   ADDR: 0x20   DATA: 0x000003A05   [ARB: 000, EOM, ACK]
4/15/2020 17:45:07.351   ADDR: 0x20   DATA: 0x000003825DACA5F   [ARB: 000, EOM, ACK]
4/15/2020 17:45:06.910   ADDR: 0x20   DATA: 0x1100C002   [ARB: 000, EOM, ACK]
4/15/2020 17:45:06.874   ADDR: 0x20   DATA: 0x000003825   [ARB: 000, TRX Error (01)]
4/15/2020 17:45:06.851   ADDR: 0x10   DATA: 0x020008363   [ARB: 100, EOM, ACK]
4/15/2020 17:45:06.629   ADDR: 0x20   DATA: 0x1100C0065   [ARB: 000, EOM, ACK]
4/15/2020 17:45:06.593   ADDR: 0x20   DATA: 0x00000383D   [ARB: 000, EOM, ACK]
4/15/2020 17:45:06.565   ADDR: 0x20   DATA: 0x01C41007D   [ARB: 000, EOM, ACK]
4/15/2020 17:45:06.524   ADDR: 0x20   DATA: 0x1100C0025   [ARB: 000, EOM, ACK]
4/15/2020 17:45:06.483   ADDR: 0x20   DATA: 0x000003825   [ARB: 000, EOM, ACK]
4/15/2020 17:45:06.443   ADDR: 0x10   DATA: 0x02000836   [ARB: 100, EOM, ACK]
4/15/2020 17:45:06.396   ADDR: 0x20   DATA: 0x1100C0065   [ARB: 000, EOM, ACK]
4/15/2020 17:45:06.358   ADDR: 0x20   DATA: 0x00000383D   [ARB: 000, EOM, ACK]
4/15/2020 17:45:06.332   ADDR: 0x20   DATA: 0x01C00007D   [ARB: 000, EOM, ACK]
4/15/2020 17:45:06.295   ADDR: 0x20   DATA: 0x00000383D   [ARB: 000, EOM, ACK]
4/15/2020 17:45:06.251   ADDR: 0x20   DATA: 0x03140801   [ARB: 000, EOM, ACK]
4/15/2020 17:45:06.198   ADDR: 0x20   DATA: 0x1100C0025   [ARB: 000, EOM, ACK]
4/15/2020 17:45:06.174   ADDR: 0x20   DATA: 0x1013180C   [ARB: 000, EOM, ACK]
4/15/2020 17:45:06.106   ADDR: 0x20   DATA: 0x0F000000   [ARB: 000, EOM, ACK]
4/15/2020 17:45:06.067   ADDR: 0x20   DATA: 0x0E03FF00   [ARB: 000, EOM, ACK]
4/15/2020 17:45:06.029   ADDR: 0x20   DATA: 0x0D0004ABD   [ARB: 000, EOM, ACK]
4/15/2020 17:45:05.994   ADDR: 0x20   DATA: 0x1100C000   [ARB: 000, EOM, ACK]
4/15/2020 17:45:05.963   ADDR: 0x20   DATA: 0x04008021   [ARB: 000, EOM, ACK]
4/15/2020 17:45:05.931   ADDR: 0x20   DATA: 0x04008031   [ARB: 000, EOM, ACK]
4/15/2020 17:45:05.890   ADDR: 0x20   DATA: 0x04008011D   [ARB: 000, EOM, ACK]
4/15/2020 17:45:05.852   ADDR: 0x20   DATA: 0x04008019   [ARB: 000, TRX Error (01)]
4/15/2020 17:45:05.816   ADDR: 0x20   DATA: 0x000003A1   [ARB: 000, EOM, ACK]
4/15/2020 17:45:05.790   ADDR: 0x20   DATA: 0x000003A0   [ARB: 000, EOM, ACK]
4/15/2020 17:45:05.747   ADDR: 0x20   DATA: 0x03040801D   [ARB: 000, EOM, ACK]
4/15/2020 17:45:05.703   ADDR: 0x20   DATA: 0x03000801   [ARB: 000, EOM, ACK]
4/15/2020 17:45:05.665   ADDR: 0x20   DATA: 0x03080801D   [ARB: 000, EOM, ACK]
4/15/2020 17:45:05.629   ADDR: 0x20   DATA: 0x03000801   [ARB: 000, EOM, ACK]
4/15/2020 17:45:05.590   ADDR: 0x20   DATA: 0x000003A05   [ARB: 000, EOM, ACK]
4/15/2020 17:45:05.550   ADDR: 0x10   DATA: 0x00002AB4   [ARB: 100, EOM, ACK]
4/15/2020 17:45:05.508   ADDR: 0x50   DATA: 0x05002AB45   [ARB: 000, EOM, ACK]
4/15/2020 17:45:05.473   ADDR: 0x10   DATA: 0x00000034   [ARB: 100, EOM, ACK]
4/15/2020 17:45:05.431   ADDR: 0x50   DATA: 0x05000034   [ARB: 000, EOM, ACK]
4/15/2020 17:45:05.390   ADDR: 0x10   DATA: 0x00001F0F   [ARB: 100, EOM, ACK]
4/15/2020 17:45:05.349   ADDR: 0x50   DATA: 0x1A001F0F   [ARB: 000, EOM, ACK]
4/15/2020 17:45:05.306   ADDR: 0x10   DATA: 0x0000DF0F   [ARB: 100, EOM, ACK]
4/15/2020 17:45:05.252   ADDR: 0x50   DATA: 0x1800DF0F   [ARB: 000, EOM, ACK]
4/15/2020 17:45:05.225   ADDR: 0x10   DATA: 0x0000DF4F   [ARB: 100, EOM, ACK]
4/15/2020 17:45:05.176   ADDR: 0x50   DATA: 0x1600DF4F   [ARB: 000, EOM, ACK]
4/15/2020 17:45:05.142   ADDR: 0x10   DATA: 0x0000DF4FF   [ARB: 100, EOM, ACK]
4/15/2020 17:45:05.104   ADDR: 0x50   DATA: 0x1600DF4F   [ARB: 000, EOM, ACK]
4/15/2020 17:45:05.077   ADDR: 0x10   DATA: 0x004C004C   [ARB: 100, EOM, ACK]
4/15/2020 17:45:05.035   ADDR: 0x50   DATA: 0x00000003   [ARB: 000, EOM, ACK]
4/15/2020 17:45:04.995   ADDR: 0x40   DATA: 0x00000020   [ARB: 000, EOM, ACK]
4/15/2020 17:45:04.944   ADDR: 0x40   DATA: 0x01000902   [ARB: 000, EOM, ACK]
4/15/2020 17:45:04.918   ADDR: 0x10   DATA: 0x000005AC   [ARB: 100, EOM, ACK]
4/15/2020 17:45:04.877   ADDR: 0x40   DATA: 0x01000929   [ARB: 000, EOM, ACK]
4/15/2020 17:45:04.842   ADDR: 0x40   DATA: 0x010009285   [ARB: 000, EOM, ACK]
4/15/2020 17:45:04.788   ADDR: 0x40   DATA: 0x0100092A   [ARB: 000, EOM, ACK]
4/15/2020 17:45:04.750   ADDR: 0x40   DATA: 0x0100090A5   [ARB: 000, EOM, ACK]
4/15/2020 17:45:04.714   ADDR: 0x40   DATA: 0x00000027   [ARB: 000, EOM, ACK]
4/15/2020 17:45:04.689   ADDR: 0x40   DATA: 0x000000245   [ARB: 000, EOM, ACK]
4/15/2020 17:45:04.650   ADDR: 0x30   DATA: 0x00000004   [ARB: 000, EOM, ACK]
4/15/2020 17:45:04.611   ADDR: 0x10   DATA: 0x00000BE601000000   [ARB: 100, EOM, ACK]
4/15/2020 17:45:04.565   ADDR: 0x31   DATA: 0x10011000   [ARB: 000, EOM, ACK]
4/15/2020 17:45:04.526   ADDR: 0x30   DATA: 0x03FFFFFFD   [ARB: 000, EOM, ACK]
4/15/2020 17:45:04.484   ADDR: 0x10   DATA: 0x00000000010FFD6C   [ARB: 100, EOM, ACK]
4/15/2020 17:45:04.430   ADDR: 0x41   DATA: 0x1B0110005   [ARB: 000, EOM, ACK]
4/15/2020 17:45:04.392   ADDR: 0x10   DATA: 0x00002AB2   [ARB: 100, EOM, ACK]
4/15/2020 17:45:04.355   ADDR: 0x50   DATA: 0x05002AB25   [ARB: 000, EOM, ACK]
4/15/2020 17:45:04.329   ADDR: 0x10   DATA: 0x00000032   [ARB: 100, EOM, ACK]
4/15/2020 17:45:04.281   ADDR: 0x50   DATA: 0x050000325   [ARB: 000, EOM, ACK]
4/15/2020 17:45:04.254   ADDR: 0x10   DATA: 0x00001AAD   [ARB: 100, EOM, ACK]
4/15/2020 17:45:04.214   ADDR: 0x50   DATA: 0x1A001AADD000000   [ARB: 000, EOM, ACK]
4/15/2020 17:45:04.170   ADDR: 0x10   DATA: 0x0000DAAD   [ARB: 100, EOM, ACK]
4/15/2020 17:45:04.126   ADDR: 0x50   DATA: 0x1800DAADD   [ARB: 000, EOM, ACK]
4/15/2020 17:45:04.067   ADDR: 0x10   DATA: 0x0000DB0DF6A48F   [ARB: 100, EOM, ACK]
4/15/2020 17:45:04.028   ADDR: 0x50   DATA: 0x1600DB0D   [ARB: 000, EOM, ACK]
4/15/2020 17:45:04.002   ADDR: 0x10   DATA: 0x0000DB0D   [ARB: 100, TRX Error (01)]
4/15/2020 17:45:03.974   ADDR: 0x50   DATA: 0x1600DB0D   [ARB: 000, EOM, ACK]
4/15/2020 17:45:03.937   ADDR: 0x10   DATA: 0x00000BE601000000   [ARB: 100, EOM, ACK]
4/15/2020 17:45:03.902   ADDR: 0xD9   DATA: 0x40000C   [ARB: 111, EOM, ACK]
4/15/2020 17:43:16.484   ADDR: 0x01   DATA: 0x0056AB7   [ARB: 000, EOM, ACK]
4/15/2020 17:43:16.452   ADDR: 0x10   DATA: 0x00002AB234000   [ARB: 100, EOM, ACK]
4/15/2020 17:43:16.418   ADDR: 0x50   DATA: 0x05002AB25   [ARB: 000, EOM, ACK]
4/15/2020 17:43:16.378   ADDR: 0x10   DATA: 0x000000323   [ARB: 100, EOM, ACK]
4/15/2020 17:43:16.339   ADDR: 0x50   DATA: 0x050000325DA7610   [ARB: 000, EOM, ACK]
4/15/2020 17:43:16.297   ADDR: 0x10   DATA: 0x00001E41   [ARB: 100, EOM, ACK]
4/15/2020 17:43:16.257   ADDR: 0x50   DATA: 0x19001E41DDA7600   [ARB: 000, EOM, ACK]
4/15/2020 17:43:16.206   ADDR: 0x10   DATA: 0x0000DE81   [ARB: 100, EOM, ACK]
4/15/2020 17:43:16.171   ADDR: 0x50   DATA: 0x1500DE81D000000   [ARB: 000, EOM, ACK]
4/15/2020 17:43:16.144   ADDR: 0x10   DATA: 0x0000DE41F40000   [ARB: 100, EOM, ACK]
4/15/2020 17:43:16.097   ADDR: 0x50   DATA: 0x1700DE41   [ARB: 000, EOM, ACK]
4/15/2020 17:43:16.061   ADDR: 0x30   DATA: 0x000000545   [ARB: 000, EOM, ACK]
4/15/2020 17:43:16.036   ADDR: 0x30   DATA: 0x000000145953634   [ARB: 000, EOM, ACK]
4/15/2020 17:43:15.982   ADDR: 0x30   DATA: 0x000000045   [ARB: 000, EOM, ACK]
4/15/2020 17:43:15.943   ADDR: 0x30   DATA: 0x03000349D   [ARB: 000, EOM, ACK]
4/15/2020 17:43:15.918   ADDR: 0x10   DATA: 0x00000000010D675A   [ARB: 100, EOM, ACK]
4/15/2020 17:43:15.878   ADDR: 0x41   DATA: 0x1B011000   [ARB: 000, EOM, ACK]
4/15/2020 17:43:15.829   ADDR: 0x10   DATA: 0x00002AB2   [ARB: 100, EOM, ACK]
4/15/2020 17:43:15.798   ADDR: 0x50   DATA: 0x05002AB25   [ARB: 000, EOM, ACK]
4/15/2020 17:43:15.755   ADDR: 0x10   DATA: 0x00000032   [ARB: 100, TRX Error (01)]
4/15/2020 17:43:15.715   ADDR: 0x50   DATA: 0x050000325   [ARB: 000, EOM, ACK]
4/15/2020 17:43:15.663   ADDR: 0x10   DATA: 0x00001AAD   [ARB: 100, EOM, ACK]
4/15/2020 17:43:15.634   ADDR: 0x50   DATA: 0x1A001AADD   [ARB: 000, EOM, ACK]
4/15/2020 17:43:15.597   ADDR: 0x10   DATA: 0x0000DAAD   [ARB: 100, EOM, ACK]
4/15/2020 17:43:15.555   ADDR: 0x50   DATA: 0x1800DAADD   [ARB: 000, EOM, ACK]
4/15/2020 17:43:15.498   ADDR: 0x10   DATA: 0x0000DB0DF6B297   [ARB: 100, EOM, ACK]
4/15/2020 17:43:15.459   ADDR: 0x50   DATA: 0x1600DB0D   [ARB: 000, EOM, ACK]
4/15/2020 17:43:15.420   ADDR: 0x10   DATA: 0x0000DB0D   [ARB: 100, TRX Error (01)]
4/15/2020 17:43:15.394   ADDR: 0x50   DATA: 0x1600DB0DD   [ARB: 000, EOM, ACK]
4/15/2020 17:43:15.351   ADDR: 0x20   DATA: 0x040080185   [ARB: 000, EOM, ACK]
4/15/2020 17:43:15.315   ADDR: 0x20   DATA: 0x04008019   [ARB: 000, EOM, ACK]
4/15/2020 17:43:15.270   ADDR: 0x20   DATA: 0x1100C001D   [ARB: 000, EOM, ACK]
4/15/2020 17:43:15.221   ADDR: 0x20   DATA: 0x03040801D   [ARB: 000, EOM, ACK]
4/15/2020 17:43:15.186   ADDR: 0x20   DATA: 0x000003A1D   [ARB: 000, EOM, ACK]
4/15/2020 17:43:15.148   ADDR: 0x20   DATA: 0x000003A05   [ARB: 000, EOM, ACK]
4/15/2020 17:43:15.125   ADDR: 0x20   DATA: 0x000003825   [ARB: 000, EOM, ACK]
4/15/2020 17:43:14.689   ADDR: 0x20   DATA: 0x1100C0025   [ARB: 000, EOM, ACK]
4/15/2020 17:43:14.662   ADDR: 0x20   DATA: 0x000003825   [ARB: 000, EOM, ACK]
4/15/2020 17:43:14.626   ADDR: 0x10   DATA: 0x02000836   [ARB: 100, EOM, ACK]
4/15/2020 17:43:14.389   ADDR: 0x20   DATA: 0x1100C006   [ARB: 000, EOM, ACK]
4/15/2020 17:43:14.352   ADDR: 0x20   DATA: 0x00000383D   [ARB: 000, EOM, ACK]
4/15/2020 17:43:14.326   ADDR: 0x20   DATA: 0x01C41007   [ARB: 000, EOM, ACK]
4/15/2020 17:43:14.285   ADDR: 0x20   DATA: 0x1100C002   [ARB: 000, EOM, ACK]
4/15/2020 17:43:14.233   ADDR: 0x20   DATA: 0x00000382   [ARB: 000, EOM, ACK]
4/15/2020 17:43:14.207   ADDR: 0x10   DATA: 0x02000836   [ARB: 100, EOM, ACK]
4/15/2020 17:43:14.164   ADDR: 0x20   DATA: 0x1100C006   [ARB: 000, EOM, ACK]
4/15/2020 17:43:14.109   ADDR: 0x20   DATA: 0x00000383   [ARB: 000, EOM, ACK]
4/15/2020 17:43:14.076   ADDR: 0x20   DATA: 0x01C00007   [ARB: 000, EOM, ACK]
4/15/2020 17:43:14.044   ADDR: 0x20   DATA: 0x00000383D   [ARB: 000, EOM, ACK]
4/15/2020 17:43:14.001   ADDR: 0x20   DATA: 0x03140801   [ARB: 000, TRX Error (01)]
4/15/2020 17:43:13.936   ADDR: 0x20   DATA: 0x1100C002   [ARB: 000, EOM, ACK]
4/15/2020 17:43:13.908   ADDR: 0x20   DATA: 0x10FE5B0C   [ARB: 000, EOM, ACK]
4/15/2020 17:43:13.868   ADDR: 0x20   DATA: 0x0F0000005   [ARB: 000, EOM, ACK]
4/15/2020 17:43:13.832   ADDR: 0x20   DATA: 0x0E035400   [ARB: 000, TRX Error (01)]
4/15/2020 17:43:13.806   ADDR: 0x20   DATA: 0x0D0004005   [ARB: 000, EOM, ACK]
4/15/2020 17:43:13.769   ADDR: 0x20   DATA: 0x1100C000   [ARB: 000, TRX Error (01)]
4/15/2020 17:43:13.732   ADDR: 0x20   DATA: 0x04008021D   [ARB: 000, EOM, ACK]
4/15/2020 17:43:13.681   ADDR: 0x20   DATA: 0x04008031   [ARB: 000, EOM, ACK]
4/15/2020 17:43:13.651   ADDR: 0x20   DATA: 0x04008011D   [ARB: 000, EOM, ACK]
4/15/2020 17:43:13.603   ADDR: 0x20   DATA: 0x04008019   [ARB: 000, TRX Error (01)]
4/15/2020 17:43:13.567   ADDR: 0x20   DATA: 0x000003A1   [ARB: 000, EOM, ACK]
4/15/2020 17:43:13.542   ADDR: 0x20   DATA: 0x000003A0   [ARB: 000, EOM, ACK]
4/15/2020 17:43:13.503   ADDR: 0x20   DATA: 0x03040801   [ARB: 000, EOM, ACK]
4/15/2020 17:43:13.467   ADDR: 0x20   DATA: 0x03000801   [ARB: 000, EOM, ACK]
4/15/2020 17:43:13.424   ADDR: 0x20   DATA: 0x03080801   [ARB: 000, EOM, ACK]
4/15/2020 17:43:13.385   ADDR: 0x20   DATA: 0x03000801   [ARB: 000, EOM, ACK]
4/15/2020 17:43:13.324   ADDR: 0x20   DATA: 0x000003A0   [ARB: 000, TRX Error (01)]
4/15/2020 17:43:13.286   ADDR: 0x10   DATA: 0x00002AB4   [ARB: 100, EOM, ACK]
4/15/2020 17:43:13.235   ADDR: 0x50   DATA: 0x05002AB4   [ARB: 000, EOM, ACK]
4/15/2020 17:43:13.197   ADDR: 0x10   DATA: 0x00000034   [ARB: 100, EOM, ACK]
4/15/2020 17:43:13.170   ADDR: 0x50   DATA: 0x05000034   [ARB: 000, EOM, ACK]
4/15/2020 17:43:13.143   ADDR: 0x10   DATA: 0x00001F0F   [ARB: 100, EOM, ACK]
4/15/2020 17:43:13.105   ADDR: 0x50   DATA: 0x1A001F0F   [ARB: 000, EOM, ACK]
4/15/2020 17:43:13.064   ADDR: 0x10   DATA: 0x0000DF0F   [ARB: 100, EOM, ACK]
4/15/2020 17:43:13.022   ADDR: 0x50   DATA: 0x1800DF0F   [ARB: 000, EOM, ACK]
4/15/2020 17:43:12.983   ADDR: 0x10   DATA: 0x0000DF4F   [ARB: 100, EOM, ACK]
4/15/2020 17:43:12.930   ADDR: 0x50   DATA: 0x1600DF4F   [ARB: 000, EOM, ACK]
4/15/2020 17:43:12.904   ADDR: 0x10   DATA: 0x0000DF4FF   [ARB: 100, EOM, ACK]
4/15/2020 17:43:12.869   ADDR: 0x50   DATA: 0x1600DF4F   [ARB: 000, EOM, ACK]
4/15/2020 17:43:12.828   ADDR: 0x10   DATA: 0x004C004C   [ARB: 100, EOM, ACK]
4/15/2020 17:43:12.788   ADDR: 0x50   DATA: 0x00000003   [ARB: 000, EOM, ACK]
4/15/2020 17:43:12.745   ADDR: 0x40   DATA: 0x000000205   [ARB: 000, EOM, ACK]
4/15/2020 17:43:12.695   ADDR: 0x40   DATA: 0x01000902   [ARB: 000, EOM, ACK]
4/15/2020 17:43:12.669   ADDR: 0x10   DATA: 0x000005AE   [ARB: 100, EOM, ACK]
4/15/2020 17:43:12.629   ADDR: 0x40   DATA: 0x01000929   [ARB: 000, EOM, ACK]
4/15/2020 17:43:12.582   ADDR: 0x40   DATA: 0x010009285   [ARB: 000, EOM, ACK]
4/15/2020 17:43:12.557   ADDR: 0x40   DATA: 0x0100092A   [ARB: 000, TRX Error (01)]
4/15/2020 17:43:12.519   ADDR: 0x40   DATA: 0x0100090A5   [ARB: 000, EOM, ACK]
4/15/2020 17:43:12.464   ADDR: 0x40   DATA: 0x00000027   [ARB: 000, EOM, ACK]
4/15/2020 17:43:12.436   ADDR: 0x40   DATA: 0x000000245   [ARB: 000, EOM, ACK]
4/15/2020 17:43:12.399   ADDR: 0x30   DATA: 0x00000004   [ARB: 000, TRX Error (01)]
4/15/2020 17:43:12.350   ADDR: 0x10   DATA: 0x00000C4001000000   [ARB: 100, EOM, ACK]
4/15/2020 17:43:12.308   ADDR: 0x31   DATA: 0x10011000   [ARB: 000, EOM, ACK]
4/15/2020 17:43:12.283   ADDR: 0x30   DATA: 0x03FFFFFFD   [ARB: 000, EOM, ACK]
4/15/2020 17:43:12.243   ADDR: 0x10   DATA: 0x00000000010D5247   [ARB: 100, EOM, ACK]
4/15/2020 17:43:12.195   ADDR: 0x41   DATA: 0x1B011000   [ARB: 000, EOM, ACK]
4/15/2020 17:43:12.169   ADDR: 0x10   DATA: 0x00002AB2   [ARB: 100, EOM, ACK]
4/15/2020 17:43:12.132   ADDR: 0x50   DATA: 0x05002AB2   [ARB: 000, EOM, ACK]
4/15/2020 17:43:12.076   ADDR: 0x10   DATA: 0x00000032   [ARB: 100, EOM, ACK]
4/15/2020 17:43:12.049   ADDR: 0x50   DATA: 0x05000032   [ARB: 000, EOM, ACK]
4/15/2020 17:43:12.013   ADDR: 0x10   DATA: 0x00001AAD   [ARB: 100, EOM, ACK]
4/15/2020 17:43:11.960   ADDR: 0x50   DATA: 0x1A001AADD000000   [ARB: 000, EOM, ACK]
4/15/2020 17:43:11.920   ADDR: 0x10   DATA: 0x0000DAAD   [ARB: 100, EOM, ACK]
4/15/2020 17:43:11.883   ADDR: 0x50   DATA: 0x1800DAADD   [ARB: 000, EOM, ACK]
4/15/2020 17:43:11.846   ADDR: 0x10   DATA: 0x0000DB0DF69D84   [ARB: 100, EOM, ACK]
4/15/2020 17:43:11.808   ADDR: 0x50   DATA: 0x1600DB0D   [ARB: 000, EOM, ACK]
4/15/2020 17:43:11.772   ADDR: 0x10   DATA: 0x0000DB0DF69D80   [ARB: 100, EOM, ACK]
4/15/2020 17:43:11.736   ADDR: 0x50   DATA: 0x1600DB0D   [ARB: 000, EOM, ACK]
4/15/2020 17:43:11.701   ADDR: 0x10   DATA: 0x00000C4001000000   [ARB: 100, EOM, ACK]
4/15/2020 17:43:11.677   ADDR: 0xD8   DATA: 0x000000004000000   [ARB: 111, EOM, ACK]
4/15/2020 17:41:22.675   ADDR: 0x01   DATA: 0x005400   [ARB: 000, TRX Error (01)]
4/15/2020 17:41:22.647   ADDR: 0x10   DATA: 0x00002AB2   [ARB: 100, EOM, ACK]
4/15/2020 17:41:22.608   ADDR: 0x50   DATA: 0x05002AB252A6C68   [ARB: 000, EOM, ACK]
4/15/2020 17:41:22.555   ADDR: 0x10   DATA: 0x00000032   [ARB: 100, EOM, ACK]
4/15/2020 17:41:22.526   ADDR: 0x50   DATA: 0x050000325   [ARB: 000, EOM, ACK]
4/15/2020 17:41:22.487   ADDR: 0x10   DATA: 0x00001E41   [ARB: 100, EOM, ACK]
4/15/2020 17:41:22.449   ADDR: 0x50   DATA: 0x19001E41   [ARB: 000, EOM, ACK]
4/15/2020 17:41:22.397   ADDR: 0x10   DATA: 0x0000DE81   [ARB: 100, EOM, ACK]
4/15/2020 17:41:22.361   ADDR: 0x50   DATA: 0x1500DE81D   [ARB: 000, EOM, ACK]
4/15/2020 17:41:22.324   ADDR: 0x10   DATA: 0x0000DE41   [ARB: 100, EOM, ACK]
4/15/2020 17:41:22.297   ADDR: 0x50   DATA: 0x1700DE41D   [ARB: 000, EOM, ACK]
4/15/2020 17:41:22.247   ADDR: 0x30   DATA: 0x00000054   [ARB: 000, EOM, ACK]
4/15/2020 17:41:22.220   ADDR: 0x30   DATA: 0x000000145   [ARB: 000, EOM, ACK]
4/15/2020 17:41:22.181   ADDR: 0x30   DATA: 0x000000045   [ARB: 000, EOM, ACK]
4/15/2020 17:41:22.124   ADDR: 0x30   DATA: 0x030003545   [ARB: 000, EOM, ACK]
4/15/2020 17:41:22.096   ADDR: 0x10   DATA: 0x00000000010AB297   [ARB: 100, EOM, ACK]
4/15/2020 17:41:22.057   ADDR: 0x41   DATA: 0x1B011000   [ARB: 000, EOM, ACK]
4/15/2020 17:41:22.018   ADDR: 0x10   DATA: 0x00002AB2   [ARB: 100, EOM, ACK]
4/15/2020 17:41:21.979   ADDR: 0x50   DATA: 0x05002AB25   [ARB: 000, EOM, ACK]
4/15/2020 17:41:21.942   ADDR: 0x10   DATA: 0x000000323   [ARB: 100, EOM, ACK]
4/15/2020 17:41:21.905   ADDR: 0x50   DATA: 0x05000032   [ARB: 000, EOM, ACK]
4/15/2020 17:41:21.865   ADDR: 0x10   DATA: 0x00001AAD   [ARB: 100, EOM, ACK]
4/15/2020 17:41:21.822   ADDR: 0x50   DATA: 0x1A001AADD   [ARB: 000, EOM, ACK]
4/15/2020 17:41:21.770   ADDR: 0x10   DATA: 0x0000DAAD   [ARB: 100, EOM, ACK]
4/15/2020 17:41:21.742   ADDR: 0x50   DATA: 0x1800DAADD   [ARB: 000, EOM, ACK]
4/15/2020 17:41:21.700   ADDR: 0x10   DATA: 0x0000DB0D   [ARB: 100, EOM, ACK]
4/15/2020 17:41:21.664   ADDR: 0x50   DATA: 0x1600DB0DD   [ARB: 000, EOM, ACK]
4/15/2020 17:41:21.610   ADDR: 0x10   DATA: 0x0000DB0D   [ARB: 100, EOM, ACK]
4/15/2020 17:41:21.570   ADDR: 0x50   DATA: 0x1600DB0DD   [ARB: 000, EOM, ACK]
4/15/2020 17:41:21.547   ADDR: 0x20   DATA: 0x04008018   [ARB: 000, EOM, ACK]
4/15/2020 17:41:21.491   ADDR: 0x20   DATA: 0x04008019D   [ARB: 000, EOM, ACK]
4/15/2020 17:41:21.451   ADDR: 0x20   DATA: 0x1100C001   [ARB: 000, EOM, ACK]
4/15/2020 17:41:21.415   ADDR: 0x20   DATA: 0x03040801   [ARB: 000, EOM, ACK]
4/15/2020 17:41:21.386   ADDR: 0x20   DATA: 0x000003A1   [ARB: 000, EOM, ACK]
4/15/2020 17:41:21.340   ADDR: 0x20   DATA: 0x000003A05   [ARB: 000, EOM, ACK]
4/15/2020 17:41:21.317   ADDR: 0x20   DATA: 0x00000382   [ARB: 000, EOM, ACK]
4/15/2020 17:41:20.876   ADDR: 0x20   DATA: 0x1100C0025   [ARB: 000, EOM, ACK]
4/15/2020 17:41:20.840   ADDR: 0x20   DATA: 0x00000382   [ARB: 000, EOM, ACK]
4/15/2020 17:41:20.817   ADDR: 0x10   DATA: 0x020008363   [ARB: 100, EOM, ACK]
4/15/2020 17:41:20.435   ADDR: 0x20   DATA: 0x1100C006   [ARB: 000, TRX Error (01)]
4/15/2020 17:41:20.398   ADDR: 0x20   DATA: 0x00000383   [ARB: 000, EOM, ACK]
4/15/2020 17:41:20.359   ADDR: 0x20   DATA: 0x01C41007   [ARB: 000, EOM, ACK]
4/15/2020 17:41:20.331   ADDR: 0x20   DATA: 0x1100C0025   [ARB: 000, EOM, ACK]
4/15/2020 17:41:20.291   ADDR: 0x20   DATA: 0x00000382   [ARB: 000, TRX Error (01)]
4/15/2020 17:41:20.243   ADDR: 0x10   DATA: 0x020008363   [ARB: 100, EOM, ACK]
4/15/2020 17:41:20.208   ADDR: 0x20   DATA: 0x1100C006   [ARB: 000, TRX Error (01)]
4/15/2020 17:41:20.182   ADDR: 0x20   DATA: 0x00000383D   [ARB: 000, EOM, ACK]
4/15/2020 17:41:20.143   ADDR: 0x20   DATA: 0x01C00007   [ARB: 000, EOM, ACK]
4/15/2020 17:41:20.093   ADDR: 0x20   DATA: 0x00000383D   [ARB: 000, EOM, ACK]
4/15/2020 17:41:20.069   ADDR: 0x20   DATA: 0x03140801   [ARB: 000, TRX Error (01)]
4/15/2020 17:41:20.026   ADDR: 0x20   DATA: 0x1100C002   [ARB: 000, EOM, ACK]
4/15/2020 17:41:19.982   ADDR: 0x20   DATA: 0x106BB90C   [ARB: 000, EOM, ACK]
4/15/2020 17:41:19.912   ADDR: 0x20   DATA: 0x0F000000   [ARB: 000, EOM, ACK]
4/15/2020 17:41:19.872   ADDR: 0x20   DATA: 0x0E02A700   [ARB: 000, EOM, ACK]
4/15/2020 17:41:19.815   ADDR: 0x20   DATA: 0x0D000353   [ARB: 000, EOM, ACK]
4/15/2020 17:41:19.775   ADDR: 0x20   DATA: 0x1100C000   [ARB: 000, EOM, ACK]
4/15/2020 17:41:19.739   ADDR: 0x20   DATA: 0x04008021   [ARB: 000, EOM, ACK]
4/15/2020 17:41:19.713   ADDR: 0x20   DATA: 0x04008031   [ARB: 000, EOM, ACK]
4/15/2020 17:41:19.686   ADDR: 0x20   DATA: 0x04008011   [ARB: 000, EOM, ACK]
4/15/2020 17:41:19.648   ADDR: 0x20   DATA: 0x04008019   [ARB: 000, EOM, ACK]
4/15/2020 17:41:19.610   ADDR: 0x20   DATA: 0x000003A1   [ARB: 000, EOM, ACK]
4/15/2020 17:41:19.583   ADDR: 0x20   DATA: 0x000003A0   [ARB: 000, EOM, ACK]
4/15/2020 17:41:19.545   ADDR: 0x20   DATA: 0x03040801   [ARB: 000, EOM, ACK]
4/15/2020 17:41:19.505   ADDR: 0x20   DATA: 0x03000801   [ARB: 000, EOM, ACK]
4/15/2020 17:41:19.453   ADDR: 0x20   DATA: 0x03080801   [ARB: 000, EOM, ACK]
4/15/2020 17:41:19.430   ADDR: 0x20   DATA: 0x03000801   [ARB: 000, EOM, ACK]
4/15/2020 17:41:19.375   ADDR: 0x20   DATA: 0x00000390   [ARB: 000, TRX Error (01)]
4/15/2020 17:41:19.348   ADDR: 0x10   DATA: 0x00002AB4   [ARB: 100, EOM, ACK]
4/15/2020 17:41:19.292   ADDR: 0x50   DATA: 0x05002AB4   [ARB: 000, EOM, ACK]
4/15/2020 17:41:19.256   ADDR: 0x10   DATA: 0x00000034   [ARB: 100, EOM, ACK]
4/15/2020 17:41:19.233   ADDR: 0x50   DATA: 0x05000034   [ARB: 000, EOM, ACK]
4/15/2020 17:41:19.177   ADDR: 0x10   DATA: 0x00001F0F   [ARB: 100, EOM, ACK]
4/15/2020 17:41:19.141   ADDR: 0x50   DATA: 0x1A001F0F   [ARB: 000, EOM, ACK]
4/15/2020 17:41:19.112   ADDR: 0x10   DATA: 0x0000DF0F   [ARB: 100, EOM, ACK]
4/15/2020 17:41:19.067   ADDR: 0x50   DATA: 0x1800DF0F   [ARB: 000, EOM, ACK]
4/15/2020 17:41:19.028   ADDR: 0x10   DATA: 0x0000DF4F   [ARB: 100, EOM, ACK]
4/15/2020 17:41:18.989   ADDR: 0x50   DATA: 0x1600DF4F   [ARB: 000, EOM, ACK]
4/15/2020 17:41:18.953   ADDR: 0x10   DATA: 0x0000DF4F   [ARB: 100, EOM, ACK]
4/15/2020 17:41:18.917   ADDR: 0x50   DATA: 0x1600DF4F   [ARB: 000, EOM, ACK]
4/15/2020 17:41:18.892   ADDR: 0x10   DATA: 0x004C004C   [ARB: 100, EOM, ACK]
4/15/2020 17:41:18.851   ADDR: 0x50   DATA: 0x00000003   [ARB: 000, EOM, ACK]
4/15/2020 17:41:18.812   ADDR: 0x40   DATA: 0x00000020   [ARB: 000, EOM, ACK]
4/15/2020 17:41:18.769   ADDR: 0x40   DATA: 0x01000902   [ARB: 000, EOM, ACK]
4/15/2020 17:41:18.730   ADDR: 0x10   DATA: 0x000005B1   [ARB: 100, EOM, ACK]
4/15/2020 17:41:18.689   ADDR: 0x40   DATA: 0x01000929   [ARB: 000, EOM, ACK]
4/15/2020 17:41:18.650   ADDR: 0x40   DATA: 0x01000928   [ARB: 000, EOM, ACK]
4/15/2020 17:41:18.610   ADDR: 0x40   DATA: 0x0100092A   [ARB: 000, EOM, ACK]
4/15/2020 17:41:18.567   ADDR: 0x40   DATA: 0x0100090A   [ARB: 000, EOM, ACK]
4/15/2020 17:41:18.530   ADDR: 0x40   DATA: 0x00000027   [ARB: 000, EOM, ACK]
4/15/2020 17:41:18.493   ADDR: 0x40   DATA: 0x00000024   [ARB: 000, EOM, ACK]
4/15/2020 17:41:18.455   ADDR: 0x30   DATA: 0x00000008   [ARB: 000, EOM, ACK]
4/15/2020 17:41:18.420   ADDR: 0x10   DATA: 0x0000000001000000   [ARB: 100, EOM, ACK]
4/15/2020 17:41:18.368   ADDR: 0x31   DATA: 0x10011000   [ARB: 000, EOM, ACK]
4/15/2020 17:41:18.344   ADDR: 0x30   DATA: 0x03FFFFFFD   [ARB: 000, EOM, ACK]
4/15/2020 17:41:18.301   ADDR: 0x10   DATA: 0x00000000010A9D84   [ARB: 100, EOM, ACK]
4/15/2020 17:41:18.249   ADDR: 0x41   DATA: 0x1B011000   [ARB: 000, EOM, ACK]
4/15/2020 17:41:18.211   ADDR: 0x10   DATA: 0x00000000010A9D80   [ARB: 100, EOM, ACK]
4/15/2020 17:41:18.175   ADDR: 0x41   DATA: 0x1B011000   [ARB: 000, EOM, ACK]
4/15/2020 17:41:18.148   ADDR: 0x30   DATA: 0x00000008   [ARB: 000, TRX Error (01)]
4/15/2020 17:41:18.112   ADDR: 0x10   DATA: 0x0000000001000000   [ARB: 100, EOM, ACK]
4/15/2020 17:41:18.060   ADDR: 0x31   DATA: 0x10011000   [ARB: 000, TRX Error (01)]
4/15/2020 17:41:18.033   ADDR: 0x30   DATA: 0x03FFFFFF   [ARB: 000, EOM, ACK]
4/15/2020 17:41:17.990   ADDR: 0x10   DATA: 0x00000000010A9B1A   [ARB: 100, EOM, ACK]
4/15/2020 17:41:17.942   ADDR: 0x41   DATA: 0x1B011000   [ARB: 000, EOM, ACK]
4/15/2020 17:41:17.914   ADDR: 0x10   DATA: 0x00002AB2   [ARB: 100, EOM, ACK]
4/15/2020 17:41:17.874   ADDR: 0x50   DATA: 0x05002AB2   [ARB: 000, EOM, ACK]
4/15/2020 17:41:17.835   ADDR: 0x10   DATA: 0x00000032   [ARB: 100, EOM, ACK]
4/15/2020 17:41:17.793   ADDR: 0x50   DATA: 0x05000032   [ARB: 000, EOM, ACK]
4/15/2020 17:41:17.739   ADDR: 0x10   DATA: 0x00001AAD   [ARB: 100, EOM, ACK]
4/15/2020 17:41:17.712   ADDR: 0x50   DATA: 0x1A001AAD   [ARB: 000, EOM, ACK]
4/15/2020 17:41:17.674   ADDR: 0x10   DATA: 0x0000DAAD   [ARB: 100, EOM, ACK]
4/15/2020 17:41:17.616   ADDR: 0x50   DATA: 0x1800DAAD   [ARB: 000, EOM, ACK]
4/15/2020 17:41:17.591   ADDR: 0x10   DATA: 0x0000DB0D   [ARB: 100, EOM, ACK]
4/15/2020 17:41:17.549   ADDR: 0x50   DATA: 0x1600DB0DD   [ARB: 000, EOM, ACK]
4/15/2020 17:41:17.512   ADDR: 0x10   DATA: 0x0000DB0D   [ARB: 100, EOM, ACK]
4/15/2020 17:41:17.476   ADDR: 0x50   DATA: 0x1600DB0DD   [ARB: 000, EOM, ACK]
4/15/2020 17:41:15.446   ADDR: 0xD9   DATA: 0x   [ARB: 111, EOM, ACK]
4/15/2020 17:33:59.695   ADDR: 0x01   DATA: 0x0058009   [ARB: 000, EOM, ACK]
4/15/2020 17:33:59.626   ADDR: 0x10   DATA: 0x00002AB2   [ARB: 100, EOM, ACK]
4/15/2020 17:33:59.574   ADDR: 0x50   DATA: 0x05002AB25   [ARB: 000, EOM, ACK]
4/15/2020 17:33:59.528   ADDR: 0x10   DATA: 0x00000032   [ARB: 100, EOM, ACK]
4/15/2020 17:33:59.502   ADDR: 0x50   DATA: 0x050000325   [ARB: 000, EOM, ACK]
4/15/2020 17:33:59.467   ADDR: 0x10   DATA: 0x00001E41   [ARB: 100, EOM, ACK]
4/15/2020 17:33:59.442   ADDR: 0x50   DATA: 0x19001E41   [ARB: 000, EOM, ACK]
4/15/2020 17:33:59.416   ADDR: 0x10   DATA: 0x0000DE81   [ARB: 100, EOM, ACK]
4/15/2020 17:33:59.380   ADDR: 0x50   DATA: 0x1500DE81   [ARB: 000, EOM, ACK]
4/15/2020 17:33:59.342   ADDR: 0x10   DATA: 0x0000DE41   [ARB: 100, EOM, ACK]
4/15/2020 17:33:59.274   ADDR: 0x50   DATA: 0x1700DE41   [ARB: 000, EOM, ACK]
4/15/2020 17:33:59.239   ADDR: 0x10   DATA: 0x0017EFFF   [ARB: 100, EOM, ACK]
4/15/2020 17:33:59.200   ADDR: 0x50   DATA: 0x3B17EFFF   [ARB: 000, EOM, ACK]
4/15/2020 17:33:59.162   ADDR: 0x10   DATA: 0x0017C7FF   [ARB: 100, EOM, ACK]
4/15/2020 17:33:59.137   ADDR: 0x50   DATA: 0x3C17C7FF   [ARB: 000, EOM, ACK]
4/15/2020 17:33:59.111   ADDR: 0x10   DATA: 0x00103800   [ARB: 100, EOM, ACK]
4/15/2020 17:33:59.075   ADDR: 0x50   DATA: 0x3A103800   [ARB: 000, EOM, ACK]
4/15/2020 17:33:59.050   ADDR: 0x10   DATA: 0x00000048   [ARB: 100, EOM, ACK]
4/15/2020 17:33:59.024   ADDR: 0x50   DATA: 0x45000048   [ARB: 000, EOM, ACK]
4/15/2020 17:33:58.984   ADDR: 0x10   DATA: 0x00000430   [ARB: 100, EOM, ACK]
4/15/2020 17:33:58.934   ADDR: 0x50   DATA: 0x0E000430   [ARB: 000, EOM, ACK]
4/15/2020 17:33:58.907   ADDR: 0x10   DATA: 0x00002AB2   [ARB: 100, EOM, ACK]
4/15/2020 17:33:58.870   ADDR: 0x50   DATA: 0x05002AB2   [ARB: 000, EOM, ACK]
4/15/2020 17:33:58.845   ADDR: 0x10   DATA: 0x00000032   [ARB: 100, EOM, ACK]
4/15/2020 17:33:58.795   ADDR: 0x50   DATA: 0x05000032   [ARB: 000, EOM, ACK]
4/15/2020 17:33:58.760   ADDR: 0x10   DATA: 0x00001AAD   [ARB: 100, EOM, ACK]
4/15/2020 17:33:58.734   ADDR: 0x50   DATA: 0x1A001AAD   [ARB: 000, EOM, ACK]
4/15/2020 17:33:58.698   ADDR: 0x10   DATA: 0x0000DAAD   [ARB: 100, EOM, ACK]
4/15/2020 17:33:58.642   ADDR: 0x50   DATA: 0x1800DAAD   [ARB: 000, EOM, ACK]
4/15/2020 17:33:58.615   ADDR: 0x10   DATA: 0x0000DB0D   [ARB: 100, EOM, ACK]
4/15/2020 17:33:58.578   ADDR: 0x50   DATA: 0x1600DB0D   [ARB: 000, EOM, ACK]
4/15/2020 17:33:58.540   ADDR: 0x10   DATA: 0x0000DB0D   [ARB: 100, EOM, ACK]
4/15/2020 17:33:58.505   ADDR: 0x50   DATA: 0x1600DB0D   [ARB: 000, EOM, ACK]
4/15/2020 17:33:58.271   ADDR: 0x20   DATA: 0x1E001002   [ARB: 000, EOM, ACK]
4/15/2020 17:33:58.247   ADDR: 0x20   DATA: 0x13608451   [ARB: 000, EOM, ACK]
4/15/2020 17:33:58.193   ADDR: 0x20   DATA: 0x1100C001   [ARB: 000, EOM, ACK]
4/15/2020 17:33:58.168   ADDR: 0x20   DATA: 0x0C7AC800   [ARB: 000, EOM, ACK]
4/15/2020 17:33:58.071   ADDR: 0x20   DATA: 0x0B000000   [ARB: 000, EOM, ACK]
4/15/2020 17:33:58.047   ADDR: 0x20   DATA: 0x0A000000   [ARB: 000, EOM, ACK]
4/15/2020 17:33:57.994   ADDR: 0x20   DATA: 0x09000000   [ARB: 000, EOM, ACK]
4/15/2020 17:33:57.958   ADDR: 0x20   DATA: 0x15800000   [ARB: 000, EOM, ACK]
4/15/2020 17:33:57.933   ADDR: 0x20   DATA: 0x14000000   [ARB: 000, EOM, ACK]
4/15/2020 17:33:57.906   ADDR: 0x20   DATA: 0x03040801   [ARB: 000, EOM, ACK]
4/15/2020 17:33:57.857   ADDR: 0x20   DATA: 0x02039FFF   [ARB: 000, EOM, ACK]
4/15/2020 17:33:57.831   ADDR: 0x20   DATA: 0x01C00007   [ARB: 000, EOM, ACK]
4/15/2020 17:33:57.804   ADDR: 0x20   DATA: 0x00000391   [ARB: 000, EOM, ACK]
4/15/2020 17:33:57.775   ADDR: 0x20   DATA: 0x07000810   [ARB: 000, EOM, ACK]
4/15/2020 17:33:57.727   ADDR: 0x20   DATA: 0x08400000   [ARB: 000, EOM, ACK]
4/15/2020 17:33:57.701   ADDR: 0x20   DATA: 0x06001000   [ARB: 000, EOM, ACK]
4/15/2020 17:33:57.652   ADDR: 0x20   DATA: 0x13008451   [ARB: 000, EOM, ACK]
4/15/2020 17:33:57.616   ADDR: 0x20   DATA: 0x1200640C   [ARB: 000, EOM, ACK]
4/15/2020 17:33:57.591   ADDR: 0x20   DATA: 0x1F00000F   [ARB: 000, EOM, ACK]
4/15/2020 17:33:56.829   ADDR: 0x20   DATA: 0x00000011   [ARB: 000, EOM, ACK]
4/15/2020 17:33:56.786   ADDR: 0x20   DATA: 0x00000010   [ARB: 000, EOM, ACK]
4/15/2020 17:33:56.749   ADDR: 0x20   DATA: 0x03040801   [ARB: 000, EOM, ACK]
4/15/2020 17:33:56.712   ADDR: 0x20   DATA: 0x03000801   [ARB: 000, EOM, ACK]
4/15/2020 17:33:56.676   ADDR: 0x30   DATA: 0x00000008   [ARB: 000, EOM, ACK]
4/15/2020 17:33:56.619   ADDR: 0x30   DATA: 0x0000000A   [ARB: 000, EOM, ACK]
4/15/2020 17:33:56.591   ADDR: 0x30   DATA: 0x0400000A   [ARB: 000, EOM, ACK]
4/15/2020 17:33:56.544   ADDR: 0x30   DATA: 0x03FFFFFF   [ARB: 000, EOM, ACK]
4/15/2020 17:33:56.518   ADDR: 0x30   DATA: 0x06000000   [ARB: 000, EOM, ACK]
4/15/2020 17:33:56.481   ADDR: 0x30   DATA: 0x05030010   [ARB: 000, EOM, ACK]
4/15/2020 17:33:56.441   ADDR: 0x30   DATA: 0x0203CEE7   [ARB: 000, EOM, ACK]
4/15/2020 17:33:56.399   ADDR: 0x30   DATA: 0x01003772   [ARB: 000, EOM, ACK]
4/15/2020 17:33:56.351   ADDR: 0x30   DATA: 0x17000011   [ARB: 000, EOM, ACK]
4/15/2020 17:33:56.328   ADDR: 0x30   DATA: 0x20000017   [ARB: 000, EOM, ACK]
4/15/2020 17:33:52.160   ADDR: 0x30   DATA: 0x21E880FF   [ARB: 000, EOM, ACK]
4/15/2020 17:33:52.136   ADDR: 0x30   DATA: 0x2000001F   [ARB: 000, EOM, ACK]
4/15/2020 17:33:52.082   ADDR: 0x30   DATA: 0x2000001E   [ARB: 000, EOM, ACK]
4/15/2020 17:33:51.983   ADDR: 0x30   DATA: 0x20000008   [ARB: 000, EOM, ACK]
4/15/2020 17:33:51.948   ADDR: 0x30   DATA: 0x21C880FF   [ARB: 000, EOM, ACK]
4/15/2020 17:33:51.922   ADDR: 0x30   DATA: 0x40600000   [ARB: 000, EOM, ACK]
4/15/2020 17:33:51.896   ADDR: 0x30   DATA: 0x21E880FF   [ARB: 000, EOM, ACK]
4/15/2020 17:33:51.861   ADDR: 0x30   DATA: 0x223FFEFC   [ARB: 000, EOM, ACK]
4/15/2020 17:33:51.836   ADDR: 0x40   DATA: 0x00000020   [ARB: 000, EOM, ACK]
4/15/2020 17:33:51.811   ADDR: 0x40   DATA: 0x01000902   [ARB: 000, EOM, ACK]
4/15/2020 17:33:51.783   ADDR: 0x10   DATA: 0x000005AD   [ARB: 100, EOM, ACK]
4/15/2020 17:33:51.735   ADDR: 0x40   DATA: 0x01000929   [ARB: 000, EOM, ACK]
4/15/2020 17:33:51.711   ADDR: 0x40   DATA: 0x01000828   [ARB: 000, EOM, ACK]
4/15/2020 17:33:51.670   ADDR: 0x40   DATA: 0x0100082A   [ARB: 000, EOM, ACK]
4/15/2020 17:33:51.633   ADDR: 0x40   DATA: 0x0100080A   [ARB: 000, EOM, ACK]
4/15/2020 17:33:51.575   ADDR: 0x40   DATA: 0x00000027   [ARB: 000, EOM, ACK]
4/15/2020 17:33:51.537   ADDR: 0x40   DATA: 0x00000024   [ARB: 000, EOM, ACK]
4/15/2020 17:33:51.511   ADDR: 0x40   DATA: 0x17801007   [ARB: 000, EOM, ACK]
4/15/2020 17:33:51.460   ADDR: 0x40   DATA: 0x17601007   [ARB: 000, EOM, ACK]
4/15/2020 17:33:51.434   ADDR: 0x40   DATA: 0x1A000000   [ARB: 000, EOM, ACK]
4/15/2020 17:33:51.399   ADDR: 0x40   DATA: 0x19000000   [ARB: 000, EOM, ACK]
4/15/2020 17:33:50.956   ADDR: 0x40   DATA: 0x08000017   [ARB: 000, EOM, ACK]
4/15/2020 17:33:46.581   ADDR: 0x40   DATA: 0x096880FF   [ARB: 000, EOM, ACK]
4/15/2020 17:33:46.547   ADDR: 0x40   DATA: 0x0800001F   [ARB: 000, EOM, ACK]
4/15/2020 17:33:46.105   ADDR: 0x40   DATA: 0x0800001E   [ARB: 000, EOM, ACK]
4/15/2020 17:33:45.726   ADDR: 0x40   DATA: 0x08000008   [ARB: 000, EOM, ACK]
4/15/2020 17:33:45.672   ADDR: 0x40   DATA: 0x094880FF   [ARB: 000, EOM, ACK]
4/15/2020 17:33:45.633   ADDR: 0x40   DATA: 0x08000000   [ARB: 000, EOM, ACK]
4/15/2020 17:33:45.608   ADDR: 0x40   DATA: 0x07001000   [ARB: 000, EOM, ACK]
4/15/2020 17:33:45.555   ADDR: 0x40   DATA: 0x01000802   [ARB: 000, EOM, ACK]
4/15/2020 17:33:45.518   ADDR: 0x00   DATA: 0x101700B5   [ARB: 100, EOM, ACK]
4/15/2020 17:33:45.483   ADDR: 0x00   DATA: 0x25   [ARB: 000, EOM, ACK]
4/15/2020 17:33:45.457   ADDR: 0x00   DATA: 0x10230044   [ARB: 100, EOM, ACK]
4/15/2020 17:33:45.422   ADDR: 0x00   DATA: 0x24   [ARB: 000, EOM, ACK]
4/15/2020 17:33:45.370   ADDR: 0x00   DATA: 0x10250013   [ARB: 100, EOM, ACK]
4/15/2020 17:33:45.334   ADDR: 0x00   DATA: 0x23   [ARB: 000, EOM, ACK]
4/15/2020 17:33:45.290   ADDR: 0x00   DATA: 0x10160082   [ARB: 100, EOM, ACK]
4/15/2020 17:33:45.254   ADDR: 0x00   DATA: 0x22   [ARB: 000, EOM, ACK]
4/15/2020 17:33:45.219   ADDR: 0x00   DATA: 0x10130036   [ARB: 100, EOM, ACK]
4/15/2020 17:33:45.193   ADDR: 0x00   DATA: 0x26   [ARB: 000, EOM, ACK]
4/15/2020 17:33:18.326   ADDR: 0x   DATA: 0x   [ARB: 111, TRX Error (01)]
