3/23/2020 01:45:41.287   ADDR: 0x01   DATA: 0x00508FD   [ARB: 000, EOM, ACK]
3/23/2020 01:45:41.248   ADDR: 0x10   DATA: 0x00002AB23400000   [ARB: 100, EOM, ACK]
3/23/2020 01:45:41.213   ADDR: 0x50   DATA: 0x04801559   [ARB: 000, TRX Error (01)]
3/23/2020 01:45:41.189   ADDR: 0xFD   DATA: 0xDFF777FFF3FFDFE1FFFEF97FFFFFFFDF7FADFFF7BFFFFBECFFFF2FFB67DF77DDDDEEBFDFFFDFFDFF5FAFF9FFFF7DFFFFFEEF7EFFFDFFFB7BFFF77F9FBEBDF7EF7FBFFFFFFDDFFFFEFFFFEFFEB7FDFFFFFFFFFFFFFF77FFFFFFFDBFFCFDFFFAFFFFFFFFFEDFBDFFFFFFFFFFFFFFFFFFFFFFFFFFFFFFFFFFFFFBFDF7E0800000019   [ARB: 111, EOM, ACK]
3/23/2020 01:45:41.031   ADDR: 0x50   DATA: 0x050000322D00000   [ARB: 000, EOM, ACK]
3/23/2020 01:45:40.994   ADDR: 0x10   DATA: 0x00001E41   [ARB: 100, EOM, ACK]
3/23/2020 01:45:40.952   ADDR: 0x50   DATA: 0x19001E41   [ARB: 000, EOM, ACK]
3/23/2020 01:45:40.900   ADDR: 0x10   DATA: 0x0000DE81F58D7F   [ARB: 100, EOM, ACK]
3/23/2020 01:45:40.861   ADDR: 0x50   DATA: 0x1500DF40   [ARB: 000, EOM, ACK]
3/23/2020 01:45:40.826   ADDR: 0x10   DATA: 0x0000DE41F   [ARB: 100, EOM, ACK]
3/23/2020 01:45:40.803   ADDR: 0x50   DATA: 0x1700DE41   [ARB: 000, EOM, ACK]
3/23/2020 01:45:35.116   ADDR: 0x10   DATA: 0x0000001E010000001   [ARB: 100, EOM, ACK]
3/23/2020 01:45:33.804   ADDR: 0x30   DATA: 0x000000545   [ARB: 000, EOM, ACK]
3/23/2020 01:45:33.101   ADDR: 0x30   DATA: 0x00000014   [ARB: 000, TRX Error (01)]
3/23/2020 01:45:32.717   ADDR: 0x30   DATA: 0x000000045D00000   [ARB: 000, EOM, ACK]
3/23/2020 01:45:32.679   ADDR: 0x30   DATA: 0x0300000C   [ARB: 000, EOM, ACK]
3/23/2020 01:45:32.642   ADDR: 0x10   DATA: 0x0000000001534685   [ARB: 100, EOM, ACK]
3/23/2020 01:45:32.600   ADDR: 0x41   DATA: 0x1B0110005B6B07   [ARB: 000, EOM, ACK]
3/23/2020 01:45:32.555   ADDR: 0x10   DATA: 0x0000000001534648   [ARB: 100, EOM, ACK]
3/23/2020 01:45:32.488   ADDR: 0x41   DATA: 0x1B0110005   [ARB: 000, EOM, ACK]
3/23/2020 01:45:32.460   ADDR: 0x10   DATA: 0x004B044B   [ARB: 100, EOM, ACK]
3/23/2020 01:45:32.426   ADDR: 0x50   DATA: 0x00000003D800000   [ARB: 000, EOM, ACK]
3/23/2020 01:45:32.389   ADDR: 0x40   DATA: 0x000000205   [ARB: 000, EOM, ACK]
3/23/2020 01:45:32.350   ADDR: 0x40   DATA: 0x01000902   [ARB: 000, EOM, ACK]
3/23/2020 01:45:32.322   ADDR: 0x10   DATA: 0x00000537F500000   [ARB: 100, EOM, ACK]
3/23/2020 01:45:32.285   ADDR: 0x40   DATA: 0x01000929   [ARB: 000, EOM, ACK]
3/23/2020 01:45:32.243   ADDR: 0x40   DATA: 0x010009285   [ARB: 000, EOM, ACK]
3/23/2020 01:45:32.193   ADDR: 0x40   DATA: 0x0100092A5A1784   [ARB: 000, EOM, ACK]
3/23/2020 01:45:32.163   ADDR: 0x40   DATA: 0x0100090A5B1294   [ARB: 000, EOM, ACK]
3/23/2020 01:45:32.118   ADDR: 0x40   DATA: 0x00000027D   [ARB: 000, EOM, ACK]
3/23/2020 01:45:32.095   ADDR: 0x40   DATA: 0x000000245   [ARB: 000, EOM, ACK]
3/23/2020 01:45:31.950   ADDR: 0x30   DATA: 0x000000045A00000   [ARB: 000, EOM, ACK]
3/23/2020 01:45:31.906   ADDR: 0x10   DATA: 0x000038A601000000   [ARB: 100, EOM, ACK]
3/23/2020 01:45:31.864   ADDR: 0x31   DATA: 0x10011000   [ARB: 000, EOM, No ACK]
3/23/2020 01:45:31.818   ADDR: 0x30   DATA: 0x03FFFFFFD74000   [ARB: 000, EOM, ACK]
3/23/2020 01:45:31.762   ADDR: 0x10   DATA: 0x0000000001533FA6   [ARB: 100, EOM, ACK]
3/23/2020 01:45:31.718   ADDR: 0x41   DATA: 0x1B0110005   [ARB: 000, TRX Error (01)]
3/23/2020 01:45:31.694   ADDR: 0x10   DATA: 0x00002AB437DB4   [ARB: 100, EOM, ACK]
3/23/2020 01:45:31.650   ADDR: 0x50   DATA: 0x05002AB45BB937   [ARB: 000, EOM, ACK]
3/23/2020 01:45:31.601   ADDR: 0x10   DATA: 0x00000034377B56   [ARB: 100, EOM, ACK]
3/23/2020 01:45:31.569   ADDR: 0x50   DATA: 0x050000345   [ARB: 000, EOM, ACK]
3/23/2020 01:45:31.520   ADDR: 0x10   DATA: 0x00001AADF40000   [ARB: 100, EOM, ACK]
3/23/2020 01:45:31.495   ADDR: 0x50   DATA: 0x1A001AADDA0000   [ARB: 000, EOM, ACK]
3/23/2020 01:45:31.454   ADDR: 0x10   DATA: 0x0000DAAD   [ARB: 100, EOM, ACK]
3/23/2020 01:45:31.416   ADDR: 0x50   DATA: 0x1800DAAD   [ARB: 000, EOM, ACK]
3/23/2020 01:45:31.374   ADDR: 0x10   DATA: 0x0000DB0DF5C1E8   [ARB: 100, EOM, ACK]
3/23/2020 01:45:31.331   ADDR: 0x50   DATA: 0x1600DB0D   [ARB: 000, EOM, ACK]
3/23/2020 01:45:31.293   ADDR: 0x10   DATA: 0x0000DB0D   [ARB: 100, TRX Error (01)]
3/23/2020 01:45:31.239   ADDR: 0x50   DATA: 0x1600DB0DD531B1F   [ARB: 000, EOM, ACK]
3/23/2020 01:45:31.212   ADDR: 0x10   DATA: 0x000038A601000000   [ARB: 100, EOM, ACK]
3/23/2020 01:45:31.178   ADDR: 0xD8   DATA: 0x380000FB   [ARB: 111, EOM, ACK]
3/23/2020 01:38:16.462   ADDR: 0x01   DATA: 0x0050E07   [ARB: 000, EOM, ACK]
3/23/2020 01:38:16.405   ADDR: 0x10   DATA: 0x00002AB2   [ARB: 100, EOM, ACK]
3/23/2020 01:38:16.378   ADDR: 0x50   DATA: 0x05002AB2   [ARB: 000, TRX Error (01)]
3/23/2020 01:38:16.323   ADDR: 0x10   DATA: 0x00000032   [ARB: 100, EOM, ACK]
3/23/2020 01:38:16.282   ADDR: 0x50   DATA: 0x050000325   [ARB: 000, EOM, ACK]
3/23/2020 01:38:16.257   ADDR: 0x10   DATA: 0x00001E41F   [ARB: 100, EOM, No ACK]
3/23/2020 01:38:16.214   ADDR: 0x50   DATA: 0x19001E41D224   [ARB: 000, EOM, ACK]
3/23/2020 01:38:16.173   ADDR: 0x10   DATA: 0x0000DE81F426C4   [ARB: 100, EOM, ACK]
3/23/2020 01:38:16.130   ADDR: 0x50   DATA: 0x1500DE81   [ARB: 000, EOM, ACK]
3/23/2020 01:38:16.092   ADDR: 0x10   DATA: 0x0000DE41F   [ARB: 100, EOM, ACK]
3/23/2020 01:38:16.055   ADDR: 0x50   DATA: 0x1700DE41D   [ARB: 000, TRX Error (01)]
3/23/2020 01:38:16.011   ADDR: 0x30   DATA: 0x00000054   [ARB: 000, TRX Error (01)]
3/23/2020 01:38:15.970   ADDR: 0x30   DATA: 0x00000014   [ARB: 000, TRX Error (01)]
3/23/2020 01:38:15.926   ADDR: 0x30   DATA: 0x000000045   [ARB: 000, TRX Error (01)]
3/23/2020 01:38:15.884   ADDR: 0x30   DATA: 0x03000D37   [ARB: 000, EOM, ACK]
3/23/2020 01:38:15.843   ADDR: 0x10   DATA: 0x000000000148DE5C   [ARB: 100, EOM, ACK]
3/23/2020 01:38:15.802   ADDR: 0x41   DATA: 0x1B0110005   [ARB: 000, EOM, ACK]
3/23/2020 01:38:15.753   ADDR: 0x10   DATA: 0x000000000148DE54   [ARB: 100, EOM, ACK]
3/23/2020 01:38:15.726   ADDR: 0x41   DATA: 0x1B011000   [ARB: 000, EOM, No ACK]
3/23/2020 01:38:15.689   ADDR: 0x10   DATA: 0x000000000148DE4B   [ARB: 100, EOM, ACK]
3/23/2020 01:38:15.644   ADDR: 0x41   DATA: 0x1B0110005   [ARB: 000, EOM, ACK]
3/23/2020 01:38:15.605   ADDR: 0x10   DATA: 0x004B044B   [ARB: 100, EOM, ACK]
3/23/2020 01:38:15.548   ADDR: 0x50   DATA: 0x00000003   [ARB: 000, EOM, ACK]
3/23/2020 01:38:15.507   ADDR: 0x40   DATA: 0x000000205   [ARB: 000, EOM, ACK]
3/23/2020 01:38:15.466   ADDR: 0x40   DATA: 0x010009025   [ARB: 000, EOM, ACK]
3/23/2020 01:38:15.440   ADDR: 0x10   DATA: 0x0000053A   [ARB: 100, TRX Error (01)]
3/23/2020 01:38:15.398   ADDR: 0x40   DATA: 0x01000929   [ARB: 000, TRX Error (01)]
3/23/2020 01:38:15.358   ADDR: 0x40   DATA: 0x01000928   [ARB: 000, EOM, ACK]
3/23/2020 01:38:15.317   ADDR: 0x40   DATA: 0x0100092A   [ARB: 000, EOM, ACK]
3/23/2020 01:38:15.264   ADDR: 0x40   DATA: 0x0100090A5   [ARB: 000, TRX Error (01)]
3/23/2020 01:38:15.226   ADDR: 0x40   DATA: 0x00000027D   [ARB: 000, TRX Error (01)]
3/23/2020 01:38:15.186   ADDR: 0x40   DATA: 0x000000245   [ARB: 000, EOM, ACK]
3/23/2020 01:38:15.159   ADDR: 0x30   DATA: 0x00000004   [ARB: 000, EOM, ACK]
3/23/2020 01:38:15.103   ADDR: 0x10   DATA: 0x00012235010000003   [ARB: 100, EOM, ACK]
3/23/2020 01:38:15.066   ADDR: 0x31   DATA: 0x10011000   [ARB: 000, EOM, ACK]
3/23/2020 01:38:15.031   ADDR: 0x30   DATA: 0x03FFFFFFD   [ARB: 000, TRX Error (01)]
3/23/2020 01:38:15.004   ADDR: 0x10   DATA: 0x000000000148DA49   [ARB: 100, EOM, ACK]
3/23/2020 01:38:14.965   ADDR: 0x41   DATA: 0x1B0110005   [ARB: 000, EOM, ACK]
3/23/2020 01:38:14.910   ADDR: 0x10   DATA: 0x00002AB2   [ARB: 100, EOM, ACK]
3/23/2020 01:38:14.873   ADDR: 0x50   DATA: 0x05002AB25   [ARB: 000, EOM, ACK]
3/23/2020 01:38:14.847   ADDR: 0x10   DATA: 0x00000032   [ARB: 100, TRX Error (01)]
3/23/2020 01:38:14.799   ADDR: 0x50   DATA: 0x050000325   [ARB: 000, EOM, ACK]
3/23/2020 01:38:14.773   ADDR: 0x10   DATA: 0x0000108F   [ARB: 100, EOM, ACK]
3/23/2020 01:38:14.721   ADDR: 0x50   DATA: 0x1A00108FD800000   [ARB: 000, EOM, ACK]
3/23/2020 01:38:14.696   ADDR: 0x10   DATA: 0x0000D08F   [ARB: 100, EOM, ACK]
3/23/2020 01:38:14.624   ADDR: 0x50   DATA: 0x1800D08FDD401C00BC0   [ARB: 000, EOM, ACK]
3/23/2020 01:38:14.587   ADDR: 0x10   DATA: 0x0000D08FF43ACB   [ARB: 100, EOM, ACK]
3/23/2020 01:38:14.549   ADDR: 0x50   DATA: 0x1600D08F   [ARB: 000, EOM, ACK]
3/23/2020 01:38:14.514   ADDR: 0x10   DATA: 0x0000D08FF   [ARB: 100, EOM, ACK]
3/23/2020 01:38:14.487   ADDR: 0x50   DATA: 0x1600D08FD   [ARB: 000, EOM, ACK]
3/23/2020 01:38:14.452   ADDR: 0x10   DATA: 0x0001223501000000   [ARB: 100, EOM, ACK]
3/23/2020 01:38:14.429   ADDR: 0xD8   DATA: 0xA000064   [ARB: 111, EOM, ACK]
3/23/2020 00:56:14.431   ADDR: 0x01   DATA: 0x005847   [ARB: 000, EOM, ACK]
3/23/2020 00:56:14.373   ADDR: 0x10   DATA: 0x00002AB2340000   [ARB: 100, EOM, ACK]
3/23/2020 00:56:14.334   ADDR: 0x50   DATA: 0x05002AB25   [ARB: 000, EOM, ACK]
3/23/2020 00:56:14.308   ADDR: 0x10   DATA: 0x000000323   [ARB: 100, EOM, ACK]
3/23/2020 00:56:14.257   ADDR: 0x50   DATA: 0x050000325D635FF   [ARB: 000, EOM, ACK]
3/23/2020 00:56:14.223   ADDR: 0x10   DATA: 0x00001E21   [ARB: 100, TRX Error (01)]
3/23/2020 00:56:14.181   ADDR: 0x50   DATA: 0x19001E21D   [ARB: 000, EOM, ACK]
3/23/2020 00:56:14.156   ADDR: 0x10   DATA: 0x0000DE41F   [ARB: 100, EOM, ACK]
3/23/2020 00:56:14.110   ADDR: 0x50   DATA: 0x1500DE41D000000   [ARB: 000, EOM, ACK]
3/23/2020 00:56:14.062   ADDR: 0x10   DATA: 0x0000DE21F   [ARB: 100, EOM, ACK]
3/23/2020 00:56:14.036   ADDR: 0x50   DATA: 0x1700DE21   [ARB: 000, EOM, ACK]
3/23/2020 00:56:13.999   ADDR: 0x30   DATA: 0x000000545D00000   [ARB: 000, EOM, ACK]
3/23/2020 00:56:13.960   ADDR: 0x30   DATA: 0x000000145   [ARB: 000, EOM, ACK]
3/23/2020 00:56:13.921   ADDR: 0x30   DATA: 0x000000045   [ARB: 000, EOM, ACK]
3/23/2020 00:56:13.885   ADDR: 0x30   DATA: 0x03004C8A5D6D60   [ARB: 000, EOM, ACK]
3/23/2020 00:56:13.845   ADDR: 0x10   DATA: 0x00000000010CD268   [ARB: 100, EOM, ACK]
3/23/2020 00:56:13.798   ADDR: 0x41   DATA: 0x1B0110005   [ARB: 000, EOM, ACK]
3/23/2020 00:56:13.771   ADDR: 0x10   DATA: 0x00002AB2   [ARB: 100, EOM, ACK]
3/23/2020 00:56:13.724   ADDR: 0x50   DATA: 0x05002AB25000000   [ARB: 000, EOM, ACK]
3/23/2020 00:56:13.685   ADDR: 0x10   DATA: 0x000000323   [ARB: 100, EOM, ACK]
3/23/2020 00:56:13.658   ADDR: 0x50   DATA: 0x050000325   [ARB: 000, EOM, ACK]
3/23/2020 00:56:13.624   ADDR: 0x10   DATA: 0x0000108FF680000   [ARB: 100, EOM, ACK]
3/23/2020 00:56:13.584   ADDR: 0x50   DATA: 0x1A00108F   [ARB: 000, EOM, ACK]
3/23/2020 00:56:13.531   ADDR: 0x10   DATA: 0x0000D08FF   [ARB: 100, EOM, ACK]
3/23/2020 00:56:13.505   ADDR: 0x50   DATA: 0x1800D08FDD0BC27   [ARB: 000, EOM, ACK]
3/23/2020 00:56:13.462   ADDR: 0x10   DATA: 0x0000D08FF62528   [ARB: 100, EOM, ACK]
3/23/2020 00:56:13.423   ADDR: 0x50   DATA: 0x1600D08FD   [ARB: 000, EOM, ACK]
3/23/2020 00:56:13.380   ADDR: 0x10   DATA: 0x0000D08FF   [ARB: 100, EOM, ACK]
3/23/2020 00:56:13.347   ADDR: 0x50   DATA: 0x1600D08FD00000   [ARB: 000, EOM, ACK]
3/23/2020 00:56:13.307   ADDR: 0x30   DATA: 0x0200400C   [ARB: 000, TRX Error (01)]
3/23/2020 00:56:13.254   ADDR: 0x20   DATA: 0x04008019   [ARB: 000, TRX Error (01)]
3/23/2020 00:56:13.204   ADDR: 0x20   DATA: 0x1100C001DD0000   [ARB: 000, EOM, ACK]
3/23/2020 00:56:13.178   ADDR: 0x20   DATA: 0x03040801   [ARB: 000, EOM, ACK]
3/23/2020 00:56:13.141   ADDR: 0x20   DATA: 0x000003A1   [ARB: 000, TRX Error (01)]
3/23/2020 00:56:13.115   ADDR: 0x20   DATA: 0x000003A05B7B68   [ARB: 000, EOM, ACK]
3/23/2020 00:56:13.081   ADDR: 0x20   DATA: 0x000003825BB937   [ARB: 000, EOM, ACK]
3/23/2020 00:56:03.993   ADDR: 0x20   DATA: 0x1100C00256F6AC   [ARB: 000, EOM, ACK]
3/23/2020 00:56:03.954   ADDR: 0x20   DATA: 0x000003825   [ARB: 000, EOM, ACK]
3/23/2020 00:56:03.920   ADDR: 0x10   DATA: 0x020008363400000   [ARB: 100, EOM, ACK]
3/23/2020 00:56:03.041   ADDR: 0x20   DATA: 0x1100C006540000   [ARB: 000, EOM, ACK]
3/23/2020 00:56:03.017   ADDR: 0x20   DATA: 0x00000383   [ARB: 000, TRX Error (01)]
3/23/2020 00:56:02.981   ADDR: 0x20   DATA: 0x01C41007   [ARB: 000, EOM, ACK]
3/23/2020 00:55:53.569   ADDR: 0x20   DATA: 0x1100C00252E0F4   [ARB: 000, EOM, ACK]
3/23/2020 00:55:53.520   ADDR: 0x20   DATA: 0x00000382   [ARB: 000, EOM, ACK]
3/23/2020 00:55:53.498   ADDR: 0x10   DATA: 0x020008363   [ARB: 100, EOM, ACK]
3/23/2020 00:55:52.639   ADDR: 0x20   DATA: 0x1100C00654C6C7   [ARB: 000, EOM, ACK]
3/23/2020 00:55:52.615   ADDR: 0x20   DATA: 0x00000383   [ARB: 000, TRX Error (01)]
3/23/2020 00:55:52.560   ADDR: 0x20   DATA: 0x01C00007D   [ARB: 000, EOM, ACK]
3/23/2020 00:55:52.536   ADDR: 0x20   DATA: 0x00000381E   [ARB: 000, EOM, ACK]
3/23/2020 00:55:52.480   ADDR: 0x20   DATA: 0x03140801   [ARB: 000, EOM, No ACK]
3/23/2020 00:55:52.439   ADDR: 0x20   DATA: 0x1100C002   [ARB: 000, TRX Error (01)]
3/23/2020 00:55:52.415   ADDR: 0x20   DATA: 0x081FF803   [ARB: 000, TRX Error (01)]
3/23/2020 00:55:52.359   ADDR: 0x20   DATA: 0x0F000000   [ARB: 000, EOM, ACK]
3/23/2020 00:55:52.331   ADDR: 0x20   DATA: 0x0E030E00   [ARB: 000, TRX Error (01)]
3/23/2020 00:55:52.296   ADDR: 0x20   DATA: 0x0FF7F400489   [ARB: 000, EOM, ACK]
3/23/2020 00:55:51.996   ADDR: 0x20   DATA: 0x1100C000561362   [ARB: 000, EOM, ACK]
3/23/2020 00:55:51.960   ADDR: 0x20   DATA: 0x04008021   [ARB: 000, EOM, ACK]
3/23/2020 00:55:51.921   ADDR: 0x20   DATA: 0x04004018E   [ARB: 000, EOM, ACK]
3/23/2020 00:55:51.874   ADDR: 0x20   DATA: 0x04008011D   [ARB: 000, TRX Error (01)]
3/23/2020 00:55:51.846   ADDR: 0x20   DATA: 0x04008019   [ARB: 000, TRX Error (01)]
3/23/2020 00:55:51.809   ADDR: 0x20   DATA: 0x000003A1   [ARB: 000, TRX Error (01)]
3/23/2020 00:55:51.770   ADDR: 0x20   DATA: 0x000003A0   [ARB: 000, TRX Error (01)]
3/23/2020 00:55:51.721   ADDR: 0x20   DATA: 0x03040801   [ARB: 000, EOM, ACK]
3/23/2020 00:55:51.694   ADDR: 0x20   DATA: 0x03000801   [ARB: 000, EOM, ACK]
3/23/2020 00:55:51.658   ADDR: 0x20   DATA: 0x03080801   [ARB: 000, EOM, ACK]
3/23/2020 00:55:51.619   ADDR: 0x20   DATA: 0x03000801   [ARB: 000, EOM, ACK]
3/23/2020 00:55:51.580   ADDR: 0x20   DATA: 0x000003A0   [ARB: 000, EOM, No ACK]
3/23/2020 00:55:51.539   ADDR: 0x10   DATA: 0x00002AB4   [ARB: 100, EOM, ACK]
3/23/2020 00:55:51.489   ADDR: 0x50   DATA: 0x05002AB4   [ARB: 000, EOM, ACK]
3/23/2020 00:55:51.461   ADDR: 0x10   DATA: 0x00000034   [ARB: 100, EOM, ACK]
3/23/2020 00:55:51.422   ADDR: 0x50   DATA: 0x05000034   [ARB: 000, EOM, ACK]
3/23/2020 00:55:51.384   ADDR: 0x10   DATA: 0x00001A4F   [ARB: 100, EOM, ACK]
3/23/2020 00:55:51.334   ADDR: 0x50   DATA: 0x1A001A4F   [ARB: 000, EOM, ACK]
3/23/2020 00:55:51.294   ADDR: 0x10   DATA: 0x0000DA4F   [ARB: 100, EOM, ACK]
3/23/2020 00:55:51.256   ADDR: 0x50   DATA: 0x1800DA4F   [ARB: 000, TRX Error (01)]
3/23/2020 00:55:51.231   ADDR: 0x10   DATA: 0x0000DBEF   [ARB: 100, EOM, ACK]
3/23/2020 00:55:51.193   ADDR: 0x50   DATA: 0x1600DBEF   [ARB: 000, EOM, ACK]
3/23/2020 00:55:51.157   ADDR: 0x10   DATA: 0x0000DBEF   [ARB: 100, TRX Error (01)]
3/23/2020 00:55:51.118   ADDR: 0x50   DATA: 0x1600DBEFD   [ARB: 000, TRX Error (01)]
3/23/2020 00:55:51.079   ADDR: 0x10   DATA: 0x004B044B   [ARB: 100, EOM, ACK]
3/23/2020 00:55:51.040   ADDR: 0x50   DATA: 0x00000003   [ARB: 000, EOM, ACK]
3/23/2020 00:55:50.997   ADDR: 0x40   DATA: 0x000000205D06B506   [ARB: 000, EOM, ACK]
3/23/2020 00:55:50.954   ADDR: 0x40   DATA: 0x01000902   [ARB: 000, EOM, ACK]
3/23/2020 00:55:50.918   ADDR: 0x10   DATA: 0x00000551   [ARB: 100, TRX Error (01)]
3/23/2020 00:55:50.879   ADDR: 0x40   DATA: 0x01000929   [ARB: 000, EOM, ACK]
3/23/2020 00:55:50.840   ADDR: 0x40   DATA: 0x01000928   [ARB: 000, EOM, ACK]
3/23/2020 00:55:50.803   ADDR: 0x40   DATA: 0x0100092A   [ARB: 000, EOM, No ACK]
3/23/2020 00:55:50.754   ADDR: 0x40   DATA: 0x0100090A5   [ARB: 000, EOM, ACK]
3/23/2020 00:55:50.717   ADDR: 0x40   DATA: 0x00000027   [ARB: 000, EOM, ACK]
3/23/2020 00:55:50.694   ADDR: 0x40   DATA: 0x000000245   [ARB: 000, EOM, ACK]
3/23/2020 00:55:49.651   ADDR: 0x30   DATA: 0x00000004   [ARB: 000, EOM, ACK]
3/23/2020 00:55:49.613   ADDR: 0x10   DATA: 0x00000A4801000000   [ARB: 100, EOM, ACK]
3/23/2020 00:55:49.567   ADDR: 0x31   DATA: 0x10011000   [ARB: 000, EOM, ACK]
3/23/2020 00:55:49.539   ADDR: 0x30   DATA: 0x03FFFFFFDD401C00BC0   [ARB: 000, EOM, ACK]
3/23/2020 00:55:49.498   ADDR: 0x10   DATA: 0x00000000010C3ACB   [ARB: 100, EOM, ACK]
3/23/2020 00:55:49.457   ADDR: 0x41   DATA: 0x1B011000   [ARB: 000, EOM, ACK]
3/23/2020 00:55:49.419   ADDR: 0x10   DATA: 0x00002AB2   [ARB: 100, EOM, ACK]
3/23/2020 00:55:49.376   ADDR: 0x50   DATA: 0x05002AB25   [ARB: 000, EOM, ACK]
3/23/2020 00:55:49.335   ADDR: 0x10   DATA: 0x000000323   [ARB: 100, EOM, ACK]
3/23/2020 00:55:49.297   ADDR: 0x50   DATA: 0x050000325   [ARB: 000, EOM, ACK]
3/23/2020 00:55:49.239   ADDR: 0x10   DATA: 0x0000108F   [ARB: 100, EOM, ACK]
3/23/2020 00:55:49.203   ADDR: 0x50   DATA: 0x1A00108FD000000   [ARB: 000, EOM, ACK]
3/23/2020 00:55:49.177   ADDR: 0x10   DATA: 0x0000D08F   [ARB: 100, EOM, ACK]
3/23/2020 00:55:49.140   ADDR: 0x50   DATA: 0x1800D08FD   [ARB: 000, EOM, ACK]
3/23/2020 00:55:49.099   ADDR: 0x10   DATA: 0x0000D08FF58D7F   [ARB: 100, EOM, ACK]
3/23/2020 00:55:49.053   ADDR: 0x50   DATA: 0x1600D08F   [ARB: 000, EOM, ACK]
3/23/2020 00:55:49.011   ADDR: 0x10   DATA: 0x0000D08FF   [ARB: 100, EOM, ACK]
3/23/2020 00:55:48.975   ADDR: 0x50   DATA: 0x1600D08FD   [ARB: 000, EOM, ACK]
3/23/2020 00:55:48.937   ADDR: 0x10   DATA: 0x00000A4801000000   [ARB: 100, EOM, ACK]
3/23/2020 00:55:48.913   ADDR: 0xD9   DATA: 0x40000C9   [ARB: 111, EOM, ACK]
3/23/2020 00:54:22.630   ADDR: 0x01   DATA: 0x005423F   [ARB: 000, EOM, ACK]
3/23/2020 00:54:22.592   ADDR: 0x10   DATA: 0x00002AB2340000   [ARB: 100, EOM, ACK]
3/23/2020 00:54:22.551   ADDR: 0x50   DATA: 0x05002AB25   [ARB: 000, EOM, ACK]
3/23/2020 00:54:22.509   ADDR: 0x10   DATA: 0x000000323   [ARB: 100, EOM, ACK]
3/23/2020 00:54:22.455   ADDR: 0x50   DATA: 0x050000325D6D60   [ARB: 000, EOM, ACK]
3/23/2020 00:54:22.428   ADDR: 0x10   DATA: 0x00001E21   [ARB: 100, TRX Error (01)]
3/23/2020 00:54:22.390   ADDR: 0x50   DATA: 0x19001E21D   [ARB: 000, EOM, ACK]
3/23/2020 00:54:22.339   ADDR: 0x10   DATA: 0x0000DE41   [ARB: 100, EOM, ACK]
3/23/2020 00:54:22.284   ADDR: 0x50   DATA: 0x1500DE41D800000   [ARB: 000, EOM, ACK]
3/23/2020 00:54:22.251   ADDR: 0x10   DATA: 0x0000DE21F   [ARB: 100, EOM, ACK]
3/23/2020 00:54:22.215   ADDR: 0x50   DATA: 0x1700DE21   [ARB: 000, EOM, ACK]
3/23/2020 00:54:22.188   ADDR: 0x30   DATA: 0x000000545D00000   [ARB: 000, EOM, ACK]
3/23/2020 00:54:22.132   ADDR: 0x30   DATA: 0x000000145   [ARB: 000, EOM, ACK]
3/23/2020 00:54:22.107   ADDR: 0x30   DATA: 0x000000045   [ARB: 000, EOM, ACK]
3/23/2020 00:54:22.057   ADDR: 0x30   DATA: 0x030002A45A1784   [ARB: 000, EOM, ACK]
3/23/2020 00:54:22.028   ADDR: 0x10   DATA: 0x00000000010A2528   [ARB: 100, EOM, ACK]
3/23/2020 00:54:21.992   ADDR: 0x41   DATA: 0x1B0110005   [ARB: 000, EOM, ACK]
3/23/2020 00:54:21.951   ADDR: 0x10   DATA: 0x00002AB2   [ARB: 100, EOM, ACK]
3/23/2020 00:54:21.913   ADDR: 0x50   DATA: 0x05002AB25000000   [ARB: 000, EOM, ACK]
3/23/2020 00:54:21.872   ADDR: 0x10   DATA: 0x00000032   [ARB: 100, TRX Error (01)]
3/23/2020 00:54:21.821   ADDR: 0x50   DATA: 0x05000032   [ARB: 000, EOM, ACK]
3/23/2020 00:54:21.783   ADDR: 0x10   DATA: 0x0000108FF68000   [ARB: 100, EOM, ACK]
3/23/2020 00:54:21.757   ADDR: 0x50   DATA: 0x1A00108FD   [ARB: 000, EOM, ACK]
3/23/2020 00:54:21.719   ADDR: 0x10   DATA: 0x0000D08F   [ARB: 100, TRX Error (01)]
3/23/2020 00:54:21.677   ADDR: 0x50   DATA: 0x1800D08FDDBDB4   [ARB: 000, EOM, ACK]
3/23/2020 00:54:21.626   ADDR: 0x10   DATA: 0x0000D08FF7726E   [ARB: 100, EOM, ACK]
3/23/2020 00:54:21.589   ADDR: 0x50   DATA: 0x1600D08FDDBDAB   [ARB: 000, EOM, ACK]
3/23/2020 00:54:21.563   ADDR: 0x10   DATA: 0x0000D08FF   [ARB: 100, EOM, ACK]
3/23/2020 00:54:21.523   ADDR: 0x50   DATA: 0x1600D08FD000000   [ARB: 000, EOM, ACK]
3/23/2020 00:54:21.488   ADDR: 0x20   DATA: 0x040080185A0000   [ARB: 000, EOM, ACK]
3/23/2020 00:54:21.432   ADDR: 0x20   DATA: 0x04008019   [ARB: 000, EOM, ACK]
3/23/2020 00:54:21.406   ADDR: 0x20   DATA: 0x1100C001   [ARB: 000, EOM, ACK]
3/23/2020 00:54:21.351   ADDR: 0x20   DATA: 0x03040801D2E0F4   [ARB: 000, EOM, ACK]
3/23/2020 00:54:21.316   ADDR: 0x20   DATA: 0x000003A1   [ARB: 000, EOM, ACK]
3/23/2020 00:54:21.289   ADDR: 0x20   DATA: 0x000003A05   [ARB: 000, EOM, ACK]
3/23/2020 00:54:21.255   ADDR: 0x20   DATA: 0x0000038254C6C7   [ARB: 000, EOM, ACK]
3/23/2020 00:54:12.162   ADDR: 0x20   DATA: 0x1100C002   [ARB: 000, EOM, ACK]
3/23/2020 00:54:12.111   ADDR: 0x20   DATA: 0x000003825   [ARB: 000, EOM, ACK]
3/23/2020 00:54:12.089   ADDR: 0x10   DATA: 0x02000836   [ARB: 100, EOM, ACK]
3/23/2020 00:54:11.229   ADDR: 0x20   DATA: 0x08806003   [ARB: 000, TRX Error (01)]
3/23/2020 00:54:11.186   ADDR: 0x20   DATA: 0x00000383   [ARB: 000, EOM, No ACK]
3/23/2020 00:54:11.150   ADDR: 0x20   DATA: 0x01C41007   [ARB: 000, TRX Error (01)]
3/23/2020 00:54:01.721   ADDR: 0x20   DATA: 0x1100C002   [ARB: 000, EOM, ACK]
3/23/2020 00:54:01.699   ADDR: 0x20   DATA: 0x00000382   [ARB: 000, TRX Error (01)]
3/23/2020 00:54:01.662   ADDR: 0x10   DATA: 0x02000836   [ARB: 100, EOM, ACK]
3/23/2020 00:54:00.812   ADDR: 0x20   DATA: 0x1100C006561362   [ARB: 000, EOM, ACK]
3/23/2020 00:54:00.773   ADDR: 0x20   DATA: 0x00000383   [ARB: 000, TRX Error (01)]
3/23/2020 00:54:00.731   ADDR: 0x20   DATA: 0x01C00007D   [ARB: 000, EOM, ACK]
3/23/2020 00:54:00.695   ADDR: 0x20   DATA: 0x00000383D   [ARB: 000, TRX Error (01)]
3/23/2020 00:54:00.631   ADDR: 0x20   DATA: 0x03140801   [ARB: 000, TRX Error (01)]
3/23/2020 00:54:00.602   ADDR: 0x20   DATA: 0x1100C002   [ARB: 000, EOM, ACK]
3/23/2020 00:54:00.554   ADDR: 0x20   DATA: 0x100BF383   [ARB: 000, TRX Error (01)]
3/23/2020 00:54:00.516   ADDR: 0x20   DATA: 0x0F000000   [ARB: 000, EOM, ACK]
3/23/2020 00:54:00.490   ADDR: 0x20   DATA: 0x0E026300   [ARB: 000, EOM, ACK]
3/23/2020 00:54:00.456   ADDR: 0x20   DATA: 0x0D00030F   [ARB: 000, EOM, ACK]
3/23/2020 00:54:00.187   ADDR: 0x20   DATA: 0x1100C000   [ARB: 000, EOM, ACK]
3/23/2020 00:54:00.148   ADDR: 0x20   DATA: 0x04008021   [ARB: 000, TRX Error (01)]
3/23/2020 00:54:00.108   ADDR: 0x20   DATA: 0x04008031   [ARB: 000, EOM, ACK]
3/23/2020 00:54:00.071   ADDR: 0x20   DATA: 0x04008011   [ARB: 000, EOM, ACK]
3/23/2020 00:54:00.026   ADDR: 0x20   DATA: 0x04008019   [ARB: 000, TRX Error (01)]
3/23/2020 00:53:59.990   ADDR: 0x20   DATA: 0x000003A1   [ARB: 000, TRX Error (01)]
3/23/2020 00:53:59.951   ADDR: 0x20   DATA: 0x000003A0   [ARB: 000, EOM, ACK]
3/23/2020 00:53:59.907   ADDR: 0x20   DATA: 0x03040801   [ARB: 000, EOM, ACK]
3/23/2020 00:53:59.860   ADDR: 0x20   DATA: 0x03000801   [ARB: 000, TRX Error (01)]
3/23/2020 00:53:59.836   ADDR: 0x20   DATA: 0x03080801   [ARB: 000, EOM, No ACK]
3/23/2020 00:53:59.796   ADDR: 0x20   DATA: 0x03000801   [ARB: 000, EOM, ACK]
3/23/2020 00:53:59.754   ADDR: 0x20   DATA: 0x000003A0   [ARB: 000, TRX Error (01)]
3/23/2020 00:53:59.714   ADDR: 0x10   DATA: 0x00002AB4   [ARB: 100, EOM, ACK]
3/23/2020 00:53:59.676   ADDR: 0x50   DATA: 0x05002AB4   [ARB: 000, TRX Error (01)]
3/23/2020 00:53:59.635   ADDR: 0x10   DATA: 0x00000034   [ARB: 100, EOM, ACK]
3/23/2020 00:53:59.594   ADDR: 0x50   DATA: 0x05000034   [ARB: 000, EOM, ACK]
3/23/2020 00:53:59.543   ADDR: 0x10   DATA: 0x00001A4FF41AD41   [ARB: 100, EOM, ACK]
3/23/2020 00:53:59.517   ADDR: 0x50   DATA: 0x1A001A4F   [ARB: 000, EOM, ACK]
3/23/2020 00:53:59.479   ADDR: 0x10   DATA: 0x0000DA4F   [ARB: 100, EOM, ACK]
3/23/2020 00:53:59.440   ADDR: 0x50   DATA: 0x1800DA4F   [ARB: 000, EOM, ACK]
3/23/2020 00:53:59.403   ADDR: 0x10   DATA: 0x0000DBEF   [ARB: 100, EOM, ACK]
3/23/2020 00:53:59.364   ADDR: 0x50   DATA: 0x1600DBEF   [ARB: 000, TRX Error (01)]
3/23/2020 00:53:59.326   ADDR: 0x10   DATA: 0x0000DBEFF   [ARB: 100, EOM, ACK]
3/23/2020 00:53:59.272   ADDR: 0x50   DATA: 0x1600DBEF   [ARB: 000, EOM, ACK]
3/23/2020 00:53:59.232   ADDR: 0x10   DATA: 0x004B044B   [ARB: 100, EOM, ACK]
3/23/2020 00:53:59.204   ADDR: 0x50   DATA: 0x00000003   [ARB: 000, EOM, ACK]
3/23/2020 00:53:59.153   ADDR: 0x40   DATA: 0x000000205   [ARB: 000, EOM, ACK]
3/23/2020 00:53:59.116   ADDR: 0x40   DATA: 0x01000902   [ARB: 000, EOM, ACK]
3/23/2020 00:53:59.090   ADDR: 0x10   DATA: 0x00000553F5007002F00   [ARB: 100, EOM, ACK]
3/23/2020 00:53:59.047   ADDR: 0x40   DATA: 0x01000929   [ARB: 000, TRX Error (01)]
3/23/2020 00:53:59.004   ADDR: 0x40   DATA: 0x01000928   [ARB: 000, EOM, ACK]
3/23/2020 00:53:58.954   ADDR: 0x40   DATA: 0x0100092A   [ARB: 000, EOM, ACK]
3/23/2020 00:53:58.915   ADDR: 0x40   DATA: 0x0100090A5   [ARB: 000, EOM, ACK]
3/23/2020 00:53:58.879   ADDR: 0x40   DATA: 0x00000027D   [ARB: 000, EOM, ACK]
3/23/2020 00:53:58.857   ADDR: 0x40   DATA: 0x000000245   [ARB: 000, EOM, ACK]
3/23/2020 00:53:57.805   ADDR: 0x30   DATA: 0x00000004   [ARB: 000, TRX Error (01)]
3/23/2020 00:53:57.770   ADDR: 0x10   DATA: 0x00000A6201000000   [ARB: 100, EOM, ACK]
3/23/2020 00:53:57.699   ADDR: 0x31   DATA: 0x10011000   [ARB: 000, EOM, ACK]
3/23/2020 00:53:57.663   ADDR: 0x30   DATA: 0x03FFFFFFD   [ARB: 000, EOM, ACK]
3/23/2020 00:53:57.628   ADDR: 0x10   DATA: 0x0000000001098D7F   [ARB: 100, EOM, ACK]
3/23/2020 00:53:57.604   ADDR: 0x41   DATA: 0x1B011000   [ARB: 000, EOM, ACK]
3/23/2020 00:53:57.577   ADDR: 0x10   DATA: 0x00002AB2   [ARB: 100, EOM, ACK]
3/23/2020 00:53:57.542   ADDR: 0x50   DATA: 0x05002AB25   [ARB: 000, EOM, ACK]
3/23/2020 00:53:57.487   ADDR: 0x10   DATA: 0x000000323   [ARB: 100, EOM, ACK]
3/23/2020 00:53:57.446   ADDR: 0x50   DATA: 0x050000325   [ARB: 000, EOM, ACK]
3/23/2020 00:53:57.402   ADDR: 0x10   DATA: 0x0000108F   [ARB: 100, EOM, ACK]
3/23/2020 00:53:57.358   ADDR: 0x50   DATA: 0x1A00108FD000000   [ARB: 000, EOM, ACK]
3/23/2020 00:53:57.334   ADDR: 0x10   DATA: 0x0000D08F   [ARB: 100, EOM, ACK]
3/23/2020 00:53:57.301   ADDR: 0x50   DATA: 0x1800D08FD   [ARB: 000, EOM, ACK]
3/23/2020 00:53:57.272   ADDR: 0x10   DATA: 0x0000D08FF5B583   [ARB: 100, EOM, ACK]
3/23/2020 00:53:57.232   ADDR: 0x50   DATA: 0x1600D08FD   [ARB: 000, EOM, ACK]
3/23/2020 00:53:57.189   ADDR: 0x10   DATA: 0x0000D08FF   [ARB: 100, EOM, ACK]
3/23/2020 00:53:57.150   ADDR: 0x50   DATA: 0x1600D08F   [ARB: 000, EOM, ACK]
3/23/2020 00:53:57.111   ADDR: 0x10   DATA: 0x00000A6201000000   [ARB: 100, EOM, ACK]
3/23/2020 00:53:57.075   ADDR: 0xD9   DATA: 0x40000C9   [ARB: 111, EOM, ACK]
3/23/2020 00:52:29.886   ADDR: 0x01   DATA: 0x005847   [ARB: 000, EOM, ACK]
3/23/2020 00:52:29.849   ADDR: 0x10   DATA: 0x00002AB2340000   [ARB: 100, EOM, ACK]
3/23/2020 00:52:29.811   ADDR: 0x50   DATA: 0x05002AB25   [ARB: 000, EOM, ACK]
3/23/2020 00:52:29.772   ADDR: 0x10   DATA: 0x000000323   [ARB: 100, EOM, ACK]
3/23/2020 00:52:29.732   ADDR: 0x50   DATA: 0x050000325D0BC27   [ARB: 000, EOM, ACK]
3/23/2020 00:52:29.663   ADDR: 0x10   DATA: 0x00001E21   [ARB: 100, EOM, ACK]
3/23/2020 00:52:29.627   ADDR: 0x50   DATA: 0x19001E21D   [ARB: 000, EOM, ACK]
3/23/2020 00:52:29.595   ADDR: 0x10   DATA: 0x0000DE41   [ARB: 100, EOM, ACK]
3/23/2020 00:52:29.560   ADDR: 0x50   DATA: 0x1500DE41D000000   [ARB: 000, EOM, ACK]
3/23/2020 00:52:29.534   ADDR: 0x10   DATA: 0x0000DE21   [ARB: 100, EOM, ACK]
3/23/2020 00:52:29.487   ADDR: 0x50   DATA: 0x1700DE21   [ARB: 000, EOM, ACK]
3/23/2020 00:52:29.463   ADDR: 0x30   DATA: 0x000000545D0000   [ARB: 000, EOM, ACK]
3/23/2020 00:52:29.421   ADDR: 0x30   DATA: 0x000000145   [ARB: 000, EOM, ACK]
3/23/2020 00:52:29.380   ADDR: 0x30   DATA: 0x000000045   [ARB: 000, EOM, ACK]
3/23/2020 00:52:29.339   ADDR: 0x30   DATA: 0x030002ABDDBDB4   [ARB: 000, EOM, ACK]
3/23/2020 00:52:29.286   ADDR: 0x10   DATA: 0x000000000107726E   [ARB: 100, EOM, ACK]
3/23/2020 00:52:29.246   ADDR: 0x41   DATA: 0x1B0110005DBDAB   [ARB: 000, EOM, ACK]
3/23/2020 00:52:29.206   ADDR: 0x10   DATA: 0x00002AB2   [ARB: 100, EOM, ACK]
3/23/2020 00:52:29.169   ADDR: 0x50   DATA: 0x05002AB25000000   [ARB: 000, EOM, ACK]
3/23/2020 00:52:29.130   ADDR: 0x10   DATA: 0x00000032350000   [ARB: 100, EOM, ACK]
3/23/2020 00:52:29.106   ADDR: 0x50   DATA: 0x05000032   [ARB: 000, EOM, ACK]
3/23/2020 00:52:29.062   ADDR: 0x10   DATA: 0x0000108FF   [ARB: 100, EOM, ACK]
3/23/2020 00:52:29.022   ADDR: 0x50   DATA: 0x1A00108FD0B83D   [ARB: 000, EOM, ACK]
3/23/2020 00:52:28.979   ADDR: 0x10   DATA: 0x0000D08F   [ARB: 100, EOM, ACK]
3/23/2020 00:52:28.939   ADDR: 0x50   DATA: 0x1800D08FD   [ARB: 000, EOM, ACK]
3/23/2020 00:52:28.901   ADDR: 0x10   DATA: 0x0000D08FF4C6C7   [ARB: 100, EOM, ACK]
3/23/2020 00:52:28.848   ADDR: 0x50   DATA: 0x1600D08F   [ARB: 000, EOM, ACK]
3/23/2020 00:52:28.810   ADDR: 0x10   DATA: 0x0000D08FF   [ARB: 100, EOM, ACK]
3/23/2020 00:52:28.773   ADDR: 0x50   DATA: 0x1600D08F   [ARB: 000, EOM, ACK]
3/23/2020 00:52:28.732   ADDR: 0x20   DATA: 0x04008018   [ARB: 000, TRX Error (01)]
3/23/2020 00:52:28.705   ADDR: 0x20   DATA: 0x04008019   [ARB: 000, TRX Error (01)]
3/23/2020 00:52:28.653   ADDR: 0x20   DATA: 0x1100C001   [ARB: 000, TRX Error (01)]
3/23/2020 00:52:28.627   ADDR: 0x20   DATA: 0x03040801   [ARB: 000, EOM, ACK]
3/23/2020 00:52:28.577   ADDR: 0x20   DATA: 0x000003A1D   [ARB: 000, TRX Error (01)]
3/23/2020 00:52:28.541   ADDR: 0x20   DATA: 0x000003A0   [ARB: 000, EOM, ACK]
3/23/2020 00:52:28.518   ADDR: 0x20   DATA: 0x000003825B09B1   [ARB: 000, EOM, ACK]
3/23/2020 00:52:19.428   ADDR: 0x20   DATA: 0x1100C002   [ARB: 000, EOM, ACK]
3/23/2020 00:52:19.390   ADDR: 0x20   DATA: 0x000003825   [ARB: 000, EOM, ACK]
3/23/2020 00:52:19.354   ADDR: 0x10   DATA: 0x02000836   [ARB: 100, TRX Error (01)]
3/23/2020 00:52:18.475   ADDR: 0x20   DATA: 0x1100C006   [ARB: 000, TRX Error (01)]
3/23/2020 00:52:18.437   ADDR: 0x20   DATA: 0x00000383   [ARB: 000, EOM, No ACK]
3/23/2020 00:52:18.414   ADDR: 0x20   DATA: 0x01C41007   [ARB: 000, EOM, No ACK]
3/23/2020 00:52:09.006   ADDR: 0x20   DATA: 0x1100C002   [ARB: 000, EOM, ACK]
3/23/2020 00:52:08.965   ADDR: 0x20   DATA: 0x00000382   [ARB: 000, EOM, ACK]
3/23/2020 00:52:08.932   ADDR: 0x10   DATA: 0x02000836   [ARB: 100, EOM, ACK]
3/23/2020 00:52:08.072   ADDR: 0x20   DATA: 0x1100C006   [ARB: 000, EOM, ACK]
3/23/2020 00:52:08.048   ADDR: 0x20   DATA: 0x00000383   [ARB: 000, EOM, No ACK]
3/23/2020 00:52:08.006   ADDR: 0x20   DATA: 0x01C00007   [ARB: 000, EOM, ACK]
3/23/2020 00:52:07.970   ADDR: 0x20   DATA: 0x00000383   [ARB: 000, EOM, ACK]
3/23/2020 00:52:07.924   ADDR: 0x20   DATA: 0x03140801   [ARB: 000, EOM, ACK]
3/23/2020 00:52:07.885   ADDR: 0x20   DATA: 0x1100C002   [ARB: 000, TRX Error (01)]
3/23/2020 00:52:07.848   ADDR: 0x20   DATA: 0x10C46606   [ARB: 000, EOM, ACK]
3/23/2020 00:52:07.805   ADDR: 0x20   DATA: 0x0F000000   [ARB: 000, EOM, ACK]
3/23/2020 00:52:07.762   ADDR: 0x20   DATA: 0x0E00DB00   [ARB: 000, EOM, ACK]
3/23/2020 00:52:07.728   ADDR: 0x20   DATA: 0x0D000262   [ARB: 000, TRX Error (01)]
3/23/2020 00:52:07.448   ADDR: 0x20   DATA: 0x1100C000   [ARB: 000, EOM, ACK]
3/23/2020 00:52:07.402   ADDR: 0x20   DATA: 0x04008021   [ARB: 000, EOM, ACK]
3/23/2020 00:52:07.376   ADDR: 0x20   DATA: 0x04008031   [ARB: 000, EOM, ACK]
3/23/2020 00:52:07.327   ADDR: 0x20   DATA: 0x04008011D   [ARB: 000, TRX Error (01)]
3/23/2020 00:52:07.291   ADDR: 0x20   DATA: 0x04008019   [ARB: 000, EOM, ACK]
3/23/2020 00:52:07.266   ADDR: 0x20   DATA: 0x000003A1   [ARB: 000, EOM, No ACK]
3/23/2020 00:52:07.210   ADDR: 0x20   DATA: 0x000003A0500D6A0C   [ARB: 000, EOM, ACK]
3/23/2020 00:52:07.182   ADDR: 0x20   DATA: 0x03040801   [ARB: 000, TRX Error (01)]
3/23/2020 00:52:07.144   ADDR: 0x20   DATA: 0x03000801   [ARB: 000, TRX Error (01)]
3/23/2020 00:52:07.099   ADDR: 0x20   DATA: 0x03080801   [ARB: 000, EOM, ACK]
3/23/2020 00:52:07.044   ADDR: 0x20   DATA: 0x03000801   [ARB: 000, TRX Error (01)]
3/23/2020 00:52:07.006   ADDR: 0x20   DATA: 0x000003A0   [ARB: 000, EOM, ACK]
3/23/2020 00:52:06.965   ADDR: 0x10   DATA: 0x00002AB4   [ARB: 100, EOM, ACK]
3/23/2020 00:52:06.926   ADDR: 0x50   DATA: 0x05002AB4   [ARB: 000, EOM, ACK]
3/23/2020 00:52:06.896   ADDR: 0x10   DATA: 0x00000034   [ARB: 100, EOM, ACK]
3/23/2020 00:52:06.850   ADDR: 0x50   DATA: 0x05000034   [ARB: 000, EOM, ACK]
3/23/2020 00:52:06.815   ADDR: 0x10   DATA: 0x00001A4F   [ARB: 100, EOM, ACK]
3/23/2020 00:52:06.789   ADDR: 0x50   DATA: 0x1A001A4F   [ARB: 000, EOM, ACK]
3/23/2020 00:52:06.753   ADDR: 0x10   DATA: 0x0000DA4FF5007002F00   [ARB: 100, EOM, ACK]
3/23/2020 00:52:06.714   ADDR: 0x50   DATA: 0x1800DA4F   [ARB: 000, EOM, ACK]
3/23/2020 00:52:06.675   ADDR: 0x10   DATA: 0x0000DBEF   [ARB: 100, EOM, ACK]
3/23/2020 00:52:06.634   ADDR: 0x50   DATA: 0x1600DBEF   [ARB: 000, EOM, ACK]
3/23/2020 00:52:06.596   ADDR: 0x10   DATA: 0x0000DBEFF   [ARB: 100, EOM, ACK]
3/23/2020 00:52:06.544   ADDR: 0x50   DATA: 0x1600DBEF   [ARB: 000, EOM, ACK]
3/23/2020 00:52:06.507   ADDR: 0x10   DATA: 0x004B044B   [ARB: 100, EOM, ACK]
3/23/2020 00:52:06.472   ADDR: 0x50   DATA: 0x00000003   [ARB: 000, TRX Error (01)]
3/23/2020 00:52:06.446   ADDR: 0x40   DATA: 0x000000205   [ARB: 000, EOM, ACK]
3/23/2020 00:52:06.403   ADDR: 0x40   DATA: 0x01000902   [ARB: 000, EOM, ACK]
3/23/2020 00:52:06.350   ADDR: 0x10   DATA: 0x00000553   [ARB: 100, EOM, ACK]
3/23/2020 00:52:06.323   ADDR: 0x40   DATA: 0x01000929   [ARB: 000, TRX Error (01)]
3/23/2020 00:52:06.282   ADDR: 0x40   DATA: 0x01000928   [ARB: 000, EOM, ACK]
3/23/2020 00:52:06.242   ADDR: 0x40   DATA: 0x0100092A   [ARB: 000, EOM, ACK]
3/23/2020 00:52:06.203   ADDR: 0x40   DATA: 0x0100090A5   [ARB: 000, EOM, ACK]
3/23/2020 00:52:06.159   ADDR: 0x40   DATA: 0x00000027   [ARB: 000, EOM, ACK]
3/23/2020 00:52:06.125   ADDR: 0x40   DATA: 0x000000245   [ARB: 000, EOM, ACK]
3/23/2020 00:52:05.069   ADDR: 0x30   DATA: 0x00000004   [ARB: 000, EOM, ACK]
3/23/2020 00:52:05.042   ADDR: 0x10   DATA: 0x00000A1F01000000   [ARB: 100, EOM, ACK]
3/23/2020 00:52:04.999   ADDR: 0x31   DATA: 0x10011000   [ARB: 000, EOM, ACK]
3/23/2020 00:52:04.960   ADDR: 0x30   DATA: 0x03FFFFFFD   [ARB: 000, EOM, ACK]
3/23/2020 00:52:04.922   ADDR: 0x10   DATA: 0x000000000106DAC1   [ARB: 100, EOM, ACK]
3/23/2020 00:52:04.880   ADDR: 0x41   DATA: 0x1B011000   [ARB: 000, EOM, ACK]
3/23/2020 00:52:04.826   ADDR: 0x10   DATA: 0x00002AB2   [ARB: 100, EOM, ACK]
3/23/2020 00:52:04.798   ADDR: 0x50   DATA: 0x05002AB25   [ARB: 000, EOM, ACK]
3/23/2020 00:52:04.755   ADDR: 0x10   DATA: 0x00000032   [ARB: 100, EOM, ACK]
3/23/2020 00:52:04.704   ADDR: 0x50   DATA: 0x050000325   [ARB: 000, EOM, ACK]
3/23/2020 00:52:04.678   ADDR: 0x10   DATA: 0x0000108F   [ARB: 100, EOM, ACK]
3/23/2020 00:52:04.629   ADDR: 0x50   DATA: 0x1A00108FD4000000   [ARB: 000, EOM, ACK]
3/23/2020 00:52:04.604   ADDR: 0x10   DATA: 0x0000D08F   [ARB: 100, EOM, ACK]
3/23/2020 00:52:04.553   ADDR: 0x50   DATA: 0x1800D08FD   [ARB: 000, EOM, ACK]
3/23/2020 00:52:04.528   ADDR: 0x10   DATA: 0x0000D08FF42F09   [ARB: 100, EOM, ACK]
3/23/2020 00:52:04.480   ADDR: 0x50   DATA: 0x1600D08F   [ARB: 000, TRX Error (01)]
3/23/2020 00:52:04.449   ADDR: 0x10   DATA: 0x0000D08FF   [ARB: 100, EOM, ACK]
3/23/2020 00:52:04.402   ADDR: 0x50   DATA: 0x1600D08F   [ARB: 000, EOM, No ACK]
3/23/2020 00:52:04.368   ADDR: 0x10   DATA: 0x00000A1F01000000   [ARB: 100, EOM, ACK]
3/23/2020 00:52:04.342   ADDR: 0xD9   DATA: 0x40000C   [ARB: 111, TRX Error (01)]
3/23/2020 00:50:38.308   ADDR: 0x01   DATA: 0x005423F   [ARB: 000, EOM, ACK]
3/23/2020 00:50:38.254   ADDR: 0x10   DATA: 0x00002AB234000   [ARB: 100, EOM, ACK]
3/23/2020 00:50:38.229   ADDR: 0x50   DATA: 0x05002AB25   [ARB: 000, EOM, ACK]
3/23/2020 00:50:38.180   ADDR: 0x10   DATA: 0x000000323   [ARB: 100, EOM, ACK]
3/23/2020 00:50:38.155   ADDR: 0x50   DATA: 0x050000325DBDB4   [ARB: 000, EOM, ACK]
3/23/2020 00:50:38.116   ADDR: 0x10   DATA: 0x00001E21   [ARB: 100, EOM, ACK]
3/23/2020 00:50:38.078   ADDR: 0x50   DATA: 0x19001E21DDBDAB   [ARB: 000, EOM, ACK]
3/23/2020 00:50:38.037   ADDR: 0x10   DATA: 0x0000DE41   [ARB: 100, EOM, ACK]
3/23/2020 00:50:37.994   ADDR: 0x50   DATA: 0x1500DE41D000000   [ARB: 000, EOM, ACK]
3/23/2020 00:50:37.951   ADDR: 0x10   DATA: 0x0000DE21F40000   [ARB: 100, EOM, ACK]
3/23/2020 00:50:37.915   ADDR: 0x50   DATA: 0x1700DE21   [ARB: 000, EOM, ACK]
3/23/2020 00:50:37.862   ADDR: 0x30   DATA: 0x000000545   [ARB: 000, EOM, ACK]
3/23/2020 00:50:37.835   ADDR: 0x30   DATA: 0x00000014505C1E8   [ARB: 000, EOM, ACK]
3/23/2020 00:50:37.793   ADDR: 0x30   DATA: 0x00000004   [ARB: 000, EOM, ACK]
3/23/2020 00:50:37.750   ADDR: 0x30   DATA: 0x030002A25   [ARB: 000, EOM, ACK]
3/23/2020 00:50:37.703   ADDR: 0x10   DATA: 0x000000000104C6C7   [ARB: 100, EOM, ACK]
3/23/2020 00:50:37.668   ADDR: 0x41   DATA: 0x1B011000   [ARB: 000, EOM, ACK]
3/23/2020 00:50:37.640   ADDR: 0x10   DATA: 0x00002AB2   [ARB: 100, EOM, ACK]
3/23/2020 00:50:37.600   ADDR: 0x50   DATA: 0x05002AB25   [ARB: 000, EOM, ACK]
3/23/2020 00:50:37.558   ADDR: 0x10   DATA: 0x00000032   [ARB: 100, TRX Error (01)]
3/23/2020 00:50:37.521   ADDR: 0x50   DATA: 0x050000325   [ARB: 000, EOM, ACK]
3/23/2020 00:50:37.486   ADDR: 0x10   DATA: 0x0000108F   [ARB: 100, EOM, ACK]
3/23/2020 00:50:37.446   ADDR: 0x50   DATA: 0x1A00108FD   [ARB: 000, EOM, ACK]
3/23/2020 00:50:37.410   ADDR: 0x10   DATA: 0x0000D08F   [ARB: 100, TRX Error (01)]
3/23/2020 00:50:37.371   ADDR: 0x50   DATA: 0x1800D08FD   [ARB: 000, EOM, ACK]
3/23/2020 00:50:37.335   ADDR: 0x10   DATA: 0x0000D08FF61362   [ARB: 100, EOM, ACK]
3/23/2020 00:50:37.279   ADDR: 0x50   DATA: 0x1600D08F   [ARB: 000, EOM, ACK]
3/23/2020 00:50:37.242   ADDR: 0x10   DATA: 0x0000D08FF   [ARB: 100, EOM, ACK]
3/23/2020 00:50:37.206   ADDR: 0x50   DATA: 0x1600D08F6   [ARB: 000, EOM, ACK]
3/23/2020 00:50:37.180   ADDR: 0x20   DATA: 0x04008018   [ARB: 000, EOM, No ACK]
3/23/2020 00:50:37.141   ADDR: 0x20   DATA: 0x04008019   [ARB: 000, TRX Error (01)]
3/23/2020 00:50:37.087   ADDR: 0x20   DATA: 0x1100C001   [ARB: 000, EOM, No ACK]
3/23/2020 00:50:37.060   ADDR: 0x20   DATA: 0x03040801   [ARB: 000, TRX Error (01)]
3/23/2020 00:50:37.012   ADDR: 0x20   DATA: 0x000003A1   [ARB: 000, EOM, ACK]
3/23/2020 00:50:36.986   ADDR: 0x20   DATA: 0x000003A0   [ARB: 000, EOM, ACK]
3/23/2020 00:50:36.950   ADDR: 0x20   DATA: 0x00000382   [ARB: 000, EOM, ACK]
3/23/2020 00:50:27.845   ADDR: 0x20   DATA: 0x1100C002   [ARB: 000, TRX Error (01)]
3/23/2020 00:50:27.809   ADDR: 0x20   DATA: 0x00000382   [ARB: 000, EOM, ACK]
3/23/2020 00:50:27.786   ADDR: 0x10   DATA: 0x02000836   [ARB: 100, EOM, ACK]
3/23/2020 00:50:26.932   ADDR: 0x20   DATA: 0x1100C006   [ARB: 000, EOM, ACK]
3/23/2020 00:50:26.882   ADDR: 0x20   DATA: 0x00000383   [ARB: 000, TRX Error (01)]
3/23/2020 00:50:26.846   ADDR: 0x20   DATA: 0x01C41007   [ARB: 000, EOM, ACK]
3/23/2020 00:50:17.434   ADDR: 0x10   DATA: 0x08806001   [ARB: 100, EOM, ACK]
3/23/2020 00:50:17.397   ADDR: 0x20   DATA: 0x00000382   [ARB: 000, EOM, ACK]
3/23/2020 00:50:17.361   ADDR: 0x10   DATA: 0x02000836   [ARB: 100, EOM, ACK]
3/23/2020 00:50:16.528   ADDR: 0x20   DATA: 0x1100C006   [ARB: 000, EOM, ACK]
3/23/2020 00:50:16.488   ADDR: 0x20   DATA: 0x00000383   [ARB: 000, EOM, No ACK]
3/23/2020 00:50:16.445   ADDR: 0x20   DATA: 0x01C00007   [ARB: 000, EOM, ACK]
3/23/2020 00:50:16.401   ADDR: 0x20   DATA: 0x00000383D   [ARB: 000, TRX Error (01)]
3/23/2020 00:50:16.358   ADDR: 0x20   DATA: 0x03140801   [ARB: 000, EOM, ACK]
3/23/2020 00:50:16.310   ADDR: 0x20   DATA: 0x1100C002   [ARB: 000, TRX Error (01)]
3/23/2020 00:50:16.268   ADDR: 0xBF   DATA: 0xFFEFF8201006B506   [ARB: 111, EOM, ACK]
3/23/2020 00:50:16.227   ADDR: 0x20   DATA: 0x0F000000   [ARB: 000, EOM, No ACK]
3/23/2020 00:50:16.189   ADDR: 0x20   DATA: 0x0E010B00   [ARB: 000, EOM, ACK]
3/23/2020 00:50:16.154   ADDR: 0x20   DATA: 0x0D0001B7   [ARB: 000, EOM, ACK]
3/23/2020 00:50:15.899   ADDR: 0x20   DATA: 0x1100C000   [ARB: 000, TRX Error (01)]
3/23/2020 00:50:15.850   ADDR: 0x20   DATA: 0x04008021   [ARB: 000, EOM, ACK]
3/23/2020 00:50:15.812   ADDR: 0x20   DATA: 0x04008031   [ARB: 000, EOM, ACK]
3/23/2020 00:50:15.769   ADDR: 0x20   DATA: 0x04008011   [ARB: 000, EOM, ACK]
3/23/2020 00:50:15.729   ADDR: 0x20   DATA: 0x04008019   [ARB: 000, EOM, ACK]
3/23/2020 00:50:15.691   ADDR: 0x20   DATA: 0x000003A1   [ARB: 000, EOM, ACK]
3/23/2020 00:50:15.644   ADDR: 0x20   DATA: 0x000003A0   [ARB: 000, TRX Error (01)]
3/23/2020 00:50:15.616   ADDR: 0x20   DATA: 0x03040801   [ARB: 000, EOM, ACK]
3/23/2020 00:50:15.576   ADDR: 0x20   DATA: 0x03000801D0401C00BC0   [ARB: 000, EOM, ACK]
3/23/2020 00:50:15.531   ADDR: 0x20   DATA: 0x03080801   [ARB: 000, EOM, ACK]
3/23/2020 00:50:15.483   ADDR: 0x20   DATA: 0x03000801   [ARB: 000, EOM, ACK]
3/23/2020 00:50:15.457   ADDR: 0x20   DATA: 0x000003A0   [ARB: 000, TRX Error (01)]
3/23/2020 00:50:15.420   ADDR: 0x10   DATA: 0x00002AB4   [ARB: 100, EOM, ACK]
3/23/2020 00:50:15.381   ADDR: 0x50   DATA: 0x05002AB4   [ARB: 000, EOM, ACK]
3/23/2020 00:50:15.344   ADDR: 0x08   DATA: 0x0000001A   [ARB: 110, EOM, ACK]
3/23/2020 00:50:15.304   ADDR: 0x50   DATA: 0x05000034   [ARB: 000, TRX Error (01)]
3/23/2020 00:50:15.263   ADDR: 0x10   DATA: 0x00001A4F   [ARB: 100, EOM, ACK]
3/23/2020 00:50:15.207   ADDR: 0x50   DATA: 0x1A001A4F   [ARB: 000, EOM, ACK]
3/23/2020 00:50:15.159   ADDR: 0x10   DATA: 0x0000DA4F   [ARB: 100, EOM, ACK]
3/23/2020 00:50:15.135   ADDR: 0x50   DATA: 0x1800DA4F   [ARB: 000, EOM, ACK]
3/23/2020 00:50:15.109   ADDR: 0x10   DATA: 0x0000DBEF   [ARB: 100, EOM, ACK]
3/23/2020 00:50:15.067   ADDR: 0x50   DATA: 0x1600DBEF   [ARB: 000, EOM, ACK]
3/23/2020 00:50:15.024   ADDR: 0x10   DATA: 0x0000DBEFF   [ARB: 100, EOM, ACK]
3/23/2020 00:50:14.975   ADDR: 0x50   DATA: 0x1600DBEF   [ARB: 000, EOM, ACK]
3/23/2020 00:50:14.949   ADDR: 0x10   DATA: 0x004B044B   [ARB: 100, EOM, ACK]
3/23/2020 00:50:14.907   ADDR: 0x50   DATA: 0x00000003   [ARB: 000, EOM, ACK]
3/23/2020 00:50:14.859   ADDR: 0x40   DATA: 0x000000205   [ARB: 000, EOM, ACK]
3/23/2020 00:50:14.815   ADDR: 0x40   DATA: 0x01000902   [ARB: 000, EOM, ACK]
3/23/2020 00:50:14.767   ADDR: 0x10   DATA: 0x00000554   [ARB: 100, EOM, ACK]
3/23/2020 00:50:14.734   ADDR: 0x40   DATA: 0x01000929   [ARB: 000, TRX Error (01)]
3/23/2020 00:50:14.703   ADDR: 0x40   DATA: 0x010009285   [ARB: 000, EOM, ACK]
3/23/2020 00:50:14.665   ADDR: 0x40   DATA: 0x0100092A   [ARB: 000, TRX Error (01)]
3/23/2020 00:50:14.616   ADDR: 0x40   DATA: 0x0100090A   [ARB: 000, EOM, ACK]
3/23/2020 00:50:14.580   ADDR: 0x40   DATA: 0x00000027   [ARB: 000, TRX Error (01)]
3/23/2020 00:50:14.555   ADDR: 0x40   DATA: 0x000000245   [ARB: 000, EOM, ACK]
3/23/2020 00:50:13.535   ADDR: 0x30   DATA: 0x00000004   [ARB: 000, TRX Error (01)]
3/23/2020 00:50:13.495   ADDR: 0x10   DATA: 0x000009CA01000000   [ARB: 100, EOM, ACK]
3/23/2020 00:50:13.455   ADDR: 0x31   DATA: 0x10011000   [ARB: 000, EOM, ACK]
3/23/2020 00:50:13.412   ADDR: 0x30   DATA: 0x03FFFFFFD   [ARB: 000, EOM, ACK]
3/23/2020 00:50:13.374   ADDR: 0x10   DATA: 0x0000000001042F09   [ARB: 100, EOM, ACK]
3/23/2020 00:50:13.324   ADDR: 0x41   DATA: 0x1B011000   [ARB: 000, EOM, ACK]
3/23/2020 00:50:13.295   ADDR: 0x10   DATA: 0x00002AB2   [ARB: 100, EOM, ACK]
3/23/2020 00:50:13.240   ADDR: 0x50   DATA: 0x05002AB2   [ARB: 000, TRX Error (01)]
3/23/2020 00:50:13.202   ADDR: 0x10   DATA: 0x00000032   [ARB: 100, EOM, ACK]
3/23/2020 00:50:13.175   ADDR: 0x50   DATA: 0x05000032   [ARB: 000, TRX Error (01)]
3/23/2020 00:50:13.136   ADDR: 0x10   DATA: 0x0000108F   [ARB: 100, EOM, ACK]
3/23/2020 00:50:13.096   ADDR: 0x50   DATA: 0x1A00108FD000000   [ARB: 000, EOM, ACK]
3/23/2020 00:50:13.055   ADDR: 0x10   DATA: 0x0000D08F   [ARB: 100, EOM, ACK]
3/23/2020 00:50:13.013   ADDR: 0x50   DATA: 0x1800D08FD   [ARB: 000, EOM, ACK]
3/23/2020 00:50:12.970   ADDR: 0x10   DATA: 0x0000D08FF6F6D0   [ARB: 100, EOM, ACK]
3/23/2020 00:50:12.931   ADDR: 0x50   DATA: 0x1600D08F   [ARB: 000, TRX Error (01)]
3/23/2020 00:50:12.888   ADDR: 0x10   DATA: 0x0000D08FF6F6AC   [ARB: 100, EOM, ACK]
3/23/2020 00:50:12.845   ADDR: 0x50   DATA: 0x1600D08F   [ARB: 000, TRX Error (01)]
3/23/2020 00:50:12.793   ADDR: 0x10   DATA: 0x000009CA01000000   [ARB: 100, EOM, ACK]
3/23/2020 00:50:12.769   ADDR: 0xD8   DATA: 0x000000004000000   [ARB: 111, EOM, ACK]
3/23/2020 00:48:45.484   ADDR: 0x01   DATA: 0x005200   [ARB: 000, EOM, ACK]
3/23/2020 00:48:45.438   ADDR: 0x10   DATA: 0x00002AB2   [ARB: 100, EOM, ACK]
3/23/2020 00:48:45.403   ADDR: 0x50   DATA: 0x05002AB2502E0F4   [ARB: 000, EOM, ACK]
3/23/2020 00:48:45.376   ADDR: 0x10   DATA: 0x00000032   [ARB: 100, EOM, ACK]
3/23/2020 00:48:45.333   ADDR: 0x50   DATA: 0x050000325   [ARB: 000, EOM, ACK]
3/23/2020 00:48:45.280   ADDR: 0x10   DATA: 0x00001E21   [ARB: 100, EOM, ACK]
3/23/2020 00:48:45.244   ADDR: 0x50   DATA: 0x19001E21   [ARB: 000, EOM, ACK]
3/23/2020 00:48:45.209   ADDR: 0x10   DATA: 0x0000DE41   [ARB: 100, EOM, ACK]
3/23/2020 00:48:45.182   ADDR: 0x50   DATA: 0x1500DE41D   [ARB: 000, EOM, ACK]
3/23/2020 00:48:45.140   ADDR: 0x10   DATA: 0x0000DE21   [ARB: 100, EOM, ACK]
3/23/2020 00:48:45.097   ADDR: 0x50   DATA: 0x1700DE21D   [ARB: 000, EOM, ACK]
3/23/2020 00:48:45.059   ADDR: 0x30   DATA: 0x00000054   [ARB: 000, TRX Error (01)]
3/23/2020 00:48:45.019   ADDR: 0x30   DATA: 0x000000145   [ARB: 000, EOM, ACK]
3/23/2020 00:48:44.971   ADDR: 0x30   DATA: 0x000000045   [ARB: 000, EOM, ACK]
3/23/2020 00:48:44.946   ADDR: 0x30   DATA: 0x030002AA5   [ARB: 000, EOM, ACK]
3/23/2020 00:48:44.891   ADDR: 0x10   DATA: 0x0000000001021362   [ARB: 100, EOM, ACK]
3/23/2020 00:48:44.867   ADDR: 0x41   DATA: 0x1B011000   [ARB: 000, EOM, ACK]
3/23/2020 00:48:44.827   ADDR: 0x10   DATA: 0x00002AB2   [ARB: 100, EOM, ACK]
3/23/2020 00:48:44.790   ADDR: 0x50   DATA: 0x05002AB25   [ARB: 000, EOM, ACK]
3/23/2020 00:48:44.749   ADDR: 0x10   DATA: 0x00000032   [ARB: 100, TRX Error (01)]
3/23/2020 00:48:44.709   ADDR: 0x50   DATA: 0x05000032   [ARB: 000, EOM, ACK]
3/23/2020 00:48:44.670   ADDR: 0x10   DATA: 0x0000108F   [ARB: 100, TRX Error (01)]
3/23/2020 00:48:44.616   ADDR: 0x50   DATA: 0x1A00108F   [ARB: 000, EOM, ACK]
3/23/2020 00:48:44.579   ADDR: 0x10   DATA: 0x0000D08F   [ARB: 100, EOM, ACK]
3/23/2020 00:48:44.541   ADDR: 0x50   DATA: 0x1800D08FD   [ARB: 000, EOM, ACK]
3/23/2020 00:48:44.515   ADDR: 0x10   DATA: 0x0000D08F   [ARB: 100, EOM, ACK]
3/23/2020 00:48:44.461   ADDR: 0x50   DATA: 0x1600D08F   [ARB: 000, EOM, ACK]
3/23/2020 00:48:44.436   ADDR: 0x10   DATA: 0x0000D08F   [ARB: 100, EOM, ACK]
3/23/2020 00:48:44.396   ADDR: 0x50   DATA: 0x1600D08F   [ARB: 000, EOM, ACK]
3/23/2020 00:48:44.359   ADDR: 0x20   DATA: 0x04008018   [ARB: 000, EOM, ACK]
3/23/2020 00:48:44.313   ADDR: 0x20   DATA: 0x04008018   [ARB: 000, EOM, ACK]
3/23/2020 00:48:44.288   ADDR: 0x20   DATA: 0x10806000   [ARB: 000, EOM, ACK]
3/23/2020 00:48:44.249   ADDR: 0x20   DATA: 0x03040801   [ARB: 000, EOM, ACK]
3/23/2020 00:48:44.206   ADDR: 0x20   DATA: 0x000003A1   [ARB: 000, EOM, ACK]
3/23/2020 00:48:44.174   ADDR: 0x20   DATA: 0x000003A0   [ARB: 000, TRX Error (01)]
3/23/2020 00:48:44.140   ADDR: 0x20   DATA: 0x00000382   [ARB: 000, EOM, ACK]
3/23/2020 00:48:35.045   ADDR: 0x20   DATA: 0x1100C002   [ARB: 000, TRX Error (01)]
3/23/2020 00:48:35.003   ADDR: 0x20   DATA: 0x00000382   [ARB: 000, EOM, ACK]
3/23/2020 00:48:34.975   ADDR: 0x10   DATA: 0x02000836   [ARB: 100, TRX Error (01)]
3/23/2020 00:48:34.098   ADDR: 0x20   DATA: 0x1100C006   [ARB: 000, EOM, ACK]
3/23/2020 00:48:34.068   ADDR: 0x20   DATA: 0x00000383   [ARB: 000, EOM, ACK]
3/23/2020 00:48:34.035   ADDR: 0x20   DATA: 0x01C41007   [ARB: 000, EOM, ACK]
3/23/2020 00:48:24.620   ADDR: 0x20   DATA: 0x1100C002   [ARB: 000, TRX Error (01)]
3/23/2020 00:48:24.589   ADDR: 0x20   DATA: 0x00000382   [ARB: 000, EOM, ACK]
3/23/2020 00:48:24.555   ADDR: 0x10   DATA: 0x02000836   [ARB: 100, EOM, ACK]
3/23/2020 00:48:23.712   ADDR: 0x20   DATA: 0x1100C003   [ARB: 000, EOM, ACK]
3/23/2020 00:48:23.659   ADDR: 0x20   DATA: 0x00000383   [ARB: 000, EOM, ACK]
3/23/2020 00:48:23.633   ADDR: 0x20   DATA: 0x01C00007   [ARB: 000, EOM, ACK]
3/23/2020 00:48:23.595   ADDR: 0x20   DATA: 0x00000383   [ARB: 000, EOM, ACK]
3/23/2020 00:48:23.552   ADDR: 0x20   DATA: 0x03140801   [ARB: 000, EOM, ACK]
3/23/2020 00:48:23.510   ADDR: 0x20   DATA: 0x1100C002   [ARB: 000, EOM, ACK]
3/23/2020 00:48:23.469   ADDR: 0x20   DATA: 0x1037C406   [ARB: 000, EOM, ACK]
3/23/2020 00:48:23.430   ADDR: 0x20   DATA: 0x0F000000   [ARB: 000, EOM, ACK]
3/23/2020 00:48:23.387   ADDR: 0xFF   DATA: 0x7F5FFFFFFC1007002F00   [ARB: 111, EOM, ACK]
3/23/2020 00:48:23.352   ADDR: 0x20   DATA: 0x0D00010A   [ARB: 000, EOM, ACK]
3/23/2020 00:48:23.025   ADDR: 0x20   DATA: 0x11006000   [ARB: 000, EOM, ACK]
3/23/2020 00:48:22.986   ADDR: 0x20   DATA: 0x04008010   [ARB: 000, EOM, ACK]
3/23/2020 00:48:22.948   ADDR: 0x20   DATA: 0x04008031   [ARB: 000, EOM, ACK]
3/23/2020 00:48:22.902   ADDR: 0x20   DATA: 0x04008010   [ARB: 000, EOM, ACK]
3/23/2020 00:48:22.876   ADDR: 0x20   DATA: 0x04008019   [ARB: 000, EOM, ACK]
3/23/2020 00:48:22.837   ADDR: 0x20   DATA: 0x000003A1   [ARB: 000, EOM, ACK]
3/23/2020 00:48:22.797   ADDR: 0x20   DATA: 0x000003A0   [ARB: 000, EOM, ACK]
3/23/2020 00:48:22.747   ADDR: 0x20   DATA: 0x03040801   [ARB: 000, EOM, ACK]
3/23/2020 00:48:22.723   ADDR: 0x20   DATA: 0x03000801   [ARB: 000, EOM, ACK]
3/23/2020 00:48:22.681   ADDR: 0x20   DATA: 0x03080801   [ARB: 000, EOM, ACK]
3/23/2020 00:48:22.640   ADDR: 0x20   DATA: 0x03000801   [ARB: 000, EOM, ACK]
3/23/2020 00:48:22.602   ADDR: 0x20   DATA: 0x00000390   [ARB: 000, EOM, ACK]
3/23/2020 00:48:22.561   ADDR: 0x10   DATA: 0x00002AB4   [ARB: 100, EOM, ACK]
3/23/2020 00:48:22.522   ADDR: 0x50   DATA: 0x05002AB4   [ARB: 000, EOM, ACK]
3/23/2020 00:48:22.479   ADDR: 0x10   DATA: 0x00000034   [ARB: 100, EOM, ACK]
3/23/2020 00:48:22.440   ADDR: 0x50   DATA: 0x05000034   [ARB: 000, EOM, ACK]
3/23/2020 00:48:22.384   ADDR: 0x10   DATA: 0x00001A4F   [ARB: 100, EOM, ACK]
3/23/2020 00:48:22.334   ADDR: 0x50   DATA: 0x1A001A4F   [ARB: 000, EOM, ACK]
3/23/2020 00:48:22.307   ADDR: 0x10   DATA: 0x0000DA4F   [ARB: 100, EOM, ACK]
3/23/2020 00:48:22.271   ADDR: 0x50   DATA: 0x1800DA4F   [ARB: 000, EOM, ACK]
3/23/2020 00:48:22.245   ADDR: 0x10   DATA: 0x0000DBEF   [ARB: 100, EOM, ACK]
3/23/2020 00:48:22.208   ADDR: 0x50   DATA: 0x1600DBEF   [ARB: 000, EOM, ACK]
3/23/2020 00:48:22.171   ADDR: 0x10   DATA: 0x0000DBEF   [ARB: 100, EOM, ACK]
3/23/2020 00:48:22.133   ADDR: 0x50   DATA: 0x1600DBEF   [ARB: 000, EOM, ACK]
3/23/2020 00:48:22.092   ADDR: 0x10   DATA: 0x004B044B   [ARB: 100, EOM, ACK]
3/23/2020 00:48:22.058   ADDR: 0x50   DATA: 0x00000003   [ARB: 000, EOM, ACK]
3/23/2020 00:48:22.011   ADDR: 0x40   DATA: 0x00000020   [ARB: 000, EOM, ACK]
3/23/2020 00:48:21.975   ADDR: 0x40   DATA: 0x01000902   [ARB: 000, EOM, ACK]
3/23/2020 00:48:21.949   ADDR: 0x10   DATA: 0x00000555   [ARB: 100, EOM, ACK]
3/23/2020 00:48:21.908   ADDR: 0x40   DATA: 0x01000929   [ARB: 000, EOM, ACK]
3/23/2020 00:48:21.855   ADDR: 0x40   DATA: 0x01000928   [ARB: 000, EOM, ACK]
3/23/2020 00:48:21.832   ADDR: 0x40   DATA: 0x0100092A   [ARB: 000, EOM, ACK]
3/23/2020 00:48:21.789   ADDR: 0x40   DATA: 0x0100090A   [ARB: 000, EOM, ACK]
3/23/2020 00:48:21.738   ADDR: 0x40   DATA: 0x00000027   [ARB: 000, EOM, ACK]
3/23/2020 00:48:21.713   ADDR: 0x40   DATA: 0x00000024   [ARB: 000, EOM, ACK]
3/23/2020 00:48:20.220   ADDR: 0x30   DATA: 0x00000008   [ARB: 000, TRX Error (01)]
3/23/2020 00:48:20.181   ADDR: 0x10   DATA: 0x0000000001000000   [ARB: 100, EOM, ACK]
3/23/2020 00:48:20.127   ADDR: 0x31   DATA: 0x10011000   [ARB: 000, EOM, ACK]
3/23/2020 00:48:20.094   ADDR: 0x30   DATA: 0x03FFFFFFD   [ARB: 000, EOM, ACK]
3/23/2020 00:48:20.052   ADDR: 0x10   DATA: 0x0000000001017B68   [ARB: 100, EOM, ACK]
3/23/2020 00:48:20.026   ADDR: 0x41   DATA: 0x1B011000   [ARB: 000, EOM, ACK]
3/23/2020 00:48:19.989   ADDR: 0x10   DATA: 0x0000000001017B56   [ARB: 100, EOM, ACK]
3/23/2020 00:48:19.953   ADDR: 0x41   DATA: 0x1B011000   [ARB: 000, EOM, ACK]
3/23/2020 00:48:18.829   ADDR: 0x30   DATA: 0x00000008   [ARB: 000, EOM, ACK]
3/23/2020 00:48:18.791   ADDR: 0x10   DATA: 0x0000000001000000   [ARB: 100, EOM, ACK]
3/23/2020 00:48:18.752   ADDR: 0x31   DATA: 0x10011000   [ARB: 000, EOM, ACK]
3/23/2020 00:48:18.709   ADDR: 0x30   DATA: 0x03FFFFFF   [ARB: 000, EOM, ACK]
3/23/2020 00:48:18.654   ADDR: 0x10   DATA: 0x000000000101707A   [ARB: 100, EOM, ACK]
3/23/2020 00:48:18.626   ADDR: 0x41   DATA: 0x1B011000   [ARB: 000, EOM, ACK]
3/23/2020 00:48:18.589   ADDR: 0x10   DATA: 0x00002AB2   [ARB: 100, EOM, ACK]
3/23/2020 00:48:18.548   ADDR: 0x50   DATA: 0x05002AB2   [ARB: 000, EOM, ACK]
3/23/2020 00:48:18.501   ADDR: 0x10   DATA: 0x00000032   [ARB: 100, EOM, ACK]
3/23/2020 00:48:18.467   ADDR: 0x50   DATA: 0x05000032   [ARB: 000, EOM, ACK]
3/23/2020 00:48:18.428   ADDR: 0x10   DATA: 0x0000108F   [ARB: 100, EOM, ACK]
3/23/2020 00:48:18.402   ADDR: 0x50   DATA: 0x1A00108F   [ARB: 000, EOM, ACK]
3/23/2020 00:48:18.354   ADDR: 0x10   DATA: 0x0000D08F   [ARB: 100, EOM, ACK]
3/23/2020 00:48:18.329   ADDR: 0x50   DATA: 0x1800D08F   [ARB: 000, EOM, ACK]
3/23/2020 00:48:18.287   ADDR: 0x10   DATA: 0x0000D08F   [ARB: 100, EOM, ACK]
3/23/2020 00:48:18.239   ADDR: 0x50   DATA: 0x1600D08FD   [ARB: 000, EOM, ACK]
3/23/2020 00:48:18.212   ADDR: 0x10   DATA: 0x0000D08F   [ARB: 100, EOM, ACK]
3/23/2020 00:48:18.177   ADDR: 0x50   DATA: 0x1600D08FD   [ARB: 000, EOM, ACK]
3/23/2020 00:48:16.191   ADDR: 0xD9   DATA: 0x   [ARB: 111, EOM, ACK]
3/23/2020 00:47:26.361   ADDR: 0x01   DATA: 0x0050013   [ARB: 000, EOM, ACK]
3/23/2020 00:47:26.336   ADDR: 0x10   DATA: 0x00002AB2   [ARB: 100, EOM, ACK]
3/23/2020 00:47:26.310   ADDR: 0x50   DATA: 0x05002AB25   [ARB: 000, EOM, ACK]
3/23/2020 00:47:26.274   ADDR: 0x10   DATA: 0x00000032   [ARB: 100, EOM, ACK]
3/23/2020 00:47:26.248   ADDR: 0x50   DATA: 0x050000325   [ARB: 000, EOM, ACK]
3/23/2020 00:47:26.201   ADDR: 0x10   DATA: 0x00001E21   [ARB: 100, EOM, ACK]
3/23/2020 00:47:26.175   ADDR: 0x50   DATA: 0x19001E21   [ARB: 000, EOM, ACK]
3/23/2020 00:47:26.116   ADDR: 0x10   DATA: 0x0000DE41   [ARB: 100, EOM, ACK]
3/23/2020 00:47:26.077   ADDR: 0x50   DATA: 0x1500DE41   [ARB: 000, EOM, ACK]
3/23/2020 00:47:26.040   ADDR: 0x10   DATA: 0x0000DE21   [ARB: 100, EOM, ACK]
3/23/2020 00:47:26.014   ADDR: 0x50   DATA: 0x1700DE21   [ARB: 000, EOM, ACK]
3/23/2020 00:47:25.966   ADDR: 0x10   DATA: 0x0017EFFF   [ARB: 100, EOM, ACK]
3/23/2020 00:47:25.899   ADDR: 0x50   DATA: 0x3B17EFFF   [ARB: 000, EOM, ACK]
3/23/2020 00:47:25.859   ADDR: 0x10   DATA: 0x0017C7FF   [ARB: 100, EOM, ACK]
3/23/2020 00:47:25.832   ADDR: 0x50   DATA: 0x3C17C7FF   [ARB: 000, EOM, ACK]
3/23/2020 00:47:25.767   ADDR: 0x10   DATA: 0x00103800   [ARB: 100, EOM, ACK]
3/23/2020 00:47:25.741   ADDR: 0x50   DATA: 0x3A103800   [ARB: 000, EOM, ACK]
3/23/2020 00:47:25.716   ADDR: 0x10   DATA: 0x00000048   [ARB: 100, EOM, ACK]
3/23/2020 00:47:25.689   ADDR: 0x50   DATA: 0x45000048   [ARB: 000, EOM, ACK]
3/23/2020 00:47:25.653   ADDR: 0x10   DATA: 0x00000430   [ARB: 100, EOM, ACK]
3/23/2020 00:47:25.610   ADDR: 0x50   DATA: 0x0E000430   [ARB: 000, EOM, ACK]
3/23/2020 00:47:25.570   ADDR: 0x10   DATA: 0x00002AB2   [ARB: 100, EOM, ACK]
3/23/2020 00:47:25.532   ADDR: 0x50   DATA: 0x05002AB2   [ARB: 000, EOM, ACK]
3/23/2020 00:47:25.452   ADDR: 0x10   DATA: 0x00000032   [ARB: 100, EOM, ACK]
3/23/2020 00:47:25.427   ADDR: 0x50   DATA: 0x05000032   [ARB: 000, EOM, ACK]
3/23/2020 00:47:25.402   ADDR: 0x10   DATA: 0x0000108F   [ARB: 100, EOM, ACK]
3/23/2020 00:47:25.374   ADDR: 0x50   DATA: 0x1A00108F   [ARB: 000, EOM, ACK]
3/23/2020 00:47:25.327   ADDR: 0x10   DATA: 0x0000D08F   [ARB: 100, EOM, ACK]
3/23/2020 00:47:25.294   ADDR: 0x50   DATA: 0x1800D08F   [ARB: 000, EOM, ACK]
3/23/2020 00:47:25.266   ADDR: 0x10   DATA: 0x0000D08F   [ARB: 100, EOM, ACK]
3/23/2020 00:47:25.224   ADDR: 0x50   DATA: 0x1600D08F   [ARB: 000, EOM, ACK]
3/23/2020 00:47:25.171   ADDR: 0x10   DATA: 0x0000D08F   [ARB: 100, EOM, ACK]
3/23/2020 00:47:25.149   ADDR: 0x50   DATA: 0x1600D08F   [ARB: 000, EOM, ACK]
3/23/2020 00:47:24.902   ADDR: 0x20   DATA: 0x1E001002   [ARB: 000, EOM, ACK]
3/23/2020 00:47:24.862   ADDR: 0x20   DATA: 0x13608451   [ARB: 000, EOM, ACK]
3/23/2020 00:47:24.827   ADDR: 0x20   DATA: 0x1100C001   [ARB: 000, EOM, ACK]
3/23/2020 00:47:24.772   ADDR: 0x20   DATA: 0x0C7AC800   [ARB: 000, EOM, ACK]
3/23/2020 00:47:24.736   ADDR: 0x20   DATA: 0x0B000000   [ARB: 000, EOM, ACK]
3/23/2020 00:47:24.700   ADDR: 0x20   DATA: 0x0A000000   [ARB: 000, EOM, ACK]
3/23/2020 00:47:24.675   ADDR: 0x20   DATA: 0x09000000   [ARB: 000, EOM, ACK]
3/23/2020 00:47:24.634   ADDR: 0x20   DATA: 0x15800000   [ARB: 000, EOM, ACK]
3/23/2020 00:47:24.591   ADDR: 0x20   DATA: 0x14000000   [ARB: 000, EOM, ACK]
3/23/2020 00:47:24.559   ADDR: 0x20   DATA: 0x03040801   [ARB: 000, EOM, ACK]
3/23/2020 00:47:24.524   ADDR: 0x20   DATA: 0x02039FFF   [ARB: 000, EOM, ACK]
3/23/2020 00:47:24.471   ADDR: 0x20   DATA: 0x01C00007   [ARB: 000, EOM, ACK]
3/23/2020 00:47:24.431   ADDR: 0x20   DATA: 0x00000391   [ARB: 000, EOM, ACK]
3/23/2020 00:47:24.388   ADDR: 0x20   DATA: 0x07000810   [ARB: 000, EOM, ACK]
3/23/2020 00:47:24.352   ADDR: 0x20   DATA: 0x08400000   [ARB: 000, EOM, ACK]
3/23/2020 00:47:24.316   ADDR: 0x20   DATA: 0x06001000   [ARB: 000, EOM, ACK]
3/23/2020 00:47:24.279   ADDR: 0x20   DATA: 0x13008451   [ARB: 000, EOM, ACK]
3/23/2020 00:47:24.253   ADDR: 0x20   DATA: 0x1200640C   [ARB: 000, EOM, ACK]
3/23/2020 00:47:24.219   ADDR: 0x20   DATA: 0x1F00000F   [ARB: 000, EOM, ACK]
3/23/2020 00:47:23.432   ADDR: 0x20   DATA: 0x00000011   [ARB: 000, EOM, ACK]
3/23/2020 00:47:23.406   ADDR: 0x20   DATA: 0x00000010   [ARB: 000, EOM, ACK]
3/23/2020 00:47:23.368   ADDR: 0x20   DATA: 0x03040801   [ARB: 000, EOM, ACK]
3/23/2020 00:47:23.334   ADDR: 0x20   DATA: 0x03000801   [ARB: 000, EOM, ACK]
3/23/2020 00:47:23.285   ADDR: 0x30   DATA: 0x00000008   [ARB: 000, EOM, ACK]
3/23/2020 00:47:23.255   ADDR: 0x30   DATA: 0x0000000A   [ARB: 000, EOM, ACK]
3/23/2020 00:47:23.205   ADDR: 0x30   DATA: 0x0400000A   [ARB: 000, EOM, ACK]
3/23/2020 00:47:23.167   ADDR: 0x30   DATA: 0x03FFFFFF   [ARB: 000, EOM, ACK]
3/23/2020 00:47:23.142   ADDR: 0x30   DATA: 0x06000000   [ARB: 000, EOM, ACK]
3/23/2020 00:47:23.100   ADDR: 0x30   DATA: 0x05030010   [ARB: 000, EOM, ACK]
3/23/2020 00:47:23.059   ADDR: 0x30   DATA: 0x0203CEE7   [ARB: 000, EOM, ACK]
3/23/2020 00:47:23.020   ADDR: 0x30   DATA: 0x01003772   [ARB: 000, EOM, ACK]
3/23/2020 00:47:22.979   ADDR: 0x30   DATA: 0x17000011   [ARB: 000, EOM, ACK]
3/23/2020 00:47:22.944   ADDR: 0x30   DATA: 0x20000017   [ARB: 000, EOM, ACK]
3/23/2020 00:47:18.582   ADDR: 0x30   DATA: 0x21E880FF   [ARB: 000, EOM, ACK]
3/23/2020 00:47:18.543   ADDR: 0x30   DATA: 0x2000001F   [ARB: 000, EOM, ACK]
3/23/2020 00:47:18.492   ADDR: 0x30   DATA: 0x2000001E   [ARB: 000, EOM, ACK]
3/23/2020 00:47:18.445   ADDR: 0x30   DATA: 0x20000008   [ARB: 000, EOM, ACK]
3/23/2020 00:47:18.417   ADDR: 0x30   DATA: 0x21C880FF   [ARB: 000, EOM, ACK]
3/23/2020 00:47:18.392   ADDR: 0x30   DATA: 0x40600000   [ARB: 000, EOM, ACK]
3/23/2020 00:47:18.365   ADDR: 0x30   DATA: 0x21E880FF   [ARB: 000, EOM, ACK]
3/23/2020 00:47:18.323   ADDR: 0x30   DATA: 0x223FFEFC   [ARB: 000, EOM, ACK]
3/23/2020 00:47:18.282   ADDR: 0x40   DATA: 0x00000020   [ARB: 000, EOM, ACK]
3/23/2020 00:47:18.241   ADDR: 0x40   DATA: 0x01000902   [ARB: 000, EOM, ACK]
3/23/2020 00:47:18.202   ADDR: 0x10   DATA: 0x00000556   [ARB: 100, EOM, ACK]
3/23/2020 00:47:18.159   ADDR: 0x40   DATA: 0x01000929   [ARB: 000, EOM, ACK]
3/23/2020 00:47:18.112   ADDR: 0x40   DATA: 0x01000828   [ARB: 000, EOM, ACK]
3/23/2020 00:47:18.078   ADDR: 0x40   DATA: 0x0100082A   [ARB: 000, EOM, ACK]
3/23/2020 00:47:18.051   ADDR: 0x40   DATA: 0x0100080A   [ARB: 000, EOM, ACK]
3/23/2020 00:47:18.009   ADDR: 0x40   DATA: 0x00000027   [ARB: 000, EOM, ACK]
3/23/2020 00:47:17.956   ADDR: 0x40   DATA: 0x00000024   [ARB: 000, EOM, ACK]
3/23/2020 00:47:17.920   ADDR: 0x40   DATA: 0x17801007   [ARB: 000, EOM, ACK]
3/23/2020 00:47:17.895   ADDR: 0x40   DATA: 0x17601007   [ARB: 000, EOM, ACK]
3/23/2020 00:47:17.856   ADDR: 0x40   DATA: 0x1A000000   [ARB: 000, EOM, ACK]
3/23/2020 00:47:17.823   ADDR: 0x40   DATA: 0x19000000   [ARB: 000, EOM, ACK]
3/23/2020 00:47:17.380   ADDR: 0x40   DATA: 0x08000017   [ARB: 000, EOM, ACK]
3/23/2020 00:47:12.975   ADDR: 0x40   DATA: 0x096880FF   [ARB: 000, EOM, ACK]
3/23/2020 00:47:12.948   ADDR: 0x40   DATA: 0x0800001F   [ARB: 000, EOM, ACK]
3/23/2020 00:47:12.504   ADDR: 0x40   DATA: 0x0800001E   [ARB: 000, EOM, ACK]
3/23/2020 00:47:12.104   ADDR: 0x40   DATA: 0x08000008   [ARB: 000, EOM, ACK]
3/23/2020 00:47:12.071   ADDR: 0x40   DATA: 0x094880FF   [ARB: 000, EOM, ACK]
3/23/2020 00:47:12.044   ADDR: 0x40   DATA: 0x08000000   [ARB: 000, EOM, ACK]
3/23/2020 00:47:12.001   ADDR: 0x40   DATA: 0x07001000   [ARB: 000, EOM, ACK]
3/23/2020 00:47:11.949   ADDR: 0x40   DATA: 0x01000802   [ARB: 000, EOM, ACK]
3/23/2020 00:47:11.911   ADDR: 0x00   DATA: 0x101700B5   [ARB: 100, EOM, ACK]
3/23/2020 00:47:11.882   ADDR: 0x00   DATA: 0x25   [ARB: 000, EOM, ACK]
3/23/2020 00:47:11.836   ADDR: 0x00   DATA: 0x10230044   [ARB: 100, EOM, ACK]
3/23/2020 00:47:11.801   ADDR: 0x00   DATA: 0x24   [ARB: 000, EOM, ACK]
3/23/2020 00:47:11.762   ADDR: 0x00   DATA: 0x10250013   [ARB: 100, EOM, ACK]
3/23/2020 00:47:11.723   ADDR: 0x00   DATA: 0x23   [ARB: 000, EOM, ACK]
3/23/2020 00:47:11.681   ADDR: 0x00   DATA: 0x10160082   [ARB: 100, EOM, ACK]
3/23/2020 00:47:11.646   ADDR: 0x00   DATA: 0x22   [ARB: 000, EOM, ACK]
3/23/2020 00:47:11.620   ADDR: 0x00   DATA: 0x10130036   [ARB: 100, EOM, ACK]
3/23/2020 00:47:11.580   ADDR: 0x00   DATA: 0x26   [ARB: 000, EOM, ACK]
3/23/2020 00:46:44.524   ADDR: 0x   DATA: 0x   [ARB: 111, TRX Error (01)]
